TpTrace Information: 0 : 15080, 1, 2019/07/03, 13:20:44.399, 17979381461910, vstest.console.dll, Using .Net Framework version:.NETCoreApp,Version=v2.0
TpTrace Information: 0 : 15080, 1, 2019/07/03, 13:20:44.423, 17979381643848, vstest.console.dll, InferRunSettingsHelper.IsTestSettingsEnabled: Unable to navigate to RunSettings/MSTest. Current node: RunSettings
TpTrace Verbose: 0 : 15080, 1, 2019/07/03, 13:20:44.472, 17979382132782, vstest.console.dll, TestPluginCache.DiscoverTestExtensions: finding test extensions in assemblies endswith: RuntimeProvider.dll TPluginInfo: Microsoft.VisualStudio.TestPlatform.Common.ExtensionFramework.Utilities.TestRuntimePluginInformation TExtension: Microsoft.VisualStudio.TestPlatform.ObjectModel.Host.ITestRuntimeProvider
TpTrace Verbose: 0 : 15080, 1, 2019/07/03, 13:20:44.474, 17979382149652, vstest.console.dll, TestPluginCache.GetExtensionPaths: Filtered extension paths: 
TpTrace Verbose: 0 : 15080, 1, 2019/07/03, 13:20:44.475, 17979382161667, vstest.console.dll, TestPluginCache.GetExtensionPaths: Added default extension paths: C:\Program Files\dotnet\sdk\2.2.100-preview2-009404\Extensions\Microsoft.TestPlatform.Extensions.BlameDataCollector.dll
C:\Program Files\dotnet\sdk\2.2.100-preview2-009404\Extensions\Microsoft.TestPlatform.Extensions.EventLogCollector.dll
C:\Program Files\dotnet\sdk\2.2.100-preview2-009404\Extensions\Microsoft.TestPlatform.TestHostRuntimeProvider.dll
C:\Program Files\dotnet\sdk\2.2.100-preview2-009404\Extensions\Microsoft.VisualStudio.TestPlatform.Extensions.Trx.TestLogger.dll
TpTrace Verbose: 0 : 15080, 1, 2019/07/03, 13:20:44.475, 17979382164419, vstest.console.dll, TestPluginCache.GetExtensionPaths: Added unfilterableExtensionPaths: 
TpTrace Information: 0 : 15080, 1, 2019/07/03, 13:20:44.479, 17979382197201, vstest.console.dll, AssemblyResolver.ctor: Creating AssemblyResolver with searchDirectories C:\Program Files\dotnet\sdk\2.2.100-preview2-009404\Extensions,C:\Program Files\dotnet\sdk\2.2.100-preview2-009404
TpTrace Verbose: 0 : 15080, 1, 2019/07/03, 13:20:44.482, 17979382233471, vstest.console.dll, TestPluginCache.DiscoverTestExtensions: Discovering the extensions using extension path.
TpTrace Verbose: 0 : 15080, 1, 2019/07/03, 13:20:44.483, 17979382238388, vstest.console.dll, TestPluginCache.GetExtensionPaths: Filtered extension paths: 
TpTrace Verbose: 0 : 15080, 1, 2019/07/03, 13:20:44.483, 17979382240899, vstest.console.dll, TestPluginCache.GetExtensionPaths: Added default extension paths: C:\Program Files\dotnet\sdk\2.2.100-preview2-009404\Extensions\Microsoft.TestPlatform.Extensions.BlameDataCollector.dll
C:\Program Files\dotnet\sdk\2.2.100-preview2-009404\Extensions\Microsoft.TestPlatform.Extensions.EventLogCollector.dll
C:\Program Files\dotnet\sdk\2.2.100-preview2-009404\Extensions\Microsoft.TestPlatform.TestHostRuntimeProvider.dll
C:\Program Files\dotnet\sdk\2.2.100-preview2-009404\Extensions\Microsoft.VisualStudio.TestPlatform.Extensions.Trx.TestLogger.dll
TpTrace Verbose: 0 : 15080, 1, 2019/07/03, 13:20:44.483, 17979382243154, vstest.console.dll, TestPluginCache.GetExtensionPaths: Added unfilterableExtensionPaths: 
TpTrace Verbose: 0 : 15080, 1, 2019/07/03, 13:20:44.484, 17979382245993, vstest.console.dll, TestPluginCache.DiscoverTestExtensions: Discovering the extensions using allExtensionPaths: C:\Program Files\dotnet\sdk\2.2.100-preview2-009404\Extensions\Microsoft.TestPlatform.Extensions.BlameDataCollector.dll
C:\Program Files\dotnet\sdk\2.2.100-preview2-009404\Extensions\Microsoft.TestPlatform.Extensions.EventLogCollector.dll
C:\Program Files\dotnet\sdk\2.2.100-preview2-009404\Extensions\Microsoft.TestPlatform.TestHostRuntimeProvider.dll
C:\Program Files\dotnet\sdk\2.2.100-preview2-009404\Extensions\Microsoft.VisualStudio.TestPlatform.Extensions.Trx.TestLogger.dll
TpTrace Information: 0 : 15080, 1, 2019/07/03, 13:20:44.484, 17979382249721, vstest.console.dll, AssemblyResolver.AddSearchDirectories: Adding more searchDirectories C:\Program Files\dotnet\sdk\2.2.100-preview2-009404\Extensions,C:\Program Files\dotnet\sdk\2.2.100-preview2-009404
TpTrace Information: 0 : 15080, 1, 2019/07/03, 13:20:44.484, 17979382254347, vstest.console.dll, AssemblyResolver.AddSearchDirectories: Adding more searchDirectories C:\Program Files\dotnet\sdk\2.2.100-preview2-009404\Extensions,C:\Program Files\dotnet\sdk\2.2.100-preview2-009404
TpTrace Information: 0 : 15080, 1, 2019/07/03, 13:20:44.485, 17979382256802, vstest.console.dll, AssemblyResolver.AddSearchDirectories: Adding more searchDirectories C:\Program Files\dotnet\sdk\2.2.100-preview2-009404\Extensions,C:\Program Files\dotnet\sdk\2.2.100-preview2-009404
TpTrace Information: 0 : 15080, 1, 2019/07/03, 13:20:44.485, 17979382258929, vstest.console.dll, AssemblyResolver.AddSearchDirectories: Adding more searchDirectories C:\Program Files\dotnet\sdk\2.2.100-preview2-009404\Extensions,C:\Program Files\dotnet\sdk\2.2.100-preview2-009404
TpTrace Information: 0 : 15080, 1, 2019/07/03, 13:20:44.486, 17979382272358, vstest.console.dll, AssemblyResolver.OnResolve: Microsoft.TestPlatform.Extensions.BlameDataCollector: Resolving assembly.
TpTrace Information: 0 : 15080, 1, 2019/07/03, 13:20:44.489, 17979382296476, vstest.console.dll, AssemblyResolver.OnResolve: Resolved assembly: Microsoft.TestPlatform.Extensions.BlameDataCollector, from path: C:\Program Files\dotnet\sdk\2.2.100-preview2-009404\Extensions\Microsoft.TestPlatform.Extensions.BlameDataCollector.dll
TpTrace Information: 0 : 15080, 1, 2019/07/03, 13:20:44.491, 17979382321982, vstest.console.dll, AssemblyResolver.OnResolve: Microsoft.TestPlatform.Extensions.EventLogCollector: Resolving assembly.
TpTrace Information: 0 : 15080, 1, 2019/07/03, 13:20:44.493, 17979382337169, vstest.console.dll, AssemblyResolver.OnResolve: Resolved assembly: Microsoft.TestPlatform.Extensions.EventLogCollector, from path: C:\Program Files\dotnet\sdk\2.2.100-preview2-009404\Extensions\Microsoft.TestPlatform.Extensions.EventLogCollector.dll
TpTrace Information: 0 : 15080, 1, 2019/07/03, 13:20:44.497, 17979382377856, vstest.console.dll, AssemblyResolver.OnResolve: Microsoft.TestPlatform.TestHostRuntimeProvider: Resolving assembly.
TpTrace Information: 0 : 15080, 1, 2019/07/03, 13:20:44.499, 17979382403772, vstest.console.dll, AssemblyResolver.OnResolve: Resolved assembly: Microsoft.TestPlatform.TestHostRuntimeProvider, from path: C:\Program Files\dotnet\sdk\2.2.100-preview2-009404\Extensions\Microsoft.TestPlatform.TestHostRuntimeProvider.dll
TpTrace Information: 0 : 15080, 1, 2019/07/03, 13:20:44.502, 17979382434675, vstest.console.dll, AssemblyResolver.OnResolve: Microsoft.VisualStudio.TestPlatform.Extensions.Trx.TestLogger: Resolving assembly.
TpTrace Information: 0 : 15080, 1, 2019/07/03, 13:20:44.504, 17979382453151, vstest.console.dll, AssemblyResolver.OnResolve: Resolved assembly: Microsoft.VisualStudio.TestPlatform.Extensions.Trx.TestLogger, from path: C:\Program Files\dotnet\sdk\2.2.100-preview2-009404\Extensions\Microsoft.VisualStudio.TestPlatform.Extensions.Trx.TestLogger.dll
TpTrace Verbose: 0 : 15080, 1, 2019/07/03, 13:20:44.515, 17979382557682, vstest.console.dll, TestPluginCache: Discovered the extensions using extension path ''.
TpTrace Verbose: 0 : 15080, 1, 2019/07/03, 13:20:44.515, 17979382561320, vstest.console.dll, TestPluginCache: Discoverers are ''.
TpTrace Verbose: 0 : 15080, 1, 2019/07/03, 13:20:44.515, 17979382563482, vstest.console.dll, TestPluginCache: Executors are ''.
TpTrace Verbose: 0 : 15080, 1, 2019/07/03, 13:20:44.516, 17979382568476, vstest.console.dll, TestPluginCache: Setting providers are ''.
TpTrace Verbose: 0 : 15080, 1, 2019/07/03, 13:20:44.516, 17979382571260, vstest.console.dll, TestPluginCache: Loggers are ''.
TpTrace Information: 0 : 15080, 1, 2019/07/03, 13:20:44.556, 17979382970545, vstest.console.dll, RunTestsArgumentProcessor:Execute: Test run is starting.
TpTrace Verbose: 0 : 15080, 1, 2019/07/03, 13:20:44.564, 17979383054046, vstest.console.dll, RunTestsArgumentProcessor:Execute: Queuing Test run.
TpTrace Information: 0 : 15080, 1, 2019/07/03, 13:20:44.565, 17979383062968, vstest.console.dll, TestRequestManager.RunTests: run tests started.
TpTrace Information: 0 : 15080, 1, 2019/07/03, 13:20:44.684, 17979384246766, vstest.console.dll, AssemblyMetadataProvider.GetFrameWork: Determined framework:'.NETCoreApp,Version=v2.0' for source: 'D:\projects\DevStudio\DevStudio.Core.UnitTest\bin\Debug\netcoreapp2.0\Microsoft.Carina.KG.DevStudio.Core.UnitTest.dll'
TpTrace Information: 0 : 15080, 1, 2019/07/03, 13:20:44.684, 17979384251498, vstest.console.dll, Determined framework for all sources: .NETCoreApp,Version=v2.0
TpTrace Information: 0 : 15080, 1, 2019/07/03, 13:20:44.687, 17979384280460, vstest.console.dll, AssemblyMetadataProvider.GetArchitecture: Determined architecture:AnyCPU info for assembly: D:\projects\DevStudio\DevStudio.Core.UnitTest\bin\Debug\netcoreapp2.0\Microsoft.Carina.KG.DevStudio.Core.UnitTest.dll
TpTrace Information: 0 : 15080, 1, 2019/07/03, 13:20:44.694, 17979384351744, vstest.console.dll, Determined platform for all sources: X86
TpTrace Information: 0 : 15080, 1, 2019/07/03, 13:20:44.700, 17979384407933, vstest.console.dll, Compatible sources list : 
TpTrace Information: 0 : 15080, 1, 2019/07/03, 13:20:44.700, 17979384410689, vstest.console.dll, D:\projects\DevStudio\DevStudio.Core.UnitTest\bin\Debug\netcoreapp2.0\Microsoft.Carina.KG.DevStudio.Core.UnitTest.dll
TpTrace Information: 0 : 15080, 1, 2019/07/03, 13:20:44.708, 17979384493677, vstest.console.dll, InferRunSettingsHelper.IsTestSettingsEnabled: Unable to navigate to RunSettings/MSTest. Current node: RunSettings
TpTrace Information: 0 : 15080, 1, 2019/07/03, 13:20:44.753, 17979384939303, vstest.console.dll, TestPluginManager.CreateTestExtension: Attempting to load test extension: Microsoft.VisualStudio.TestPlatform.CrossPlatEngine.Hosting.DefaultTestHostManager
TpTrace Information: 0 : 15080, 1, 2019/07/03, 13:20:44.754, 17979384946044, vstest.console.dll, TestPluginManager.CreateTestExtension: Attempting to load test extension: Microsoft.VisualStudio.TestPlatform.CrossPlatEngine.Hosting.DotnetTestHostManager
TpTrace Verbose: 0 : 15080, 1, 2019/07/03, 13:20:44.754, 17979384954343, vstest.console.dll, TestEngine: Initializing Parallel Execution as MaxCpuCount is set to: 1
TpTrace Information: 0 : 15080, 1, 2019/07/03, 13:20:44.755, 17979384963322, vstest.console.dll, InferRunSettingsHelper.IsTestSettingsEnabled: Unable to navigate to RunSettings/MSTest. Current node: RunSettings
TpTrace Verbose: 0 : 15080, 1, 2019/07/03, 13:20:44.778, 17979385189604, vstest.console.dll, TestRequestSender is acting as server
TpTrace Verbose: 0 : 15080, 4, 2019/07/03, 13:20:44.786, 17979385267900, vstest.console.dll, DataCollectionRequestSender.InitializeCommunication : Initialize communication. 
TpTrace Information: 0 : 15080, 4, 2019/07/03, 13:20:44.827, 17979385676913, vstest.console.dll, Listening on Endpoint : 127.0.0.1:50135
TpTrace Verbose: 0 : 15080, 4, 2019/07/03, 13:20:44.844, 17979385850972, vstest.console.dll, DotnetDataCollectionLauncher: Full path of dotnet.exe is C:\Program Files\dotnet\dotnet.exe
TpTrace Verbose: 0 : 15080, 4, 2019/07/03, 13:20:44.845, 17979385857914, vstest.console.dll, DotnetDataCollectionLauncher: Adding  --runtimeconfig "C:\Program Files\dotnet\sdk\2.2.100-preview2-009404\datacollector.runtimeconfig.json" in args
TpTrace Verbose: 0 : 15080, 4, 2019/07/03, 13:20:44.845, 17979385862100, vstest.console.dll, DotnetDataCollectionLauncher: Adding  --depsfile "C:\Program Files\dotnet\sdk\2.2.100-preview2-009404\datacollector.deps.json" in args
TpTrace Information: 0 : 15080, 4, 2019/07/03, 13:20:44.869, 17979386098668, vstest.console.dll, ProxyDataCollectionManager.Initialize: Launched datacollector processId: 29204 port: 50135
TpTrace Information: 0 : 15080, 4, 2019/07/03, 13:20:44.870, 17979386107137, vstest.console.dll, ProxyDataCollectionManager.Initialize: waiting for connection with timeout: 90 seconds
TpTrace Verbose: 0 : 15080, 4, 2019/07/03, 13:20:44.870, 17979386113232, vstest.console.dll, DataCollectionRequestSender.WaitForRequestHandlerConnection : Waiting for connection with timeout: 90000
TpTrace Information: 0 : 15080, 7, 2019/07/03, 13:20:45.145, 17979388861250, vstest.console.dll, Using the buffer size of 16384 bytes
TpTrace Verbose: 0 : 15080, 4, 2019/07/03, 13:20:45.145, 17979388862309, vstest.console.dll, ProxyDataCollectionManager.InvokeDataCollectionServiceAction: Starting.
TpTrace Information: 0 : 15080, 7, 2019/07/03, 13:20:45.145, 17979388864998, vstest.console.dll, Accepted Client request and set the flag
TpTrace Information: 0 : 15080, 4, 2019/07/03, 13:20:45.146, 17979388868747, vstest.console.dll, ProxyDataCollectionManager.BeforeTestRunStart: Get env variable and port for datacollector processId: 29204 port: 50135
TpTrace Verbose: 0 : 15080, 4, 2019/07/03, 13:20:45.146, 17979388872980, vstest.console.dll, DataCollectionRequestSender.SendBeforeTestRunStartAndGetResult : Send BeforeTestRunStart message with settingsXml: <RunSettings><RunConfiguration><ResultsDirectory>D:\projects\DevStudio\DevStudio.Core.UnitTest\TestResults</ResultsDirectory><TargetPlatform>X86</TargetPlatform><TargetFrameworkVersion>.NETCoreApp,Version=v2.0</TargetFrameworkVersion><TestAdaptersPaths>C:\Users\yize\.nuget\packages\microsoft.codecoverage\15.8.0\build\netstandard1.0\;C:\Program Files\dotnet\sdk\2.2.100-preview2-009404\Extensions</TestAdaptersPaths><DesignMode>False</DesignMode><CollectSourceInformation>False</CollectSourceInformation></RunConfiguration><DataCollectionRunSettings><DataCollectors><DataCollector friendlyName="Code Coverage" enabled="True" /></DataCollectors></DataCollectionRunSettings><LoggerRunSettings><Loggers><Logger friendlyName="Console" uri="logger://microsoft/TestPlatform/ConsoleLogger/v1" assemblyQualifiedName="Microsoft.VisualStudio.TestPlatform.CommandLine.Internal.ConsoleLogger, vstest.console, Version=15.0.0.0, Culture=neutral, PublicKeyToken=b03f5f7f11d50a3a" codeBase="C:\Program Files\dotnet\sdk\2.2.100-preview2-009404\vstest.console.dll" enabled="True" /></Loggers></LoggerRunSettings></RunSettings>
TpTrace Verbose: 0 : 15080, 4, 2019/07/03, 13:20:45.307, 17979390483026, vstest.console.dll, DataCollectionRequestSender.SendBeforeTestRunStartAndGetResult : Received message: (DataCollection.SendMessage) -> {
  "FriendlyName": null,
  "Uri": null,
  "TestCaseId": "00000000-0000-0000-0000-000000000000",
  "Message": "Logging DataCollector Diagnostics in file: D:\\projects\\DevStudio\\DevStudio.Core.UnitTest\\log.datacollector.19-07-03_13-20-44_84329_4.txt",
  "Level": 0
}
TpTrace Verbose: 0 : 15080, 4, 2019/07/03, 13:20:45.566, 17979393070903, vstest.console.dll, DataCollectionRequestSender.SendBeforeTestRunStartAndGetResult : Received message: (DataCollection.BeforeTestRunStartResult) -> {
  "EnvironmentVariables": {
    "CORECLR_ENABLE_PROFILING": "1",
    "CORECLR_PROFILER_PATH_32": "C:\\Users\\yize\\.nuget\\packages\\microsoft.codecoverage\\15.8.0\\build\\netstandard1.0\\CodeCoverage\\covrun32.dll",
    "CORECLR_PROFILER_PATH_64": "C:\\Users\\yize\\.nuget\\packages\\microsoft.codecoverage\\15.8.0\\build\\netstandard1.0\\CodeCoverage\\amd64\\covrun64.dll",
    "CORECLR_PROFILER": "{E5F256DC-7959-4DD6-8E4F-C11150AB28E0}",
    "CODE_COVERAGE_SESSION_NAME": "123e0d05-311d-4dd9-9288-8b33eadd0c76",
    "COR_ENABLE_PROFILING": "1",
    "COR_PROFILER_PATH_32": "C:\\Users\\yize\\.nuget\\packages\\microsoft.codecoverage\\15.8.0\\build\\netstandard1.0\\CodeCoverage\\covrun32.dll",
    "COR_PROFILER_PATH_64": "C:\\Users\\yize\\.nuget\\packages\\microsoft.codecoverage\\15.8.0\\build\\netstandard1.0\\CodeCoverage\\amd64\\covrun64.dll",
    "COR_PROFILER": "{E5F256DC-7959-4DD6-8E4F-C11150AB28E0}"
  },
  "DataCollectionEventsPort": 0
}
TpTrace Information: 0 : 15080, 4, 2019/07/03, 13:20:45.581, 17979393218474, vstest.console.dll, ProxyDataCollectionManager.BeforeTestRunStart: SendBeforeTestRunStartAndGetResult successful, env variable from datacollector: [CORECLR_ENABLE_PROFILING, 1];[CORECLR_PROFILER_PATH_32, C:\Users\yize\.nuget\packages\microsoft.codecoverage\15.8.0\build\netstandard1.0\CodeCoverage\covrun32.dll];[CORECLR_PROFILER_PATH_64, C:\Users\yize\.nuget\packages\microsoft.codecoverage\15.8.0\build\netstandard1.0\CodeCoverage\amd64\covrun64.dll];[CORECLR_PROFILER, {E5F256DC-7959-4DD6-8E4F-C11150AB28E0}];[CODE_COVERAGE_SESSION_NAME, 123e0d05-311d-4dd9-9288-8b33eadd0c76];[COR_ENABLE_PROFILING, 1];[COR_PROFILER_PATH_32, C:\Users\yize\.nuget\packages\microsoft.codecoverage\15.8.0\build\netstandard1.0\CodeCoverage\covrun32.dll];[COR_PROFILER_PATH_64, C:\Users\yize\.nuget\packages\microsoft.codecoverage\15.8.0\build\netstandard1.0\CodeCoverage\amd64\covrun64.dll];[COR_PROFILER, {E5F256DC-7959-4DD6-8E4F-C11150AB28E0}]  and testhost port: 0
TpTrace Information: 0 : 15080, 4, 2019/07/03, 13:20:45.581, 17979393221444, vstest.console.dll, ProxyDataCollectionManager.InvokeDataCollectionServiceAction: Completed.
TpTrace Verbose: 0 : 15080, 1, 2019/07/03, 13:20:45.582, 17979393228093, vstest.console.dll, TestRunRequest.ExecuteAsync: Creating test run request.
TpTrace Verbose: 0 : 15080, 1, 2019/07/03, 13:20:45.582, 17979393235031, vstest.console.dll, TestRunRequest.ExecuteAsync: Starting.
TpTrace Information: 0 : 15080, 1, 2019/07/03, 13:20:45.583, 17979393238698, vstest.console.dll, TestRunRequest.ExecuteAsync: Starting run with settings:TestRunCriteria:
   KeepAlive=False,FrequencyOfRunStatsChangeEvent=10,RunStatsChangeEventTimeout=00:00:01.5000000,TestCaseFilter=,TestExecutorLauncher=
   Settingsxml=<RunSettings>
  <RunConfiguration>
    <ResultsDirectory>D:\projects\DevStudio\DevStudio.Core.UnitTest\TestResults</ResultsDirectory>
    <TargetPlatform>X86</TargetPlatform>
    <TargetFrameworkVersion>.NETCoreApp,Version=v2.0</TargetFrameworkVersion>
    <TestAdaptersPaths>C:\Users\yize\.nuget\packages\microsoft.codecoverage\15.8.0\build\netstandard1.0\</TestAdaptersPaths>
    <DesignMode>False</DesignMode>
    <CollectSourceInformation>False</CollectSourceInformation>
  </RunConfiguration>
  <DataCollectionRunSettings>
    <DataCollectors>
      <DataCollector friendlyName="Code Coverage" enabled="True" />
    </DataCollectors>
  </DataCollectionRunSettings>
  <LoggerRunSettings>
    <Loggers>
      <Logger friendlyName="Console" uri="logger://microsoft/TestPlatform/ConsoleLogger/v1" assemblyQualifiedName="Microsoft.VisualStudio.TestPlatform.CommandLine.Internal.ConsoleLogger, vstest.console, Version=15.0.0.0, Culture=neutral, PublicKeyToken=b03f5f7f11d50a3a" codeBase="C:\Program Files\dotnet\sdk\2.2.100-preview2-009404\vstest.console.dll" enabled="True" />
    </Loggers>
  </LoggerRunSettings>
</RunSettings>

TpTrace Verbose: 0 : 15080, 1, 2019/07/03, 13:20:45.583, 17979393240201, vstest.console.dll, TestRunRequest.ExecuteAsync: Wait for the first run request is over.
TpTrace Verbose: 0 : 15080, 1, 2019/07/03, 13:20:45.584, 17979393247745, vstest.console.dll, ParallelProxyExecutionManager: Start execution. Total sources: 1
TpTrace Information: 0 : 15080, 1, 2019/07/03, 13:20:45.585, 17979393257164, vstest.console.dll, ProxyParallelExecutionManager: Triggering test run for next source: D:\projects\DevStudio\DevStudio.Core.UnitTest\bin\Debug\netcoreapp2.0\Microsoft.Carina.KG.DevStudio.Core.UnitTest.dll
TpTrace Verbose: 0 : 15080, 1, 2019/07/03, 13:20:45.585, 17979393259875, vstest.console.dll, ProxyParallelExecutionManager: No sources available for execution.
TpTrace Verbose: 0 : 15080, 4, 2019/07/03, 13:20:45.585, 17979393260404, vstest.console.dll, ParallelProxyExecutionManager: Execution started. Started clients: 1
TpTrace Information: 0 : 15080, 1, 2019/07/03, 13:20:45.585, 17979393261403, vstest.console.dll, TestRunRequest.ExecuteAsync: Started.
TpTrace Verbose: 0 : 15080, 1, 2019/07/03, 13:20:45.585, 17979393265567, vstest.console.dll, TestRunRequest.WaitForCompletion: Waiting with timeout -1.
TpTrace Verbose: 0 : 15080, 4, 2019/07/03, 13:20:45.586, 17979393269025, vstest.console.dll, TestRunRequest:SendTestRunMessage: Starting.
TpTrace Information: 0 : 15080, 4, 2019/07/03, 13:20:45.586, 17979393273287, vstest.console.dll, TestRunRequest:SendTestRunMessage: Completed.
TpTrace Verbose: 0 : 15080, 4, 2019/07/03, 13:20:45.587, 17979393278091, vstest.console.dll, ProxyExecutionManager: Test host is always Lazy initialize.
TpTrace Verbose: 0 : 15080, 4, 2019/07/03, 13:20:45.587, 17979393282811, vstest.console.dll, TestRequestSender.InitializeCommunication: initialize communication. 
TpTrace Information: 0 : 15080, 4, 2019/07/03, 13:20:45.590, 17979393308965, vstest.console.dll, SocketServer.Start: Listening on endpoint : 127.0.0.1:50139
TpTrace Verbose: 0 : 15080, 4, 2019/07/03, 13:20:45.591, 17979393321378, vstest.console.dll, DotnetTestHostmanager: Full path of dotnet.exe is C:\Program Files\dotnet\dotnet.exe
TpTrace Verbose: 0 : 15080, 4, 2019/07/03, 13:20:45.591, 17979393325674, vstest.console.dll, DotnetTestHostmanager: Adding  --runtimeconfig "D:\projects\DevStudio\DevStudio.Core.UnitTest\bin\Debug\netcoreapp2.0\Microsoft.Carina.KG.DevStudio.Core.UnitTest.runtimeconfig.json" in args
TpTrace Verbose: 0 : 15080, 4, 2019/07/03, 13:20:45.592, 17979393328131, vstest.console.dll, DotnetTestHostmanager: Adding  --depsfile "D:\projects\DevStudio\DevStudio.Core.UnitTest\bin\Debug\netcoreapp2.0\Microsoft.Carina.KG.DevStudio.Core.UnitTest.deps.json" in args
TpTrace Information: 0 : 15080, 4, 2019/07/03, 13:20:45.592, 17979393331296, vstest.console.dll, AssemblyResolver.OnResolve: Microsoft.Extensions.DependencyModel: Resolving assembly.
TpTrace Information: 0 : 15080, 4, 2019/07/03, 13:20:45.594, 17979393346812, vstest.console.dll, AssemblyResolver.OnResolve: Resolved assembly: Microsoft.Extensions.DependencyModel, from path: C:\Program Files\dotnet\sdk\2.2.100-preview2-009404\Microsoft.Extensions.DependencyModel.dll
TpTrace Verbose: 0 : 15080, 4, 2019/07/03, 13:20:45.594, 17979393352166, vstest.console.dll, DotnetTestHostmanager: Reading file D:\projects\DevStudio\DevStudio.Core.UnitTest\bin\Debug\netcoreapp2.0\Microsoft.Carina.KG.DevStudio.Core.UnitTest.deps.json to get path of testhost.dll
TpTrace Verbose: 0 : 15080, 4, 2019/07/03, 13:20:45.643, 17979393842030, vstest.console.dll, DotnetTestHostmanager: Relative path of testhost.dll with respect to package folder is microsoft.testplatform.testhost/15.8.0\lib/netstandard1.5/testhost.dll
TpTrace Verbose: 0 : 15080, 4, 2019/07/03, 13:20:45.645, 17979393859732, vstest.console.dll, DotnetTestHostmanager: Looking for path microsoft.testplatform.testhost/15.8.0\lib/netstandard1.5/testhost.dll in folder C:\Users\yize\.dotnet\store\|arch|\|tfm|
TpTrace Verbose: 0 : 15080, 4, 2019/07/03, 13:20:45.645, 17979393863618, vstest.console.dll, DotnetTestHostmanager: Looking for path microsoft.testplatform.testhost/15.8.0\lib/netstandard1.5/testhost.dll in folder C:\Users\yize\.nuget\packages
TpTrace Verbose: 0 : 15080, 4, 2019/07/03, 13:20:45.646, 17979393868558, vstest.console.dll, DotnetTestHostmanager: Full path of testhost.dll is C:\Users\yize\.nuget\packages\microsoft.testplatform.testhost/15.8.0\lib/netstandard1.5/testhost.dll
TpTrace Verbose: 0 : 15080, 6, 2019/07/03, 13:20:45.648, 17979393886878, vstest.console.dll, DotnetTestHostManager: Starting process 'C:\Program Files\dotnet\dotnet.exe' with command line 'exec --runtimeconfig "D:\projects\DevStudio\DevStudio.Core.UnitTest\bin\Debug\netcoreapp2.0\Microsoft.Carina.KG.DevStudio.Core.UnitTest.runtimeconfig.json" --depsfile "D:\projects\DevStudio\DevStudio.Core.UnitTest\bin\Debug\netcoreapp2.0\Microsoft.Carina.KG.DevStudio.Core.UnitTest.deps.json" "C:\Users\yize\.nuget\packages\microsoft.testplatform.testhost/15.8.0\lib/netstandard1.5/testhost.dll" --port 50139 --endpoint 127.0.0.1:050139 --role client --parentprocessid 15080 --diag "D:\projects\DevStudio\DevStudio.Core.UnitTest\log.host.19-07-03_13-20-45_59090_4.txt" --tracelevel 4 --datacollectionport 0 --telemetryoptedin false'
TpTrace Verbose: 0 : 15080, 6, 2019/07/03, 13:20:45.658, 17979393988903, vstest.console.dll, Test Runtime launched
TpTrace Verbose: 0 : 15080, 4, 2019/07/03, 13:20:45.659, 17979393999662, vstest.console.dll, TestRequestSender.WaitForRequestHandlerConnection: waiting for connection with timeout: 90000
TpTrace Verbose: 0 : 15080, 6, 2019/07/03, 13:20:46.081, 17979398216039, vstest.console.dll, SocketServer.OnClientConnected: Client connected for endPoint: 127.0.0.1:50139, starting MessageLoopAsync:
TpTrace Verbose: 0 : 15080, 6, 2019/07/03, 13:20:46.082, 17979398226251, vstest.console.dll, TcpClientExtensions.MessageLoopAsync: Polling on remoteEndPoint: 127.0.0.1:50140 localEndPoint: 127.0.0.1:50139
TpTrace Verbose: 0 : 15080, 6, 2019/07/03, 13:20:46.507, 17979402479486, vstest.console.dll, TcpClientExtensions.MessageLoopAsync: NotifyDataAvailable remoteEndPoint: 127.0.0.1:50140 localEndPoint: 127.0.0.1:50139
TpTrace Verbose: 0 : 15080, 6, 2019/07/03, 13:20:46.508, 17979402489316, vstest.console.dll, TestRequestSender.CheckVersionWithTestHost: onMessageReceived received message: (ProtocolVersion) -> 2
TpTrace Verbose: 0 : 15080, 6, 2019/07/03, 13:20:46.509, 17979402499714, vstest.console.dll, TcpClientExtensions.MessageLoopAsync: Polling on remoteEndPoint: 127.0.0.1:50140 localEndPoint: 127.0.0.1:50139
TpTrace Verbose: 0 : 15080, 4, 2019/07/03, 13:20:46.509, 17979402502950, vstest.console.dll, TestPluginCache.GetExtensionPaths: Filtered extension paths: 
TpTrace Verbose: 0 : 15080, 4, 2019/07/03, 13:20:46.510, 17979402505862, vstest.console.dll, TestPluginCache.GetExtensionPaths: Added default extension paths: C:\Program Files\dotnet\sdk\2.2.100-preview2-009404\Extensions\Microsoft.TestPlatform.Extensions.BlameDataCollector.dll
C:\Program Files\dotnet\sdk\2.2.100-preview2-009404\Extensions\Microsoft.TestPlatform.Extensions.EventLogCollector.dll
C:\Program Files\dotnet\sdk\2.2.100-preview2-009404\Extensions\Microsoft.TestPlatform.TestHostRuntimeProvider.dll
C:\Program Files\dotnet\sdk\2.2.100-preview2-009404\Extensions\Microsoft.VisualStudio.TestPlatform.Extensions.Trx.TestLogger.dll
TpTrace Verbose: 0 : 15080, 4, 2019/07/03, 13:20:46.510, 17979402508147, vstest.console.dll, TestPluginCache.GetExtensionPaths: Added unfilterableExtensionPaths: 
TpTrace Verbose: 0 : 15080, 4, 2019/07/03, 13:20:46.518, 17979402593741, vstest.console.dll, TestRequestSender.InitializeExecution: Sending initializing execution with message: {"Version":2,"MessageType":"TestExecution.Initialize","Payload":["D:\\projects\\DevStudio\\DevStudio.Core.UnitTest\\bin\\Debug\\netcoreapp2.0\\Microsoft.VisualStudio.TestPlatform.MSTest.TestAdapter.dll"]}
TpTrace Verbose: 0 : 15080, 6, 2019/07/03, 13:20:46.533, 17979402738517, vstest.console.dll, TcpClientExtensions.MessageLoopAsync: NotifyDataAvailable remoteEndPoint: 127.0.0.1:50140 localEndPoint: 127.0.0.1:50139
TpTrace Verbose: 0 : 15080, 6, 2019/07/03, 13:20:46.533, 17979402741180, vstest.console.dll, TestRequestSender.OnExecutionMessageReceived: Received message: {"Version":2,"MessageType":"TestSession.Message","Payload":{"MessageLevel":0,"Message":"Logging TestHost Diagnostics in file: D:\\projects\\DevStudio\\DevStudio.Core.UnitTest\\log.host.19-07-03_13-20-45_59090_4.txt"}}
TpTrace Verbose: 0 : 15080, 6, 2019/07/03, 13:20:46.536, 17979402774976, vstest.console.dll, TestRunRequest:SendTestRunMessage: Starting.
TpTrace Information: 0 : 15080, 6, 2019/07/03, 13:20:46.537, 17979402777534, vstest.console.dll, TestRunRequest:SendTestRunMessage: Completed.
TpTrace Verbose: 0 : 15080, 6, 2019/07/03, 13:20:46.537, 17979402778943, vstest.console.dll, TcpClientExtensions.MessageLoopAsync: Polling on remoteEndPoint: 127.0.0.1:50140 localEndPoint: 127.0.0.1:50139
TpTrace Verbose: 0 : 15080, 4, 2019/07/03, 13:20:46.537, 17979402782650, vstest.console.dll, TestRequestSender.StartTestRun: Sending test run with message: {"Version":2,"MessageType":"TestExecution.StartWithSources","Payload":{"AdapterSourceMap":{"_none_":["D:\\projects\\DevStudio\\DevStudio.Core.UnitTest\\bin\\Debug\\netcoreapp2.0\\Microsoft.Carina.KG.DevStudio.Core.UnitTest.dll"]},"RunSettings":"<RunSettings>\r\n  <RunConfiguration>\r\n    <ResultsDirectory>D:\\projects\\DevStudio\\DevStudio.Core.UnitTest\\TestResults</ResultsDirectory>\r\n    <TargetPlatform>X86</TargetPlatform>\r\n    <TargetFrameworkVersion>.NETCoreApp,Version=v2.0</TargetFrameworkVersion>\r\n    <TestAdaptersPaths>C:\\Users\\yize\\.nuget\\packages\\microsoft.codecoverage\\15.8.0\\build\\netstandard1.0\\</TestAdaptersPaths>\r\n    <DesignMode>False</DesignMode>\r\n    <CollectSourceInformation>False</CollectSourceInformation>\r\n  </RunConfiguration>\r\n  <DataCollectionRunSettings>\r\n    <DataCollectors>\r\n      <DataCollector friendlyName=\"Code Coverage\" enabled=\"True\" />\r\n    </DataCollectors>\r\n  </DataCollectionRunSettings>\r\n  <LoggerRunSettings>\r\n    <Loggers>\r\n      <Logger friendlyName=\"Console\" uri=\"logger://microsoft/TestPlatform/ConsoleLogger/v1\" assemblyQualifiedName=\"Microsoft.VisualStudio.TestPlatform.CommandLine.Internal.ConsoleLogger, vstest.console, Version=15.0.0.0, Culture=neutral, PublicKeyToken=b03f5f7f11d50a3a\" codeBase=\"C:\\Program Files\\dotnet\\sdk\\2.2.100-preview2-009404\\vstest.console.dll\" enabled=\"True\" />\r\n    </Loggers>\r\n  </LoggerRunSettings>\r\n</RunSettings>","TestExecutionContext":{"FrequencyOfRunStatsChangeEvent":10,"RunStatsChangeEventTimeout":"00:00:01.5000000","InIsolation":false,"KeepAlive":false,"AreTestCaseLevelEventsRequired":false,"IsDebug":false,"TestCaseFilter":null,"FilterOptions":null},"Package":null}}
TpTrace Verbose: 0 : 15080, 6, 2019/07/03, 13:20:47.536, 17979412774316, vstest.console.dll, TcpClientExtensions.MessageLoopAsync: Polling on remoteEndPoint: 127.0.0.1:50140 localEndPoint: 127.0.0.1:50139
TpTrace Verbose: 0 : 15080, 6, 2019/07/03, 13:20:48.320, 17979420607114, vstest.console.dll, TcpClientExtensions.MessageLoopAsync: NotifyDataAvailable remoteEndPoint: 127.0.0.1:50140 localEndPoint: 127.0.0.1:50139
TpTrace Verbose: 0 : 15080, 6, 2019/07/03, 13:20:48.320, 17979420613777, vstest.console.dll, TestRequestSender.OnExecutionMessageReceived: Received message: {"Version":2,"MessageType":"TestExecution.StatsChange","Payload":{"NewTestResults":[],"TestRunStatistics":{"ExecutedTests":0,"Stats":{}},"ActiveTests":[{"Id":"eab171f2-af80-3744-75d3-b29081d2edf6","FullyQualifiedName":"Microsoft.Carina.KG.DevStudio.Core.UnitTest.StorageGenerator.TestGenerateStorageJob.TestGenerateStorage","DisplayName":"TestGenerateStorage","ExecutorUri":"executor://MSTestAdapter/v2","Source":"D:\\projects\\DevStudio\\DevStudio.Core.UnitTest\\bin\\Debug\\netcoreapp2.0\\Microsoft.Carina.KG.DevStudio.Core.UnitTest.dll","CodeFilePath":null,"LineNumber":-1,"Properties":[{"Key":{"Id":"MSTestDiscoverer.TestClassName","Label":"ClassName","Category":"","Description":"","Attributes":1,"ValueType":"System.String"},"Value":"Microsoft.Carina.KG.DevStudio.Core.UnitTest.StorageGenerator.TestGenerateStorageJob"},{"Key":{"Id":"TestObject.Traits","Label":"Traits","Category":"","Description":"","Attributes":5,"ValueType":"System.Collections.Generic.KeyValuePair`2[[System.String],[System.String]][]"},"Value":[]}]}]}}
TpTrace Verbose: 0 : 15080, 6, 2019/07/03, 13:20:48.415, 17979421557967, vstest.console.dll, TestRunRequest:SendTestRunStatsChange: Starting.
TpTrace Verbose: 0 : 15080, 6, 2019/07/03, 13:20:48.415, 17979421563276, vstest.console.dll, InProgress is TestGenerateStorage
TpTrace Information: 0 : 15080, 6, 2019/07/03, 13:20:48.416, 17979421566716, vstest.console.dll, TestRunRequest:SendTestRunStatsChange: Completed.
TpTrace Verbose: 0 : 15080, 6, 2019/07/03, 13:20:48.416, 17979421568992, vstest.console.dll, TcpClientExtensions.MessageLoopAsync: Polling on remoteEndPoint: 127.0.0.1:50140 localEndPoint: 127.0.0.1:50139
TpTrace Verbose: 0 : 15080, 6, 2019/07/03, 13:20:49.415, 17979431564900, vstest.console.dll, TcpClientExtensions.MessageLoopAsync: Polling on remoteEndPoint: 127.0.0.1:50140 localEndPoint: 127.0.0.1:50139
TpTrace Verbose: 0 : 15080, 6, 2019/07/03, 13:20:50.416, 17979441574441, vstest.console.dll, TcpClientExtensions.MessageLoopAsync: Polling on remoteEndPoint: 127.0.0.1:50140 localEndPoint: 127.0.0.1:50139
TpTrace Verbose: 0 : 15080, 6, 2019/07/03, 13:20:51.418, 17979451593971, vstest.console.dll, TcpClientExtensions.MessageLoopAsync: Polling on remoteEndPoint: 127.0.0.1:50140 localEndPoint: 127.0.0.1:50139
TpTrace Verbose: 0 : 15080, 6, 2019/07/03, 13:20:52.420, 17979461605665, vstest.console.dll, TcpClientExtensions.MessageLoopAsync: Polling on remoteEndPoint: 127.0.0.1:50140 localEndPoint: 127.0.0.1:50139
TpTrace Verbose: 0 : 15080, 6, 2019/07/03, 13:20:53.419, 17979471603887, vstest.console.dll, TcpClientExtensions.MessageLoopAsync: Polling on remoteEndPoint: 127.0.0.1:50140 localEndPoint: 127.0.0.1:50139
TpTrace Verbose: 0 : 15080, 6, 2019/07/03, 13:20:54.420, 17979481613795, vstest.console.dll, TcpClientExtensions.MessageLoopAsync: Polling on remoteEndPoint: 127.0.0.1:50140 localEndPoint: 127.0.0.1:50139
TpTrace Verbose: 0 : 15080, 6, 2019/07/03, 13:20:55.421, 17979491623483, vstest.console.dll, TcpClientExtensions.MessageLoopAsync: Polling on remoteEndPoint: 127.0.0.1:50140 localEndPoint: 127.0.0.1:50139
TpTrace Verbose: 0 : 15080, 6, 2019/07/03, 13:20:56.421, 17979501624677, vstest.console.dll, TcpClientExtensions.MessageLoopAsync: Polling on remoteEndPoint: 127.0.0.1:50140 localEndPoint: 127.0.0.1:50139
TpTrace Verbose: 0 : 15080, 6, 2019/07/03, 13:20:57.422, 17979511633387, vstest.console.dll, TcpClientExtensions.MessageLoopAsync: Polling on remoteEndPoint: 127.0.0.1:50140 localEndPoint: 127.0.0.1:50139
TpTrace Verbose: 0 : 15080, 6, 2019/07/03, 13:20:58.422, 17979521633637, vstest.console.dll, TcpClientExtensions.MessageLoopAsync: Polling on remoteEndPoint: 127.0.0.1:50140 localEndPoint: 127.0.0.1:50139
TpTrace Verbose: 0 : 15080, 6, 2019/07/03, 13:20:59.422, 17979531634140, vstest.console.dll, TcpClientExtensions.MessageLoopAsync: Polling on remoteEndPoint: 127.0.0.1:50140 localEndPoint: 127.0.0.1:50139
TpTrace Verbose: 0 : 15080, 6, 2019/07/03, 13:21:00.423, 17979541643936, vstest.console.dll, TcpClientExtensions.MessageLoopAsync: Polling on remoteEndPoint: 127.0.0.1:50140 localEndPoint: 127.0.0.1:50139
TpTrace Verbose: 0 : 15080, 6, 2019/07/03, 13:21:01.424, 17979551653752, vstest.console.dll, TcpClientExtensions.MessageLoopAsync: Polling on remoteEndPoint: 127.0.0.1:50140 localEndPoint: 127.0.0.1:50139
TpTrace Verbose: 0 : 15080, 6, 2019/07/03, 13:21:02.425, 17979561663792, vstest.console.dll, TcpClientExtensions.MessageLoopAsync: Polling on remoteEndPoint: 127.0.0.1:50140 localEndPoint: 127.0.0.1:50139
TpTrace Verbose: 0 : 15080, 6, 2019/07/03, 13:21:03.425, 17979571664797, vstest.console.dll, TcpClientExtensions.MessageLoopAsync: Polling on remoteEndPoint: 127.0.0.1:50140 localEndPoint: 127.0.0.1:50139
TpTrace Verbose: 0 : 15080, 6, 2019/07/03, 13:21:04.426, 17979581674164, vstest.console.dll, TcpClientExtensions.MessageLoopAsync: Polling on remoteEndPoint: 127.0.0.1:50140 localEndPoint: 127.0.0.1:50139
TpTrace Verbose: 0 : 15080, 6, 2019/07/03, 13:21:05.426, 17979591674092, vstest.console.dll, TcpClientExtensions.MessageLoopAsync: Polling on remoteEndPoint: 127.0.0.1:50140 localEndPoint: 127.0.0.1:50139
TpTrace Verbose: 0 : 15080, 6, 2019/07/03, 13:21:06.427, 17979601675255, vstest.console.dll, TcpClientExtensions.MessageLoopAsync: Polling on remoteEndPoint: 127.0.0.1:50140 localEndPoint: 127.0.0.1:50139
TpTrace Verbose: 0 : 15080, 6, 2019/07/03, 13:21:07.427, 17979611681904, vstest.console.dll, TcpClientExtensions.MessageLoopAsync: Polling on remoteEndPoint: 127.0.0.1:50140 localEndPoint: 127.0.0.1:50139
TpTrace Verbose: 0 : 15080, 6, 2019/07/03, 13:21:08.428, 17979621690403, vstest.console.dll, TcpClientExtensions.MessageLoopAsync: Polling on remoteEndPoint: 127.0.0.1:50140 localEndPoint: 127.0.0.1:50139
TpTrace Verbose: 0 : 15080, 6, 2019/07/03, 13:21:09.245, 17979629856956, vstest.console.dll, TcpClientExtensions.MessageLoopAsync: NotifyDataAvailable remoteEndPoint: 127.0.0.1:50140 localEndPoint: 127.0.0.1:50139
TpTrace Verbose: 0 : 15080, 6, 2019/07/03, 13:21:09.245, 17979629863478, vstest.console.dll, TestRequestSender.OnExecutionMessageReceived: Received message: {"Version":2,"MessageType":"TestExecution.StatsChange","Payload":{"NewTestResults":[{"TestCase":{"Id":"eab171f2-af80-3744-75d3-b29081d2edf6","FullyQualifiedName":"Microsoft.Carina.KG.DevStudio.Core.UnitTest.StorageGenerator.TestGenerateStorageJob.TestGenerateStorage","DisplayName":"TestGenerateStorage","ExecutorUri":"executor://MSTestAdapter/v2","Source":"D:\\projects\\DevStudio\\DevStudio.Core.UnitTest\\bin\\Debug\\netcoreapp2.0\\Microsoft.Carina.KG.DevStudio.Core.UnitTest.dll","CodeFilePath":null,"LineNumber":-1,"Properties":[{"Key":{"Id":"MSTestDiscoverer.TestClassName","Label":"ClassName","Category":"","Description":"","Attributes":1,"ValueType":"System.String"},"Value":"Microsoft.Carina.KG.DevStudio.Core.UnitTest.StorageGenerator.TestGenerateStorageJob"},{"Key":{"Id":"TestObject.Traits","Label":"Traits","Category":"","Description":"","Attributes":5,"ValueType":"System.Collections.Generic.KeyValuePair`2[[System.String],[System.String]][]"},"Value":[]}]},"Attachments":[],"Outcome":1,"ErrorMessage":null,"ErrorStackTrace":null,"DisplayName":null,"Messages":[{"Category":"StdOutMsgs","Text":"Start validate poem.ttl\r\n[TTL Parser] Validate Result: Pass\r\nStart generate schema\r\nSuccessfully generate schema\r\n[Undefined Object] Validate Result: Pass\r\n[No Type Cell] Validate Result: Pass\r\n[Single Type Cell] Validate Result: Pass\r\n[Multi Type Cell] Validate Result: Pass\r\nAll Pass\r\nAppend single type done\r\nLoading ttl files\r\nBuilding entity type\r\nProcessing triples\r\nSaving storage\r\nGenerate storage done\r\nSystem.IO.IOException: The process cannot access the file 'D:\\projects\\DevStudio\\DevStudio.Core.UnitTest\\bin\\Debug\\netcoreapp2.0\\storageOut\\storage\\A\\write_ahead_log\\primary_storage_log_1.dat' because it is being used by another process.\r\n   at System.IO.FileStream.OpenHandle(FileMode mode, FileShare share, FileOptions options)\r\n   at System.IO.FileStream..ctor(String path, FileMode mode, FileAccess access, FileShare share, Int32 bufferSize, FileOptions options)\r\n   at System.IO.Compression.ZipFileExtensions.DoCreateEntryFromFile(ZipArchive destination, String sourceFileName, String entryName, Nullable`1 compressionLevel)\r\n   at System.IO.Compression.ZipFile.DoCreateFromDirectory(String sourceDirectoryName, String destinationArchiveFileName, Nullable`1 compressionLevel, Boolean includeBaseDirectory, Encoding entryNameEncoding)\r\n   at System.IO.Compression.ZipFile.CreateFromDirectory(String sourceDirectoryName, String destinationArchiveFileName)\r\n   at Microsoft.Carina.KG.DevStudio.Core.StorageGenerator.GenerateStorageJob.CompressDirectory(String versionName, DirectoryInfo directory)\r\nCompressed storage file(testversion) uploaded successfully\r\n"}],"ComputerName":null,"Duration":"00:00:21.6117090","StartTime":"2019-07-03T13:20:47.5054341+08:00","EndTime":"2019-07-03T13:21:09.1767013+08:00","Properties":[]}],"TestRunStatistics":{"ExecutedTests":1,"Stats":{"Passed":1}},"ActiveTests":[{"Id":"7d2736c6-e06d-82a0-c76d-76692f485585","FullyQualifiedName":"Microsoft.Carina.KG.DevStudio.Core.UnitTest.OntologyBuilder.TestBuildOntologyJob.TestBuildOntologyBad","DisplayName":"TestBuildOntologyBad","ExecutorUri":"executor://MSTestAdapter/v2","Source":"D:\\projects\\DevStudio\\DevStudio.Core.UnitTest\\bin\\Debug\\netcoreapp2.0\\Microsoft.Carina.KG.DevStudio.Core.UnitTest.dll","CodeFilePath":null,"LineNumber":-1,"Properties":[{"Key":{"Id":"MSTestDiscoverer.TestClassName","Label":"ClassName","Category":"","Description":"","Attributes":1,"ValueType":"System.String"},"Value":"Microsoft.Carina.KG.DevStudio.Core.UnitTest.OntologyBuilder.TestBuildOntologyJob"},{"Key":{"Id":"TestObject.Traits","Label":"Traits","Category":"","Description":"","Attributes":5,"ValueType":"System.Collections.Generic.KeyValuePair`2[[System.String],[System.String]][]"},"Value":[]}]}]}}
TpTrace Verbose: 0 : 15080, 6, 2019/07/03, 13:21:09.277, 17979630175812, vstest.console.dll, TestRunRequest:SendTestRunStatsChange: Starting.
TpTrace Verbose: 0 : 15080, 6, 2019/07/03, 13:21:09.277, 17979630179427, vstest.console.dll, InProgress is TestBuildOntologyBad
TpTrace Information: 0 : 15080, 6, 2019/07/03, 13:21:09.278, 17979630185380, vstest.console.dll, TestRunRequest:SendTestRunStatsChange: Completed.
TpTrace Verbose: 0 : 15080, 6, 2019/07/03, 13:21:09.278, 17979630188289, vstest.console.dll, TcpClientExtensions.MessageLoopAsync: Polling on remoteEndPoint: 127.0.0.1:50140 localEndPoint: 127.0.0.1:50139
TpTrace Verbose: 0 : 15080, 6, 2019/07/03, 13:21:10.278, 17979640187451, vstest.console.dll, TcpClientExtensions.MessageLoopAsync: Polling on remoteEndPoint: 127.0.0.1:50140 localEndPoint: 127.0.0.1:50139
TpTrace Verbose: 0 : 15080, 6, 2019/07/03, 13:21:10.761, 17979645018553, vstest.console.dll, TcpClientExtensions.MessageLoopAsync: NotifyDataAvailable remoteEndPoint: 127.0.0.1:50140 localEndPoint: 127.0.0.1:50139
TpTrace Verbose: 0 : 15080, 6, 2019/07/03, 13:21:10.762, 17979645026801, vstest.console.dll, TestRequestSender.OnExecutionMessageReceived: Received message: {"Version":2,"MessageType":"TestExecution.StatsChange","Payload":{"NewTestResults":[{"TestCase":{"Id":"7d2736c6-e06d-82a0-c76d-76692f485585","FullyQualifiedName":"Microsoft.Carina.KG.DevStudio.Core.UnitTest.OntologyBuilder.TestBuildOntologyJob.TestBuildOntologyBad","DisplayName":"TestBuildOntologyBad","ExecutorUri":"executor://MSTestAdapter/v2","Source":"D:\\projects\\DevStudio\\DevStudio.Core.UnitTest\\bin\\Debug\\netcoreapp2.0\\Microsoft.Carina.KG.DevStudio.Core.UnitTest.dll","CodeFilePath":null,"LineNumber":-1,"Properties":[{"Key":{"Id":"MSTestDiscoverer.TestClassName","Label":"ClassName","Category":"","Description":"","Attributes":1,"ValueType":"System.String"},"Value":"Microsoft.Carina.KG.DevStudio.Core.UnitTest.OntologyBuilder.TestBuildOntologyJob"},{"Key":{"Id":"TestObject.Traits","Label":"Traits","Category":"","Description":"","Attributes":5,"ValueType":"System.Collections.Generic.KeyValuePair`2[[System.String],[System.String]][]"},"Value":[]}]},"Attachments":[],"Outcome":1,"ErrorMessage":null,"ErrorStackTrace":null,"DisplayName":null,"Messages":[{"Category":"StdOutMsgs","Text":"No Version determined\r\nOntologyType should not be empty\r\nPath a does not exist\r\nPath a does not exist\r\nDo not support current data file type\r\nDomain output path must be specified\r\n"}],"ComputerName":null,"Duration":"00:00:00.0177898","StartTime":"2019-07-03T13:21:09.2502211+08:00","EndTime":"2019-07-03T13:21:09.2689271+08:00","Properties":[]},{"TestCase":{"Id":"eda58f74-f62b-84ee-367d-6e539d1e5a32","FullyQualifiedName":"Microsoft.Carina.KG.DevStudio.Core.UnitTest.OntologyBuilder.TestConvertRdfsToTslJob.TestConvertRdfsToTsl","DisplayName":"TestConvertRdfsToTsl","ExecutorUri":"executor://MSTestAdapter/v2","Source":"D:\\projects\\DevStudio\\DevStudio.Core.UnitTest\\bin\\Debug\\netcoreapp2.0\\Microsoft.Carina.KG.DevStudio.Core.UnitTest.dll","CodeFilePath":null,"LineNumber":-1,"Properties":[{"Key":{"Id":"MSTestDiscoverer.TestClassName","Label":"ClassName","Category":"","Description":"","Attributes":1,"ValueType":"System.String"},"Value":"Microsoft.Carina.KG.DevStudio.Core.UnitTest.OntologyBuilder.TestConvertRdfsToTslJob"},{"Key":{"Id":"TestObject.Traits","Label":"Traits","Category":"","Description":"","Attributes":5,"ValueType":"System.Collections.Generic.KeyValuePair`2[[System.String],[System.String]][]"},"Value":[]}]},"Attachments":[],"Outcome":1,"ErrorMessage":null,"ErrorStackTrace":null,"DisplayName":null,"Messages":[],"ComputerName":null,"Duration":"00:00:00.0566289","StartTime":"2019-07-03T13:21:09.2783953+08:00","EndTime":"2019-07-03T13:21:09.3353654+08:00","Properties":[]},{"TestCase":{"Id":"ccb1b235-ef8f-894b-1602-51b17c7eba04","FullyQualifiedName":"Microsoft.Carina.KG.DevStudio.Core.UnitTest.OntologyBuilder.TestConvertXmlToRdfsJob.TestConvertXmlToRdfs","DisplayName":"TestConvertXmlToRdfs","ExecutorUri":"executor://MSTestAdapter/v2","Source":"D:\\projects\\DevStudio\\DevStudio.Core.UnitTest\\bin\\Debug\\netcoreapp2.0\\Microsoft.Carina.KG.DevStudio.Core.UnitTest.dll","CodeFilePath":null,"LineNumber":-1,"Properties":[{"Key":{"Id":"MSTestDiscoverer.TestClassName","Label":"ClassName","Category":"","Description":"","Attributes":1,"ValueType":"System.String"},"Value":"Microsoft.Carina.KG.DevStudio.Core.UnitTest.OntologyBuilder.TestConvertXmlToRdfsJob"},{"Key":{"Id":"TestObject.Traits","Label":"Traits","Category":"","Description":"","Attributes":5,"ValueType":"System.Collections.Generic.KeyValuePair`2[[System.String],[System.String]][]"},"Value":[]}]},"Attachments":[],"Outcome":1,"ErrorMessage":null,"ErrorStackTrace":null,"DisplayName":null,"Messages":[{"Category":"StdOutMsgs","Text":"Start loading Satori ontology...\r\nFinished Loading Satori ontology! [0.012s]\r\nIgnore property mso:people__person__city_of_birth\r\nIgnore property mso:people__person__country_of_birth\r\nIgnore property mso:people__person__hometown\r\nIgnore property mso:people__person__quotation\r\nIgnore property mso:type__object__attribution\r\nIgnore property mso:type__object__composite_image\r\nIgnore property mso:type__object__image\r\nIgnore property mso:type__object__keyword\r\nIgnore property mso:type__object__localization\r\nIgnore property mso:type__object__popularity\r\nIgnore property mso:type__object__preferred_image\r\nIgnore property mso:type__object__ranking\r\nIgnore property mso:type__object__related_object\r\nIgnore property mso:type__object__related_object_external\r\nIgnore property mso:type__object__text\r\nIgnore property mso:type__object__text_passage\r\nIgnore property mso:type__object__tokenized_description\r\nIgnore property mso:type__object__webpage\r\nRDFS filepath = D:\\projects\\DevStudio\\DevStudio.Core.UnitTest\\bin\\Debug\\netcoreapp2.0\\Rdfs.owl\r\n"}],"ComputerName":null,"Duration":"00:00:00.0666887","StartTime":"2019-07-03T13:21:09.3491848+08:00","EndTime":"2019-07-03T13:21:09.4164595+08:00","Properties":[]},{"TestCase":{"Id":"ef2e2866-3e45-e7e4-3d57-d21094d692b1","FullyQualifiedName":"Microsoft.Carina.KG.DevStudio.Core.UnitTest.OntologyBuilder.TestNode.TestAllNodeObject","DisplayName":"TestAllNodeObject","ExecutorUri":"executor://MSTestAdapter/v2","Source":"D:\\projects\\DevStudio\\DevStudio.Core.UnitTest\\bin\\Debug\\netcoreapp2.0\\Microsoft.Carina.KG.DevStudio.Core.UnitTest.dll","CodeFilePath":null,"LineNumber":-1,"Properties":[{"Key":{"Id":"MSTestDiscoverer.TestClassName","Label":"ClassName","Category":"","Description":"","Attributes":1,"ValueType":"System.String"},"Value":"Microsoft.Carina.KG.DevStudio.Core.UnitTest.OntologyBuilder.TestNode"},{"Key":{"Id":"TestObject.Traits","Label":"Traits","Category":"","Description":"","Attributes":5,"ValueType":"System.Collections.Generic.KeyValuePair`2[[System.String],[System.String]][]"},"Value":[]}]},"Attachments":[],"Outcome":1,"ErrorMessage":null,"ErrorStackTrace":null,"DisplayName":null,"Messages":[],"ComputerName":null,"Duration":"00:00:00.0073622","StartTime":"2019-07-03T13:21:09.4269544+08:00","EndTime":"2019-07-03T13:21:09.4347284+08:00","Properties":[]},{"TestCase":{"Id":"da1be7e8-22b0-2a35-92cd-f22f61e5c768","FullyQualifiedName":"Microsoft.Carina.KG.DevStudio.Core.UnitTest.OntologyBuilder.TestOBUtils.TestString2PropertyType","DisplayName":"TestString2PropertyType","ExecutorUri":"executor://MSTestAdapter/v2","Source":"D:\\projects\\DevStudio\\DevStudio.Core.UnitTest\\bin\\Debug\\netcoreapp2.0\\Microsoft.Carina.KG.DevStudio.Core.UnitTest.dll","CodeFilePath":null,"LineNumber":-1,"Properties":[{"Key":{"Id":"MSTestDiscoverer.TestClassName","Label":"ClassName","Category":"","Description":"","Attributes":1,"ValueType":"System.String"},"Value":"Microsoft.Carina.KG.DevStudio.Core.UnitTest.OntologyBuilder.TestOBUtils"},{"Key":{"Id":"TestObject.Traits","Label":"Traits","Category":"","Description":"","Attributes":5,"ValueType":"System.Collections.Generic.KeyValuePair`2[[System.String],[System.String]][]"},"Value":[]}]},"Attachments":[],"Outcome":1,"ErrorMessage":null,"ErrorStackTrace":null,"DisplayName":null,"Messages":[],"ComputerName":null,"Duration":"00:00:00.0052347","StartTime":"2019-07-03T13:21:09.4438559+08:00","EndTime":"2019-07-03T13:21:09.4493935+08:00","Properties":[]},{"TestCase":{"Id":"9f25e830-7932-32a0-e7fc-9588e998eb97","FullyQualifiedName":"Microsoft.Carina.KG.DevStudio.Core.UnitTest.OntologyBuilder.TestOBUtils.TestGetNormalizedName","DisplayName":"TestGetNormalizedName","ExecutorUri":"executor://MSTestAdapter/v2","Source":"D:\\projects\\DevStudio\\DevStudio.Core.UnitTest\\bin\\Debug\\netcoreapp2.0\\Microsoft.Carina.KG.DevStudio.Core.UnitTest.dll","CodeFilePath":null,"LineNumber":-1,"Properties":[{"Key":{"Id":"MSTestDiscoverer.TestClassName","Label":"ClassName","Category":"","Description":"","Attributes":1,"ValueType":"System.String"},"Value":"Microsoft.Carina.KG.DevStudio.Core.UnitTest.OntologyBuilder.TestOBUtils"},{"Key":{"Id":"TestObject.Traits","Label":"Traits","Category":"","Description":"","Attributes":5,"ValueType":"System.Collections.Generic.KeyValuePair`2[[System.String],[System.String]][]"},"Value":[]}]},"Attachments":[],"Outcome":1,"ErrorMessage":null,"ErrorStackTrace":null,"DisplayName":null,"Messages":[],"ComputerName":null,"Duration":"00:00:00.0005768","StartTime":"2019-07-03T13:21:09.4582286+08:00","EndTime":"2019-07-03T13:21:09.4589681+08:00","Properties":[]}],"TestRunStatistics":{"ExecutedTests":7,"Stats":{"Passed":7}},"ActiveTests":[{"Id":"762e1678-351d-b9f6-8972-7b79c95e6eee","FullyQualifiedName":"Microsoft.Carina.KG.DevStudio.Core.UnitTest.OntologyBuilder.TestTslCompilerJob.TestCompilerTsl","DisplayName":"TestCompilerTsl","ExecutorUri":"executor://MSTestAdapter/v2","Source":"D:\\projects\\DevStudio\\DevStudio.Core.UnitTest\\bin\\Debug\\netcoreapp2.0\\Microsoft.Carina.KG.DevStudio.Core.UnitTest.dll","CodeFilePath":null,"LineNumber":-1,"Properties":[{"Key":{"Id":"MSTestDiscoverer.TestClassName","Label":"ClassName","Category":"","Description":"","Attributes":1,"ValueType":"System.String"},"Value":"Microsoft.Carina.KG.DevStudio.Core.UnitTest.OntologyBuilder.TestTslCompilerJob"},{"Key":{"Id":"TestObject.Traits","Label":"Traits","Category":"","Description":"","Attributes":5,"ValueType":"System.Collections.Generic.KeyValuePair`2[[System.String],[System.String]][]"},"Value":[]}]}]}}
TpTrace Verbose: 0 : 15080, 6, 2019/07/03, 13:21:10.777, 17979645183333, vstest.console.dll, TestRunRequest:SendTestRunStatsChange: Starting.
TpTrace Verbose: 0 : 15080, 6, 2019/07/03, 13:21:10.778, 17979645187200, vstest.console.dll, InProgress is TestCompilerTsl
TpTrace Information: 0 : 15080, 6, 2019/07/03, 13:21:10.778, 17979645191875, vstest.console.dll, TestRunRequest:SendTestRunStatsChange: Completed.
TpTrace Verbose: 0 : 15080, 6, 2019/07/03, 13:21:10.778, 17979645194505, vstest.console.dll, TcpClientExtensions.MessageLoopAsync: Polling on remoteEndPoint: 127.0.0.1:50140 localEndPoint: 127.0.0.1:50139
TpTrace Warning: 0 : 15080, 10, 2019/07/03, 13:21:11.035, 17979647758422, vstest.console.dll, TestHostManagerCallbacks.ErrorReceivedCallback Test host standard error line: System.ArgumentException: Item has already been added. Key in dictionary: 'CODE_COVERAGE_SESSION_NAME'  Key being added: 'CODE_COVERAGE_SESSION_NAME'
TpTrace Warning: 0 : 15080, 10, 2019/07/03, 13:21:11.035, 17979647764432, vstest.console.dll, TestHostManagerCallbacks.ErrorReceivedCallback Test host standard error line:    at System.Collections.Hashtable.Insert(Object key, Object nvalue, Boolean add)
TpTrace Warning: 0 : 15080, 10, 2019/07/03, 13:21:11.036, 17979647770772, vstest.console.dll, TestHostManagerCallbacks.ErrorReceivedCallback Test host standard error line:    at System.Environment.ToHashtable(IEnumerable`1 pairs)
TpTrace Warning: 0 : 15080, 10, 2019/07/03, 13:21:11.037, 17979647774696, vstest.console.dll, TestHostManagerCallbacks.ErrorReceivedCallback Test host standard error line:    at System.Environment.GetEnvironmentVariables()
TpTrace Warning: 0 : 15080, 10, 2019/07/03, 13:21:11.037, 17979647777471, vstest.console.dll, TestHostManagerCallbacks.ErrorReceivedCallback Test host standard error line:    at System.Diagnostics.ProcessStartInfo.get_Environment()
TpTrace Warning: 0 : 15080, 10, 2019/07/03, 13:21:11.037, 17979647779683, vstest.console.dll, TestHostManagerCallbacks.ErrorReceivedCallback Test host standard error line:    at Microsoft.DotNet.Cli.Utils.ForwardingAppImplementation.GetProcessStartInfo()
TpTrace Warning: 0 : 15080, 10, 2019/07/03, 13:21:11.037, 17979647781574, vstest.console.dll, TestHostManagerCallbacks.ErrorReceivedCallback Test host standard error line:    at Microsoft.DotNet.Cli.Utils.MSBuildForwardingAppWithoutLogging.GetProcessStartInfo()
TpTrace Warning: 0 : 15080, 10, 2019/07/03, 13:21:11.037, 17979647783492, vstest.console.dll, TestHostManagerCallbacks.ErrorReceivedCallback Test host standard error line:    at Microsoft.DotNet.Tools.MSBuild.MSBuildForwardingApp.GetProcessStartInfo()
TpTrace Warning: 0 : 15080, 10, 2019/07/03, 13:21:11.038, 17979647785250, vstest.console.dll, TestHostManagerCallbacks.ErrorReceivedCallback Test host standard error line:    at Microsoft.DotNet.Tools.RestoringCommand.Execute()
TpTrace Warning: 0 : 15080, 10, 2019/07/03, 13:21:11.038, 17979647787184, vstest.console.dll, TestHostManagerCallbacks.ErrorReceivedCallback Test host standard error line:    at Microsoft.DotNet.Tools.Publish.PublishCommand.Run(String[] args)
TpTrace Warning: 0 : 15080, 10, 2019/07/03, 13:21:11.038, 17979647789103, vstest.console.dll, TestHostManagerCallbacks.ErrorReceivedCallback Test host standard error line:    at Microsoft.DotNet.Cli.Program.ProcessArgs(String[] args, ITelemetry telemetryClient)
TpTrace Warning: 0 : 15080, 10, 2019/07/03, 13:21:11.038, 17979647790849, vstest.console.dll, TestHostManagerCallbacks.ErrorReceivedCallback Test host standard error line:    at Microsoft.DotNet.Cli.Program.Main(String[] args)
TpTrace Verbose: 0 : 15080, 6, 2019/07/03, 13:21:11.779, 17979655197370, vstest.console.dll, TcpClientExtensions.MessageLoopAsync: Polling on remoteEndPoint: 127.0.0.1:50140 localEndPoint: 127.0.0.1:50139
TpTrace Verbose: 0 : 15080, 6, 2019/07/03, 13:21:11.823, 17979655643771, vstest.console.dll, TcpClientExtensions.MessageLoopAsync: NotifyDataAvailable remoteEndPoint: 127.0.0.1:50140 localEndPoint: 127.0.0.1:50139
TpTrace Verbose: 0 : 15080, 6, 2019/07/03, 13:21:11.824, 17979655652172, vstest.console.dll, TestRequestSender.OnExecutionMessageReceived: Received message: {"Version":2,"MessageType":"TestExecution.Completed","Payload":{"TestRunCompleteArgs":{"TestRunStatistics":{"ExecutedTests":15,"Stats":{"Passed":14,"Failed":1}},"IsCanceled":false,"IsAborted":false,"Error":null,"AttachmentSets":[],"ElapsedTimeInRunningTests":"00:00:25.0556814","Metrics":{}},"LastRunTests":{"NewTestResults":[{"TestCase":{"Id":"762e1678-351d-b9f6-8972-7b79c95e6eee","FullyQualifiedName":"Microsoft.Carina.KG.DevStudio.Core.UnitTest.OntologyBuilder.TestTslCompilerJob.TestCompilerTsl","DisplayName":"TestCompilerTsl","ExecutorUri":"executor://MSTestAdapter/v2","Source":"D:\\projects\\DevStudio\\DevStudio.Core.UnitTest\\bin\\Debug\\netcoreapp2.0\\Microsoft.Carina.KG.DevStudio.Core.UnitTest.dll","CodeFilePath":null,"LineNumber":-1,"Properties":[{"Key":{"Id":"MSTestDiscoverer.TestClassName","Label":"ClassName","Category":"","Description":"","Attributes":1,"ValueType":"System.String"},"Value":"Microsoft.Carina.KG.DevStudio.Core.UnitTest.OntologyBuilder.TestTslCompilerJob"},{"Key":{"Id":"TestObject.Traits","Label":"Traits","Category":"","Description":"","Attributes":5,"ValueType":"System.Collections.Generic.KeyValuePair`2[[System.String],[System.String]][]"},"Value":[]}]},"Attachments":[],"Outcome":2,"ErrorMessage":"Assert.IsTrue failed. \r\nTestCleanup method Microsoft.Carina.KG.DevStudio.Core.UnitTest.OntologyBuilder.TestTslCompilerJob.TearDown threw exception. System.IO.DirectoryNotFoundException: System.IO.DirectoryNotFoundException: Could not find a part of the path 'D:\\projects\\DevStudio\\DevStudio.Core.UnitTest\\bin\\Debug\\netcoreapp2.0\\TSLExtension'..","ErrorStackTrace":"   at Microsoft.Carina.KG.DevStudio.Core.UnitTest.OntologyBuilder.TestTslCompilerJob.TestCompilerTsl()\r\n\r\nTestCleanup Stack Trace\r\n   at System.IO.Win32FileSystem.RemoveDirectory(String fullPath, Boolean recursive)\r\n   at System.IO.Directory.Delete(String path, Boolean recursive)\r\n   at Microsoft.Carina.KG.DevStudio.Core.UnitTest.OntologyBuilder.TestTslCompilerJob.TearDown()\r\n","DisplayName":null,"Messages":[{"Category":"StdOutMsgs","Text":"[Error] System.ArgumentException: Item has already been added. Key in dictionary: 'CODE_COVERAGE_SESSION_NAME'  Key being added: 'CODE_COVERAGE_SESSION_NAME'\r\n[Error]    at System.Collections.Hashtable.Insert(Object key, Object nvalue, Boolean add)\r\n[Error]    at System.Environment.ToHashtable(IEnumerable`1 pairs)\r\n[Error]    at System.Environment.GetEnvironmentVariables()\r\n[Error]    at System.Diagnostics.ProcessStartInfo.get_Environment()\r\n[Error]    at Microsoft.DotNet.Cli.Utils.ForwardingAppImplementation.GetProcessStartInfo()\r\n[Error]    at Microsoft.DotNet.Cli.Utils.MSBuildForwardingAppWithoutLogging.GetProcessStartInfo()\r\n[Error]    at Microsoft.DotNet.Tools.MSBuild.MSBuildForwardingApp.GetProcessStartInfo()\r\n[Error]    at Microsoft.DotNet.Tools.MSBuild.MSBuildForwardingApp.Execute()\r\n[Error]    at Microsoft.DotNet.Tools.Restore.RestoreCommand.Run(String[] args)\r\n[Error]    at Microsoft.DotNet.Cli.Program.ProcessArgs(String[] args, ITelemetry telemetryClient)\r\n[Error]    at Microsoft.DotNet.Cli.Program.Main(String[] args)\r\n[Error] \r\n[Info] \r\nRestore TslCompiler.Clr.csproj done\r\npublishProcess.ExitCode:1\r\nPublish TslCompiler.Clr.csproj done\r\n"}],"ComputerName":null,"Duration":"00:00:01.6399536","StartTime":"2019-07-03T13:21:09.46761+08:00","EndTime":"2019-07-03T13:21:11.1092107+08:00","Properties":[]},{"TestCase":{"Id":"9fbc41f3-bf3f-3098-1908-43d5429db68a","FullyQualifiedName":"Microsoft.Carina.KG.DevStudio.Core.UnitTest.DataValidator.TestValidateDataJob.TestValidateData","DisplayName":"TestValidateData","ExecutorUri":"executor://MSTestAdapter/v2","Source":"D:\\projects\\DevStudio\\DevStudio.Core.UnitTest\\bin\\Debug\\netcoreapp2.0\\Microsoft.Carina.KG.DevStudio.Core.UnitTest.dll","CodeFilePath":null,"LineNumber":-1,"Properties":[{"Key":{"Id":"MSTestDiscoverer.TestClassName","Label":"ClassName","Category":"","Description":"","Attributes":1,"ValueType":"System.String"},"Value":"Microsoft.Carina.KG.DevStudio.Core.UnitTest.DataValidator.TestValidateDataJob"},{"Key":{"Id":"TestObject.Traits","Label":"Traits","Category":"","Description":"","Attributes":5,"ValueType":"System.Collections.Generic.KeyValuePair`2[[System.String],[System.String]][]"},"Value":[]}]},"Attachments":[],"Outcome":1,"ErrorMessage":null,"ErrorStackTrace":null,"DisplayName":null,"Messages":[{"Category":"StdOutMsgs","Text":"Start validate good.ttl\r\n[TTL Parser] Validate Result: Pass\r\nStart generate schema\r\nSuccessfully generate schema\r\n[Undefined Object] Validate Result: Pass\r\n[No Type Cell] Validate Result: Pass\r\n[Single Type Cell] Validate Result: Pass\r\n[Multi Type Cell] Validate Result: Pass\r\nAll Pass\r\nAppend single type done\r\n"}],"ComputerName":null,"Duration":"00:00:00.0862141","StartTime":"2019-07-03T13:21:11.1240613+08:00","EndTime":"2019-07-03T13:21:11.2109619+08:00","Properties":[]},{"TestCase":{"Id":"00594a85-df0b-2648-1e06-3414ad64beda","FullyQualifiedName":"Microsoft.Carina.KG.DevStudio.Core.UnitTest.DataValidator.TestValidators.TestValidatorFactory","DisplayName":"TestValidatorFactory","ExecutorUri":"executor://MSTestAdapter/v2","Source":"D:\\projects\\DevStudio\\DevStudio.Core.UnitTest\\bin\\Debug\\netcoreapp2.0\\Microsoft.Carina.KG.DevStudio.Core.UnitTest.dll","CodeFilePath":null,"LineNumber":-1,"Properties":[{"Key":{"Id":"MSTestDiscoverer.TestClassName","Label":"ClassName","Category":"","Description":"","Attributes":1,"ValueType":"System.String"},"Value":"Microsoft.Carina.KG.DevStudio.Core.UnitTest.DataValidator.TestValidators"},{"Key":{"Id":"TestObject.Traits","Label":"Traits","Category":"","Description":"","Attributes":5,"ValueType":"System.Collections.Generic.KeyValuePair`2[[System.String],[System.String]][]"},"Value":[]}]},"Attachments":[],"Outcome":1,"ErrorMessage":null,"ErrorStackTrace":null,"DisplayName":null,"Messages":[],"ComputerName":null,"Duration":"00:00:00.0751250","StartTime":"2019-07-03T13:21:11.2236091+08:00","EndTime":"2019-07-03T13:21:11.2993458+08:00","Properties":[]},{"TestCase":{"Id":"61e4cfab-0666-d49b-1f5f-084a1e2bd4d1","FullyQualifiedName":"Microsoft.Carina.KG.DevStudio.Core.UnitTest.DataValidator.TestValidators.TestParserValidator","DisplayName":"TestParserValidator","ExecutorUri":"executor://MSTestAdapter/v2","Source":"D:\\projects\\DevStudio\\DevStudio.Core.UnitTest\\bin\\Debug\\netcoreapp2.0\\Microsoft.Carina.KG.DevStudio.Core.UnitTest.dll","CodeFilePath":null,"LineNumber":-1,"Properties":[{"Key":{"Id":"MSTestDiscoverer.TestClassName","Label":"ClassName","Category":"","Description":"","Attributes":1,"ValueType":"System.String"},"Value":"Microsoft.Carina.KG.DevStudio.Core.UnitTest.DataValidator.TestValidators"},{"Key":{"Id":"TestObject.Traits","Label":"Traits","Category":"","Description":"","Attributes":5,"ValueType":"System.Collections.Generic.KeyValuePair`2[[System.String],[System.String]][]"},"Value":[]}]},"Attachments":[],"Outcome":1,"ErrorMessage":null,"ErrorStackTrace":null,"DisplayName":null,"Messages":[{"Category":"StdOutMsgs","Text":"[TTL Parser] Validate Result: Pass\r\n[TTL Parser] Validate Result: Fail\r\nVDS.RDF.Parsing.RdfParseException: [UriToken at Line 2 Column 2 to Line 2 Column 69] Unexpected Token 'VDS.RDF.Parsing.Tokens.UriToken' encountered while trying to parse an Object list, expected a comma, semicolon or dot to terminate the current Triple\r\n   at VDS.RDF.Parsing.TurtleParser.TryParseObjectList(TurtleParserContext context, INode subj, INode pred, Boolean bnodeList)\r\n   at VDS.RDF.Parsing.TurtleParser.TryParsePredicateObjectList(TurtleParserContext context, INode subj, Boolean bnodeList)\r\n   at VDS.RDF.Parsing.TurtleParser.Parse(TurtleParserContext context)\r\n   at VDS.RDF.Parsing.TurtleParser.Load(IRdfHandler handler, TextReader input)\r\n   at Microsoft.Carina.KG.DevStudio.Core.DataValidator.ParserValidator.Execute()\r\n"}],"ComputerName":null,"Duration":"00:00:00.1231402","StartTime":"2019-07-03T13:21:11.3120895+08:00","EndTime":"2019-07-03T13:21:11.4354751+08:00","Properties":[]},{"TestCase":{"Id":"2fed9e38-cc9c-a317-7716-182586e3dcf5","FullyQualifiedName":"Microsoft.Carina.KG.DevStudio.Core.UnitTest.DataValidator.TestValidators.TestMultiTypeCellValidator","DisplayName":"TestMultiTypeCellValidator","ExecutorUri":"executor://MSTestAdapter/v2","Source":"D:\\projects\\DevStudio\\DevStudio.Core.UnitTest\\bin\\Debug\\netcoreapp2.0\\Microsoft.Carina.KG.DevStudio.Core.UnitTest.dll","CodeFilePath":null,"LineNumber":-1,"Properties":[{"Key":{"Id":"MSTestDiscoverer.TestClassName","Label":"ClassName","Category":"","Description":"","Attributes":1,"ValueType":"System.String"},"Value":"Microsoft.Carina.KG.DevStudio.Core.UnitTest.DataValidator.TestValidators"},{"Key":{"Id":"TestObject.Traits","Label":"Traits","Category":"","Description":"","Attributes":5,"ValueType":"System.Collections.Generic.KeyValuePair`2[[System.String],[System.String]][]"},"Value":[]}]},"Attachments":[],"Outcome":1,"ErrorMessage":null,"ErrorStackTrace":null,"DisplayName":null,"Messages":[{"Category":"StdOutMsgs","Text":"[Multi Type Cell] Validate Result: Pass\r\n[Multi Type Cell] Validate Result: Fail\r\nhttp://knowledge.microsoft.com/573161c3-7de0-32f2-a51e-a9fb8b4da9a9 no type can cover all properties\ncell has type [people.gender|people.cause_of_death]\n[people.gender] does not contain property [people.person.date_of_birth|people.person.date_of_death|book.written_work.tag|people.person.zi]\n[people.cause_of_death] does not contain property [people.person.date_of_birth|people.person.date_of_death|book.written_work.tag|people.person.zi]\n\r\n"}],"ComputerName":null,"Duration":"00:00:00.0668963","StartTime":"2019-07-03T13:21:11.4484036+08:00","EndTime":"2019-07-03T13:21:11.5155263+08:00","Properties":[]},{"TestCase":{"Id":"e3acfac6-1043-60bb-f3c4-f4a5b11e80d8","FullyQualifiedName":"Microsoft.Carina.KG.DevStudio.Core.UnitTest.DataValidator.TestValidators.TestNoTypeCellValidator","DisplayName":"TestNoTypeCellValidator","ExecutorUri":"executor://MSTestAdapter/v2","Source":"D:\\projects\\DevStudio\\DevStudio.Core.UnitTest\\bin\\Debug\\netcoreapp2.0\\Microsoft.Carina.KG.DevStudio.Core.UnitTest.dll","CodeFilePath":null,"LineNumber":-1,"Properties":[{"Key":{"Id":"MSTestDiscoverer.TestClassName","Label":"ClassName","Category":"","Description":"","Attributes":1,"ValueType":"System.String"},"Value":"Microsoft.Carina.KG.DevStudio.Core.UnitTest.DataValidator.TestValidators"},{"Key":{"Id":"TestObject.Traits","Label":"Traits","Category":"","Description":"","Attributes":5,"ValueType":"System.Collections.Generic.KeyValuePair`2[[System.String],[System.String]][]"},"Value":[]}]},"Attachments":[],"Outcome":1,"ErrorMessage":null,"ErrorStackTrace":null,"DisplayName":null,"Messages":[{"Category":"StdOutMsgs","Text":"[No Type Cell] Validate Result: Pass\r\n[No Type Cell] Validate Result: Fail\r\nExist no type cell, please check\r\nhttp://knowledge.microsoft.com/0c77c34e-2c7f-3b92-8769-1bbb214afd6a\n\r\n"}],"ComputerName":null,"Duration":"00:00:00.0721725","StartTime":"2019-07-03T13:21:11.5265759+08:00","EndTime":"2019-07-03T13:21:11.5989744+08:00","Properties":[]},{"TestCase":{"Id":"b910142d-645e-7d0e-d9ff-f52aea94741e","FullyQualifiedName":"Microsoft.Carina.KG.DevStudio.Core.UnitTest.DataValidator.TestValidators.TestSingleTypeCellValidator","DisplayName":"TestSingleTypeCellValidator","ExecutorUri":"executor://MSTestAdapter/v2","Source":"D:\\projects\\DevStudio\\DevStudio.Core.UnitTest\\bin\\Debug\\netcoreapp2.0\\Microsoft.Carina.KG.DevStudio.Core.UnitTest.dll","CodeFilePath":null,"LineNumber":-1,"Properties":[{"Key":{"Id":"MSTestDiscoverer.TestClassName","Label":"ClassName","Category":"","Description":"","Attributes":1,"ValueType":"System.String"},"Value":"Microsoft.Carina.KG.DevStudio.Core.UnitTest.DataValidator.TestValidators"},{"Key":{"Id":"TestObject.Traits","Label":"Traits","Category":"","Description":"","Attributes":5,"ValueType":"System.Collections.Generic.KeyValuePair`2[[System.String],[System.String]][]"},"Value":[]}]},"Attachments":[],"Outcome":1,"ErrorMessage":null,"ErrorStackTrace":null,"DisplayName":null,"Messages":[{"Category":"StdOutMsgs","Text":"[Single Type Cell] Validate Result: Pass\r\n[Single Type Cell] Validate Result: Fail\r\nExist undefined cell type or property, please check.\r\nhttp://knowledge.microsoft.com/0c77c34e-2c7f-3b92-8769-1bbb214afd6a\n[people__person] does not contain property [book.written_work.creation_time|book.written_work.author|book.written_work.contents|book.written_work.translation|book.written_work.tag]\nrecommended type: [book.written_work]\n\r\n"}],"ComputerName":null,"Duration":"00:00:00.0633727","StartTime":"2019-07-03T13:21:11.6141534+08:00","EndTime":"2019-07-03T13:21:11.6777874+08:00","Properties":[]},{"TestCase":{"Id":"0edca54b-e7b8-e96a-3c50-a72295a63913","FullyQualifiedName":"Microsoft.Carina.KG.DevStudio.Core.UnitTest.DataValidator.TestValidators.TestUndefinedObjectValidator","DisplayName":"TestUndefinedObjectValidator","ExecutorUri":"executor://MSTestAdapter/v2","Source":"D:\\projects\\DevStudio\\DevStudio.Core.UnitTest\\bin\\Debug\\netcoreapp2.0\\Microsoft.Carina.KG.DevStudio.Core.UnitTest.dll","CodeFilePath":null,"LineNumber":-1,"Properties":[{"Key":{"Id":"MSTestDiscoverer.TestClassName","Label":"ClassName","Category":"","Description":"","Attributes":1,"ValueType":"System.String"},"Value":"Microsoft.Carina.KG.DevStudio.Core.UnitTest.DataValidator.TestValidators"},{"Key":{"Id":"TestObject.Traits","Label":"Traits","Category":"","Description":"","Attributes":5,"ValueType":"System.Collections.Generic.KeyValuePair`2[[System.String],[System.String]][]"},"Value":[]}]},"Attachments":[],"Outcome":1,"ErrorMessage":null,"ErrorStackTrace":null,"DisplayName":null,"Messages":[{"Category":"StdOutMsgs","Text":"[Undefined Object] Validate Result: Pass\r\n[Undefined Object] Validate Result: Fail\r\nExist undefined object, please check.\r\nhttp://knowledge.microsoft.com/073161c3-7de0-32f2-a51e-a9fb8b4da9a9\n\r\n"}],"ComputerName":null,"Duration":"00:00:00.0763220","StartTime":"2019-07-03T13:21:11.6890442+08:00","EndTime":"2019-07-03T13:21:11.7656105+08:00","Properties":[]}],"TestRunStatistics":{"ExecutedTests":15,"Stats":{"Passed":14,"Failed":1}},"ActiveTests":[]},"RunAttachments":[],"ExecutorUris":["executor://mstestadapter/v2"]}}
TpTrace Verbose: 0 : 15080, 6, 2019/07/03, 13:21:11.827, 17979655676252, vstest.console.dll, TestRequestSender.EndSession: Sending end session.
TpTrace Warning: 0 : 15080, 13, 2019/07/03, 13:21:11.859, 17979655997921, vstest.console.dll, TestHostManagerCallbacks.ErrorReceivedCallback Test host standard error line: 
TpTrace Warning: 0 : 15080, 6, 2019/07/03, 13:21:11.928, 17979656687527, vstest.console.dll, ProxyOperationManager: Timed out waiting for test host to exit. Will terminate process.
TpTrace Information: 0 : 15080, 6, 2019/07/03, 13:21:12.079, 17979658197169, vstest.console.dll, TestHostManagerCallbacks.ExitCallBack: Testhost processId: 28852 exited with exitcode: 0 error: 'System.ArgumentException: Item has already been added. Key in dictionary: 'CODE_COVERAGE_SESSION_NAME'  Key being added: 'CODE_COVERAGE_SESSION_NAME'
   at System.Collections.Hashtable.Insert(Object key, Object nvalue, Boolean add)
   at System.Environment.ToHashtable(IEnumerable`1 pairs)
   at System.Environment.GetEnvironmentVariables()
   at System.Diagnostics.ProcessStartInfo.get_Environment()
   at Microsoft.DotNet.Cli.Utils.ForwardingAppImplementation.GetProcessStartInfo()
   at Microsoft.DotNet.Cli.Utils.MSBuildForwardingAppWithoutLogging.GetProcessStartInfo()
   at Microsoft.DotNet.Tools.MSBuild.MSBuildForwardingApp.GetProcessStartInfo()
   at Microsoft.DotNet.Tools.RestoringCommand.Execute()
   at Microsoft.DotNet.Tools.Publish.PublishCommand.Run(String[] args)
   at Microsoft.DotNet.Cli.Program.ProcessArgs(String[] args, ITelemetry telemetryClient)
   at Microsoft.DotNet.Cli.Program.Main(String[] args)
'
TpTrace Information: 0 : 15080, 6, 2019/07/03, 13:21:12.079, 17979658201989, vstest.console.dll, TestRequestSender.OnClientProcessExit: Test host process exited. Standard error: System.ArgumentException: Item has already been added. Key in dictionary: 'CODE_COVERAGE_SESSION_NAME'  Key being added: 'CODE_COVERAGE_SESSION_NAME'
   at System.Collections.Hashtable.Insert(Object key, Object nvalue, Boolean add)
   at System.Environment.ToHashtable(IEnumerable`1 pairs)
   at System.Environment.GetEnvironmentVariables()
   at System.Diagnostics.ProcessStartInfo.get_Environment()
   at Microsoft.DotNet.Cli.Utils.ForwardingAppImplementation.GetProcessStartInfo()
   at Microsoft.DotNet.Cli.Utils.MSBuildForwardingAppWithoutLogging.GetProcessStartInfo()
   at Microsoft.DotNet.Tools.MSBuild.MSBuildForwardingApp.GetProcessStartInfo()
   at Microsoft.DotNet.Tools.RestoringCommand.Execute()
   at Microsoft.DotNet.Tools.Publish.PublishCommand.Run(String[] args)
   at Microsoft.DotNet.Cli.Program.ProcessArgs(String[] args, ITelemetry telemetryClient)
   at Microsoft.DotNet.Cli.Program.Main(String[] args)

TpTrace Information: 0 : 15080, 6, 2019/07/03, 13:21:12.080, 17979658204721, vstest.console.dll, SocketServer.Stop: Stop server endPoint: 127.0.0.1:50139
TpTrace Information: 0 : 15080, 6, 2019/07/03, 13:21:12.080, 17979658206880, vstest.console.dll, SocketServer.Stop: Cancellation requested. Stopping message loop.
TpTrace Verbose: 0 : 15080, 6, 2019/07/03, 13:21:12.082, 17979658229884, vstest.console.dll, ProxyDataCollectionManager.InvokeDataCollectionServiceAction: Starting.
TpTrace Information: 0 : 15080, 6, 2019/07/03, 13:21:12.082, 17979658232910, vstest.console.dll, ProxyDataCollectionManager.AfterTestRunEnd: Get attachment set for datacollector processId: 29204 port: 50135
TpTrace Verbose: 0 : 15080, 6, 2019/07/03, 13:21:12.083, 17979658236000, vstest.console.dll, DataCollectionRequestSender.SendAfterTestRunStartAndGetResult : Send AfterTestRunEnd message with isCancelled: False
TpTrace Verbose: 0 : 15080, 6, 2019/07/03, 13:21:12.304, 17979660453495, vstest.console.dll, DataCollectionRequestSender.SendAfterTestRunStartAndGetResult : Received message: (DataCollection.AfterTestRunEndResult) -> [
  {
    "Uri": "datacollector://Microsoft/CodeCoverage/2.0",
    "DisplayName": "Code Coverage",
    "Attachments": [
      {
        "Description": "",
        "Uri": "file://D:/projects/DevStudio/DevStudio.Core.UnitTest/TestResults/7a65979c-a5d7-4120-9f6f-662239820db5/yize_STCVM-G17_2019-07-03.13_20_45.coverage"
      }
    ]
  }
]
TpTrace Information: 0 : 15080, 6, 2019/07/03, 13:21:12.316, 17979660566092, vstest.console.dll, ProxyDataCollectionManager.InvokeDataCollectionServiceAction: Completed.
TpTrace Warning: 0 : 15080, 9, 2019/07/03, 13:21:12.316, 17979660573196, vstest.console.dll, DataCollectionLauncher.ErrorReceivedCallback datacollector standard error line: 
TpTrace Information: 0 : 15080, 7, 2019/07/03, 13:21:12.325, 17979660662412, vstest.console.dll, DataCollectionLauncher.ExitCallBack: Data collector exited with exitcode: 0 error: ''
TpTrace Verbose: 0 : 15080, 6, 2019/07/03, 13:21:12.422, 17979661633588, vstest.console.dll, TestRunRequest:SendTestRunStatsChange: Starting.
TpTrace Information: 0 : 15080, 6, 2019/07/03, 13:21:12.423, 17979661639256, vstest.console.dll, TestRunRequest:SendTestRunStatsChange: Completed.
TpTrace Verbose: 0 : 15080, 6, 2019/07/03, 13:21:12.424, 17979661650431, vstest.console.dll, ParallelProxyExecutionManager: HandlePartialRunComplete: Total completed clients = 1, Run complete = True, Run canceled: False.
TpTrace Error: 0 : 15080, 6, 2019/07/03, 13:21:12.458, 17979661988648, vstest.console.dll, CodeCoverageDataCollectorAttachmentsHandler: Failed to load datacollector of type : Microsoft.VisualStudio.Coverage.Analysis from location : C:\Program Files\dotnet\sdk\2.2.100-preview2-009404\Microsoft.VisualStudio.Coverage.Analysis.dll. Error : System.IO.FileNotFoundException: Could not load file or assembly 'C:\Program Files\dotnet\sdk\2.2.100-preview2-009404\Microsoft.VisualStudio.Coverage.Analysis.dll'. The system cannot find the file specified.
File name: 'C:\Program Files\dotnet\sdk\2.2.100-preview2-009404\Microsoft.VisualStudio.Coverage.Analysis.dll'
   at System.Runtime.Loader.AssemblyLoadContext.LoadFromPath(IntPtr ptrNativeAssemblyLoadContext, String ilPath, String niPath, ObjectHandleOnStack retAssembly)
   at System.Runtime.Loader.AssemblyLoadContext.LoadFromAssemblyPath(String assemblyPath)
   at Microsoft.VisualStudio.TestPlatform.PlatformAbstractions.PlatformAssemblyLoadContext.LoadAssemblyFromPath(String assemblyPath)
   at Microsoft.VisualStudio.TestPlatform.Utilities.CodeCoverageDataAttachmentsHandler.MergeCodeCoverageFiles(IList`1 files)


TpTrace Verbose: 0 : 15080, 6, 2019/07/03, 13:21:12.701, 17979664421474, vstest.console.dll, TestRunRequest:TestRunComplete: Starting. IsAborted:False IsCanceled:False.
TpTrace Verbose: 0 : 15080, 6, 2019/07/03, 13:21:12.702, 17979664429062, vstest.console.dll, TestLoggerManager.HandleTestRunComplete: Ignoring as the object is disposed.
TpTrace Information: 0 : 15080, 6, 2019/07/03, 13:21:12.703, 17979664442643, vstest.console.dll, TestRunRequest:TestRunComplete: Completed.
TpTrace Verbose: 0 : 15080, 1, 2019/07/03, 13:21:12.703, 17979664443041, vstest.console.dll, TestRunRequest.Dispose: Starting.
TpTrace Verbose: 0 : 15080, 6, 2019/07/03, 13:21:12.704, 17979664449849, vstest.console.dll, TestRequestSender.SetOperationComplete: Setting operation complete.
TpTrace Information: 0 : 15080, 1, 2019/07/03, 13:21:12.704, 17979664450268, vstest.console.dll, TestRunRequest.Dispose: Completed.
TpTrace Information: 0 : 15080, 6, 2019/07/03, 13:21:12.704, 17979664453841, vstest.console.dll, SocketServer.Stop: Stop server endPoint: 127.0.0.1:50139
TpTrace Information: 0 : 15080, 1, 2019/07/03, 13:21:12.705, 17979664456011, vstest.console.dll, TestRequestManager.RunTests: run tests completed.
TpTrace Information: 0 : 15080, 6, 2019/07/03, 13:21:12.705, 17979664458481, vstest.console.dll, SocketServer.Stop: Cancellation requested. Stopping message loop.
TpTrace Information: 0 : 15080, 1, 2019/07/03, 13:21:12.705, 17979664462107, vstest.console.dll, RunTestsArgumentProcessor:Execute: Test run is completed.
TpTrace Information: 0 : 15080, 6, 2019/07/03, 13:21:12.705, 17979664464363, vstest.console.dll, SocketServer.PrivateStop: Stopp server endPoint: 127.0.0.1:50139 error: 
TpTrace Verbose: 0 : 15080, 1, 2019/07/03, 13:21:12.706, 17979664468206, vstest.console.dll, Executor.Execute: Exiting with exit code of 1
