TpTrace Information: 0 : 19636, 1, 2019/07/03, 13:28:47.660, 17984214099785, vstest.console.dll, Using .Net Framework version:.NETCoreApp,Version=v2.0
TpTrace Verbose: 0 : 19636, 1, 2019/07/03, 13:28:47.711, 17984214510726, vstest.console.dll, TestPluginCache.DiscoverTestExtensions: finding test extensions in assemblies endswith: RuntimeProvider.dll TPluginInfo: Microsoft.VisualStudio.TestPlatform.Common.ExtensionFramework.Utilities.TestRuntimePluginInformation TExtension: Microsoft.VisualStudio.TestPlatform.ObjectModel.Host.ITestRuntimeProvider
TpTrace Verbose: 0 : 19636, 1, 2019/07/03, 13:28:47.712, 17984214518671, vstest.console.dll, TestPluginCache.GetExtensionPaths: Filtered extension paths: 
TpTrace Verbose: 0 : 19636, 1, 2019/07/03, 13:28:47.713, 17984214528861, vstest.console.dll, TestPluginCache.GetExtensionPaths: Added default extension paths: C:\Program Files\dotnet\sdk\2.2.100-preview2-009404\Extensions\Microsoft.TestPlatform.Extensions.BlameDataCollector.dll
C:\Program Files\dotnet\sdk\2.2.100-preview2-009404\Extensions\Microsoft.TestPlatform.Extensions.EventLogCollector.dll
C:\Program Files\dotnet\sdk\2.2.100-preview2-009404\Extensions\Microsoft.TestPlatform.TestHostRuntimeProvider.dll
C:\Program Files\dotnet\sdk\2.2.100-preview2-009404\Extensions\Microsoft.VisualStudio.TestPlatform.Extensions.Trx.TestLogger.dll
TpTrace Verbose: 0 : 19636, 1, 2019/07/03, 13:28:47.714, 17984214535980, vstest.console.dll, TestPluginCache.GetExtensionPaths: Added unfilterableExtensionPaths: 
TpTrace Information: 0 : 19636, 1, 2019/07/03, 13:28:47.719, 17984214590201, vstest.console.dll, AssemblyResolver.ctor: Creating AssemblyResolver with searchDirectories C:\Program Files\dotnet\sdk\2.2.100-preview2-009404\Extensions,C:\Program Files\dotnet\sdk\2.2.100-preview2-009404
TpTrace Verbose: 0 : 19636, 1, 2019/07/03, 13:28:47.722, 17984214620317, vstest.console.dll, TestPluginCache.DiscoverTestExtensions: Discovering the extensions using extension path.
TpTrace Verbose: 0 : 19636, 1, 2019/07/03, 13:28:47.723, 17984214624432, vstest.console.dll, TestPluginCache.GetExtensionPaths: Filtered extension paths: 
TpTrace Verbose: 0 : 19636, 1, 2019/07/03, 13:28:47.723, 17984214630529, vstest.console.dll, TestPluginCache.GetExtensionPaths: Added default extension paths: C:\Program Files\dotnet\sdk\2.2.100-preview2-009404\Extensions\Microsoft.TestPlatform.Extensions.BlameDataCollector.dll
C:\Program Files\dotnet\sdk\2.2.100-preview2-009404\Extensions\Microsoft.TestPlatform.Extensions.EventLogCollector.dll
C:\Program Files\dotnet\sdk\2.2.100-preview2-009404\Extensions\Microsoft.TestPlatform.TestHostRuntimeProvider.dll
C:\Program Files\dotnet\sdk\2.2.100-preview2-009404\Extensions\Microsoft.VisualStudio.TestPlatform.Extensions.Trx.TestLogger.dll
TpTrace Verbose: 0 : 19636, 1, 2019/07/03, 13:28:47.724, 17984214632300, vstest.console.dll, TestPluginCache.GetExtensionPaths: Added unfilterableExtensionPaths: 
TpTrace Verbose: 0 : 19636, 1, 2019/07/03, 13:28:47.724, 17984214634826, vstest.console.dll, TestPluginCache.DiscoverTestExtensions: Discovering the extensions using allExtensionPaths: C:\Program Files\dotnet\sdk\2.2.100-preview2-009404\Extensions\Microsoft.TestPlatform.Extensions.BlameDataCollector.dll
C:\Program Files\dotnet\sdk\2.2.100-preview2-009404\Extensions\Microsoft.TestPlatform.Extensions.EventLogCollector.dll
C:\Program Files\dotnet\sdk\2.2.100-preview2-009404\Extensions\Microsoft.TestPlatform.TestHostRuntimeProvider.dll
C:\Program Files\dotnet\sdk\2.2.100-preview2-009404\Extensions\Microsoft.VisualStudio.TestPlatform.Extensions.Trx.TestLogger.dll
TpTrace Information: 0 : 19636, 1, 2019/07/03, 13:28:47.724, 17984214638031, vstest.console.dll, AssemblyResolver.AddSearchDirectories: Adding more searchDirectories C:\Program Files\dotnet\sdk\2.2.100-preview2-009404\Extensions,C:\Program Files\dotnet\sdk\2.2.100-preview2-009404
TpTrace Information: 0 : 19636, 1, 2019/07/03, 13:28:47.724, 17984214640630, vstest.console.dll, AssemblyResolver.AddSearchDirectories: Adding more searchDirectories C:\Program Files\dotnet\sdk\2.2.100-preview2-009404\Extensions,C:\Program Files\dotnet\sdk\2.2.100-preview2-009404
TpTrace Information: 0 : 19636, 1, 2019/07/03, 13:28:47.725, 17984214643275, vstest.console.dll, AssemblyResolver.AddSearchDirectories: Adding more searchDirectories C:\Program Files\dotnet\sdk\2.2.100-preview2-009404\Extensions,C:\Program Files\dotnet\sdk\2.2.100-preview2-009404
TpTrace Information: 0 : 19636, 1, 2019/07/03, 13:28:47.725, 17984214645534, vstest.console.dll, AssemblyResolver.AddSearchDirectories: Adding more searchDirectories C:\Program Files\dotnet\sdk\2.2.100-preview2-009404\Extensions,C:\Program Files\dotnet\sdk\2.2.100-preview2-009404
TpTrace Information: 0 : 19636, 1, 2019/07/03, 13:28:47.726, 17984214657493, vstest.console.dll, AssemblyResolver.OnResolve: Microsoft.TestPlatform.Extensions.BlameDataCollector: Resolving assembly.
TpTrace Information: 0 : 19636, 1, 2019/07/03, 13:28:47.729, 17984214680999, vstest.console.dll, AssemblyResolver.OnResolve: Resolved assembly: Microsoft.TestPlatform.Extensions.BlameDataCollector, from path: C:\Program Files\dotnet\sdk\2.2.100-preview2-009404\Extensions\Microsoft.TestPlatform.Extensions.BlameDataCollector.dll
TpTrace Information: 0 : 19636, 1, 2019/07/03, 13:28:47.733, 17984214725725, vstest.console.dll, AssemblyResolver.OnResolve: Microsoft.TestPlatform.Extensions.EventLogCollector: Resolving assembly.
TpTrace Information: 0 : 19636, 1, 2019/07/03, 13:28:47.735, 17984214745212, vstest.console.dll, AssemblyResolver.OnResolve: Resolved assembly: Microsoft.TestPlatform.Extensions.EventLogCollector, from path: C:\Program Files\dotnet\sdk\2.2.100-preview2-009404\Extensions\Microsoft.TestPlatform.Extensions.EventLogCollector.dll
TpTrace Information: 0 : 19636, 1, 2019/07/03, 13:28:47.739, 17984214788819, vstest.console.dll, AssemblyResolver.OnResolve: Microsoft.TestPlatform.TestHostRuntimeProvider: Resolving assembly.
TpTrace Information: 0 : 19636, 1, 2019/07/03, 13:28:47.743, 17984214821217, vstest.console.dll, AssemblyResolver.OnResolve: Resolved assembly: Microsoft.TestPlatform.TestHostRuntimeProvider, from path: C:\Program Files\dotnet\sdk\2.2.100-preview2-009404\Extensions\Microsoft.TestPlatform.TestHostRuntimeProvider.dll
TpTrace Information: 0 : 19636, 1, 2019/07/03, 13:28:47.746, 17984214854911, vstest.console.dll, AssemblyResolver.OnResolve: Microsoft.VisualStudio.TestPlatform.Extensions.Trx.TestLogger: Resolving assembly.
TpTrace Information: 0 : 19636, 1, 2019/07/03, 13:28:47.749, 17984214889378, vstest.console.dll, AssemblyResolver.OnResolve: Resolved assembly: Microsoft.VisualStudio.TestPlatform.Extensions.Trx.TestLogger, from path: C:\Program Files\dotnet\sdk\2.2.100-preview2-009404\Extensions\Microsoft.VisualStudio.TestPlatform.Extensions.Trx.TestLogger.dll
TpTrace Verbose: 0 : 19636, 1, 2019/07/03, 13:28:47.757, 17984214961599, vstest.console.dll, TestPluginCache: Discovered the extensions using extension path ''.
TpTrace Verbose: 0 : 19636, 1, 2019/07/03, 13:28:47.757, 17984214967247, vstest.console.dll, TestPluginCache: Discoverers are ''.
TpTrace Verbose: 0 : 19636, 1, 2019/07/03, 13:28:47.757, 17984214970680, vstest.console.dll, TestPluginCache: Executors are ''.
TpTrace Verbose: 0 : 19636, 1, 2019/07/03, 13:28:47.758, 17984214972300, vstest.console.dll, TestPluginCache: Setting providers are ''.
TpTrace Verbose: 0 : 19636, 1, 2019/07/03, 13:28:47.758, 17984214977855, vstest.console.dll, TestPluginCache: Loggers are ''.
TpTrace Information: 0 : 19636, 1, 2019/07/03, 13:28:47.813, 17984215524632, vstest.console.dll, RunTestsArgumentProcessor:Execute: Test run is starting.
TpTrace Verbose: 0 : 19636, 1, 2019/07/03, 13:28:47.813, 17984215530623, vstest.console.dll, RunTestsArgumentProcessor:Execute: Queuing Test run.
TpTrace Information: 0 : 19636, 1, 2019/07/03, 13:28:47.815, 17984215541361, vstest.console.dll, TestRequestManager.RunTests: run tests started.
TpTrace Information: 0 : 19636, 1, 2019/07/03, 13:28:47.996, 17984217352719, vstest.console.dll, AssemblyMetadataProvider.GetFrameWork: Determined framework:'.NETCoreApp,Version=v2.0' for source: 'D:\projects\DevStudio\DevStudio.Core.UnitTest\bin\Debug\netcoreapp2.0\Microsoft.Carina.KG.DevStudio.Core.UnitTest.dll'
TpTrace Information: 0 : 19636, 1, 2019/07/03, 13:28:47.996, 17984217359820, vstest.console.dll, Determined framework for all sources: .NETCoreApp,Version=v2.0
TpTrace Information: 0 : 19636, 1, 2019/07/03, 13:28:48.001, 17984217402092, vstest.console.dll, AssemblyMetadataProvider.GetArchitecture: Determined architecture:AnyCPU info for assembly: D:\projects\DevStudio\DevStudio.Core.UnitTest\bin\Debug\netcoreapp2.0\Microsoft.Carina.KG.DevStudio.Core.UnitTest.dll
TpTrace Information: 0 : 19636, 1, 2019/07/03, 13:28:48.011, 17984217509945, vstest.console.dll, Determined platform for all sources: X86
TpTrace Information: 0 : 19636, 1, 2019/07/03, 13:28:48.018, 17984217572735, vstest.console.dll, Compatible sources list : 
TpTrace Information: 0 : 19636, 1, 2019/07/03, 13:28:48.018, 17984217575628, vstest.console.dll, D:\projects\DevStudio\DevStudio.Core.UnitTest\bin\Debug\netcoreapp2.0\Microsoft.Carina.KG.DevStudio.Core.UnitTest.dll
TpTrace Information: 0 : 19636, 1, 2019/07/03, 13:28:48.029, 17984217683486, vstest.console.dll, InferRunSettingsHelper.IsTestSettingsEnabled: Unable to navigate to RunSettings/MSTest. Current node: RunSettings
TpTrace Information: 0 : 19636, 1, 2019/07/03, 13:28:48.070, 17984218091080, vstest.console.dll, TestPluginManager.CreateTestExtension: Attempting to load test extension: Microsoft.VisualStudio.TestPlatform.CrossPlatEngine.Hosting.DefaultTestHostManager
TpTrace Information: 0 : 19636, 1, 2019/07/03, 13:28:48.071, 17984218101486, vstest.console.dll, TestPluginManager.CreateTestExtension: Attempting to load test extension: Microsoft.VisualStudio.TestPlatform.CrossPlatEngine.Hosting.DotnetTestHostManager
TpTrace Verbose: 0 : 19636, 1, 2019/07/03, 13:28:48.072, 17984218115493, vstest.console.dll, TestEngine: Initializing Parallel Execution as MaxCpuCount is set to: 1
TpTrace Information: 0 : 19636, 1, 2019/07/03, 13:28:48.073, 17984218124990, vstest.console.dll, InferRunSettingsHelper.IsTestSettingsEnabled: Unable to navigate to RunSettings/MSTest. Current node: RunSettings
TpTrace Verbose: 0 : 19636, 1, 2019/07/03, 13:28:48.106, 17984218458290, vstest.console.dll, TestRequestSender is acting as server
TpTrace Verbose: 0 : 19636, 1, 2019/07/03, 13:28:48.110, 17984218493288, vstest.console.dll, TestRunRequest.ExecuteAsync: Creating test run request.
TpTrace Verbose: 0 : 19636, 1, 2019/07/03, 13:28:48.111, 17984218509830, vstest.console.dll, TestRunRequest.ExecuteAsync: Starting.
TpTrace Information: 0 : 19636, 1, 2019/07/03, 13:28:48.112, 17984218518464, vstest.console.dll, TestRunRequest.ExecuteAsync: Starting run with settings:TestRunCriteria:
   KeepAlive=False,FrequencyOfRunStatsChangeEvent=10,RunStatsChangeEventTimeout=00:00:01.5000000,TestCaseFilter=,TestExecutorLauncher=
   Settingsxml=<RunSettings>
  <RunConfiguration>
    <ResultsDirectory>D:\projects\DevStudio\DevStudio.Core.UnitTest\TestResults</ResultsDirectory>
    <TargetPlatform>X86</TargetPlatform>
    <TargetFrameworkVersion>.NETCoreApp,Version=v2.0</TargetFrameworkVersion>
    <DesignMode>False</DesignMode>
    <CollectSourceInformation>False</CollectSourceInformation>
  </RunConfiguration>
  <LoggerRunSettings>
    <Loggers>
      <Logger friendlyName="Console" uri="logger://microsoft/TestPlatform/ConsoleLogger/v1" assemblyQualifiedName="Microsoft.VisualStudio.TestPlatform.CommandLine.Internal.ConsoleLogger, vstest.console, Version=15.0.0.0, Culture=neutral, PublicKeyToken=b03f5f7f11d50a3a" codeBase="C:\Program Files\dotnet\sdk\2.2.100-preview2-009404\vstest.console.dll" enabled="True" />
    </Loggers>
  </LoggerRunSettings>
</RunSettings>

TpTrace Verbose: 0 : 19636, 1, 2019/07/03, 13:28:48.113, 17984218523393, vstest.console.dll, TestRunRequest.ExecuteAsync: Wait for the first run request is over.
TpTrace Verbose: 0 : 19636, 1, 2019/07/03, 13:28:48.115, 17984218540990, vstest.console.dll, ParallelProxyExecutionManager: Start execution. Total sources: 1
TpTrace Information: 0 : 19636, 1, 2019/07/03, 13:28:48.116, 17984218556424, vstest.console.dll, ProxyParallelExecutionManager: Triggering test run for next source: D:\projects\DevStudio\DevStudio.Core.UnitTest\bin\Debug\netcoreapp2.0\Microsoft.Carina.KG.DevStudio.Core.UnitTest.dll
TpTrace Verbose: 0 : 19636, 1, 2019/07/03, 13:28:48.116, 17984218560349, vstest.console.dll, ProxyParallelExecutionManager: No sources available for execution.
TpTrace Information: 0 : 19636, 1, 2019/07/03, 13:28:48.117, 17984218562890, vstest.console.dll, TestRunRequest.ExecuteAsync: Started.
TpTrace Verbose: 0 : 19636, 4, 2019/07/03, 13:28:48.117, 17984218564365, vstest.console.dll, ParallelProxyExecutionManager: Execution started. Started clients: 1
TpTrace Verbose: 0 : 19636, 1, 2019/07/03, 13:28:48.117, 17984218565594, vstest.console.dll, TestRunRequest.WaitForCompletion: Waiting with timeout -1.
TpTrace Verbose: 0 : 19636, 4, 2019/07/03, 13:28:48.118, 17984218572513, vstest.console.dll, ProxyExecutionManager: Test host is always Lazy initialize.
TpTrace Verbose: 0 : 19636, 4, 2019/07/03, 13:28:48.118, 17984218578009, vstest.console.dll, TestRequestSender.InitializeCommunication: initialize communication. 
TpTrace Information: 0 : 19636, 4, 2019/07/03, 13:28:48.163, 17984219024874, vstest.console.dll, SocketServer.Start: Listening on endpoint : 127.0.0.1:50330
TpTrace Verbose: 0 : 19636, 4, 2019/07/03, 13:28:48.174, 17984219131790, vstest.console.dll, DotnetTestHostmanager: Full path of dotnet.exe is C:\Program Files\dotnet\dotnet.exe
TpTrace Verbose: 0 : 19636, 4, 2019/07/03, 13:28:48.175, 17984219142821, vstest.console.dll, DotnetTestHostmanager: Adding  --runtimeconfig "D:\projects\DevStudio\DevStudio.Core.UnitTest\bin\Debug\netcoreapp2.0\Microsoft.Carina.KG.DevStudio.Core.UnitTest.runtimeconfig.json" in args
TpTrace Verbose: 0 : 19636, 4, 2019/07/03, 13:28:48.175, 17984219146743, vstest.console.dll, DotnetTestHostmanager: Adding  --depsfile "D:\projects\DevStudio\DevStudio.Core.UnitTest\bin\Debug\netcoreapp2.0\Microsoft.Carina.KG.DevStudio.Core.UnitTest.deps.json" in args
TpTrace Information: 0 : 19636, 4, 2019/07/03, 13:28:48.175, 17984219150556, vstest.console.dll, AssemblyResolver.OnResolve: Microsoft.Extensions.DependencyModel: Resolving assembly.
TpTrace Information: 0 : 19636, 4, 2019/07/03, 13:28:48.178, 17984219179599, vstest.console.dll, AssemblyResolver.OnResolve: Resolved assembly: Microsoft.Extensions.DependencyModel, from path: C:\Program Files\dotnet\sdk\2.2.100-preview2-009404\Microsoft.Extensions.DependencyModel.dll
TpTrace Verbose: 0 : 19636, 4, 2019/07/03, 13:28:48.180, 17984219193975, vstest.console.dll, DotnetTestHostmanager: Reading file D:\projects\DevStudio\DevStudio.Core.UnitTest\bin\Debug\netcoreapp2.0\Microsoft.Carina.KG.DevStudio.Core.UnitTest.deps.json to get path of testhost.dll
TpTrace Verbose: 0 : 19636, 4, 2019/07/03, 13:28:48.382, 17984221217189, vstest.console.dll, DotnetTestHostmanager: Relative path of testhost.dll with respect to package folder is microsoft.testplatform.testhost/15.8.0\lib/netstandard1.5/testhost.dll
TpTrace Verbose: 0 : 19636, 4, 2019/07/03, 13:28:48.406, 17984221455766, vstest.console.dll, DotnetTestHostmanager: Looking for path microsoft.testplatform.testhost/15.8.0\lib/netstandard1.5/testhost.dll in folder C:\Users\yize\.dotnet\store\|arch|\|tfm|
TpTrace Verbose: 0 : 19636, 4, 2019/07/03, 13:28:48.406, 17984221459970, vstest.console.dll, DotnetTestHostmanager: Looking for path microsoft.testplatform.testhost/15.8.0\lib/netstandard1.5/testhost.dll in folder C:\Users\yize\.nuget\packages
TpTrace Verbose: 0 : 19636, 4, 2019/07/03, 13:28:48.407, 17984221465289, vstest.console.dll, DotnetTestHostmanager: Full path of testhost.dll is C:\Users\yize\.nuget\packages\microsoft.testplatform.testhost/15.8.0\lib/netstandard1.5/testhost.dll
TpTrace Verbose: 0 : 19636, 7, 2019/07/03, 13:28:48.408, 17984221478958, vstest.console.dll, DotnetTestHostManager: Starting process 'C:\Program Files\dotnet\dotnet.exe' with command line 'exec --runtimeconfig "D:\projects\DevStudio\DevStudio.Core.UnitTest\bin\Debug\netcoreapp2.0\Microsoft.Carina.KG.DevStudio.Core.UnitTest.runtimeconfig.json" --depsfile "D:\projects\DevStudio\DevStudio.Core.UnitTest\bin\Debug\netcoreapp2.0\Microsoft.Carina.KG.DevStudio.Core.UnitTest.deps.json" "C:\Users\yize\.nuget\packages\microsoft.testplatform.testhost/15.8.0\lib/netstandard1.5/testhost.dll" --port 50330 --endpoint 127.0.0.1:050330 --role client --parentprocessid 19636 --diag "D:\projects\DevStudio\DevStudio.Core.UnitTest\log.host.19-07-03_13-28-48_17132_4.txt" --tracelevel 4 --telemetryoptedin false'
TpTrace Verbose: 0 : 19636, 7, 2019/07/03, 13:28:48.425, 17984221649458, vstest.console.dll, Test Runtime launched
TpTrace Verbose: 0 : 19636, 4, 2019/07/03, 13:28:48.427, 17984221666220, vstest.console.dll, TestRequestSender.WaitForRequestHandlerConnection: waiting for connection with timeout: 90000
TpTrace Verbose: 0 : 19636, 6, 2019/07/03, 13:28:48.790, 17984225293104, vstest.console.dll, SocketServer.OnClientConnected: Client connected for endPoint: 127.0.0.1:50330, starting MessageLoopAsync:
TpTrace Verbose: 0 : 19636, 7, 2019/07/03, 13:28:48.790, 17984225300350, vstest.console.dll, TcpClientExtensions.MessageLoopAsync: Polling on remoteEndPoint: 127.0.0.1:50337 localEndPoint: 127.0.0.1:50330
TpTrace Verbose: 0 : 19636, 7, 2019/07/03, 13:28:49.477, 17984232161769, vstest.console.dll, TcpClientExtensions.MessageLoopAsync: NotifyDataAvailable remoteEndPoint: 127.0.0.1:50337 localEndPoint: 127.0.0.1:50330
TpTrace Verbose: 0 : 19636, 7, 2019/07/03, 13:28:49.483, 17984232230192, vstest.console.dll, TestRequestSender.CheckVersionWithTestHost: onMessageReceived received message: (ProtocolVersion) -> 2
TpTrace Verbose: 0 : 19636, 7, 2019/07/03, 13:28:49.484, 17984232237419, vstest.console.dll, TcpClientExtensions.MessageLoopAsync: Polling on remoteEndPoint: 127.0.0.1:50337 localEndPoint: 127.0.0.1:50330
TpTrace Verbose: 0 : 19636, 4, 2019/07/03, 13:28:49.485, 17984232242077, vstest.console.dll, TestPluginCache.GetExtensionPaths: Filtered extension paths: 
TpTrace Verbose: 0 : 19636, 4, 2019/07/03, 13:28:49.485, 17984232245316, vstest.console.dll, TestPluginCache.GetExtensionPaths: Added default extension paths: C:\Program Files\dotnet\sdk\2.2.100-preview2-009404\Extensions\Microsoft.TestPlatform.Extensions.BlameDataCollector.dll
C:\Program Files\dotnet\sdk\2.2.100-preview2-009404\Extensions\Microsoft.TestPlatform.Extensions.EventLogCollector.dll
C:\Program Files\dotnet\sdk\2.2.100-preview2-009404\Extensions\Microsoft.TestPlatform.TestHostRuntimeProvider.dll
C:\Program Files\dotnet\sdk\2.2.100-preview2-009404\Extensions\Microsoft.VisualStudio.TestPlatform.Extensions.Trx.TestLogger.dll
TpTrace Verbose: 0 : 19636, 4, 2019/07/03, 13:28:49.485, 17984232247000, vstest.console.dll, TestPluginCache.GetExtensionPaths: Added unfilterableExtensionPaths: 
TpTrace Verbose: 0 : 19636, 4, 2019/07/03, 13:28:49.494, 17984232333349, vstest.console.dll, TestRequestSender.InitializeExecution: Sending initializing execution with message: {"Version":2,"MessageType":"TestExecution.Initialize","Payload":["D:\\projects\\DevStudio\\DevStudio.Core.UnitTest\\bin\\Debug\\netcoreapp2.0\\Microsoft.VisualStudio.TestPlatform.MSTest.TestAdapter.dll"]}
TpTrace Verbose: 0 : 19636, 4, 2019/07/03, 13:28:49.515, 17984232545152, vstest.console.dll, TestRequestSender.StartTestRun: Sending test run with message: {"Version":2,"MessageType":"TestExecution.StartWithSources","Payload":{"AdapterSourceMap":{"_none_":["D:\\projects\\DevStudio\\DevStudio.Core.UnitTest\\bin\\Debug\\netcoreapp2.0\\Microsoft.Carina.KG.DevStudio.Core.UnitTest.dll"]},"RunSettings":"<RunSettings>\r\n  <RunConfiguration>\r\n    <ResultsDirectory>D:\\projects\\DevStudio\\DevStudio.Core.UnitTest\\TestResults</ResultsDirectory>\r\n    <TargetPlatform>X86</TargetPlatform>\r\n    <TargetFrameworkVersion>.NETCoreApp,Version=v2.0</TargetFrameworkVersion>\r\n    <DesignMode>False</DesignMode>\r\n    <CollectSourceInformation>False</CollectSourceInformation>\r\n  </RunConfiguration>\r\n  <LoggerRunSettings>\r\n    <Loggers>\r\n      <Logger friendlyName=\"Console\" uri=\"logger://microsoft/TestPlatform/ConsoleLogger/v1\" assemblyQualifiedName=\"Microsoft.VisualStudio.TestPlatform.CommandLine.Internal.ConsoleLogger, vstest.console, Version=15.0.0.0, Culture=neutral, PublicKeyToken=b03f5f7f11d50a3a\" codeBase=\"C:\\Program Files\\dotnet\\sdk\\2.2.100-preview2-009404\\vstest.console.dll\" enabled=\"True\" />\r\n    </Loggers>\r\n  </LoggerRunSettings>\r\n</RunSettings>","TestExecutionContext":{"FrequencyOfRunStatsChangeEvent":10,"RunStatsChangeEventTimeout":"00:00:01.5000000","InIsolation":false,"KeepAlive":false,"AreTestCaseLevelEventsRequired":false,"IsDebug":false,"TestCaseFilter":null,"FilterOptions":null},"Package":null}}
TpTrace Verbose: 0 : 19636, 7, 2019/07/03, 13:28:49.530, 17984232694268, vstest.console.dll, TcpClientExtensions.MessageLoopAsync: NotifyDataAvailable remoteEndPoint: 127.0.0.1:50337 localEndPoint: 127.0.0.1:50330
TpTrace Verbose: 0 : 19636, 7, 2019/07/03, 13:28:49.530, 17984232697369, vstest.console.dll, TestRequestSender.OnExecutionMessageReceived: Received message: {"Version":2,"MessageType":"TestSession.Message","Payload":{"MessageLevel":0,"Message":"Logging TestHost Diagnostics in file: D:\\projects\\DevStudio\\DevStudio.Core.UnitTest\\log.host.19-07-03_13-28-48_17132_4.txt"}}
TpTrace Verbose: 0 : 19636, 7, 2019/07/03, 13:28:49.536, 17984232754012, vstest.console.dll, TestRunRequest:SendTestRunMessage: Starting.
TpTrace Information: 0 : 19636, 7, 2019/07/03, 13:28:49.536, 17984232759318, vstest.console.dll, TestRunRequest:SendTestRunMessage: Completed.
TpTrace Verbose: 0 : 19636, 7, 2019/07/03, 13:28:49.537, 17984232762149, vstest.console.dll, TcpClientExtensions.MessageLoopAsync: Polling on remoteEndPoint: 127.0.0.1:50337 localEndPoint: 127.0.0.1:50330
TpTrace Verbose: 0 : 19636, 7, 2019/07/03, 13:28:50.537, 17984242767455, vstest.console.dll, TcpClientExtensions.MessageLoopAsync: Polling on remoteEndPoint: 127.0.0.1:50337 localEndPoint: 127.0.0.1:50330
TpTrace Verbose: 0 : 19636, 7, 2019/07/03, 13:28:51.537, 17984252767977, vstest.console.dll, TcpClientExtensions.MessageLoopAsync: Polling on remoteEndPoint: 127.0.0.1:50337 localEndPoint: 127.0.0.1:50330
TpTrace Verbose: 0 : 19636, 7, 2019/07/03, 13:28:51.552, 17984252914158, vstest.console.dll, TcpClientExtensions.MessageLoopAsync: NotifyDataAvailable remoteEndPoint: 127.0.0.1:50337 localEndPoint: 127.0.0.1:50330
TpTrace Verbose: 0 : 19636, 7, 2019/07/03, 13:28:51.552, 17984252919970, vstest.console.dll, TestRequestSender.OnExecutionMessageReceived: Received message: {"Version":2,"MessageType":"TestExecution.StatsChange","Payload":{"NewTestResults":[],"TestRunStatistics":{"ExecutedTests":0,"Stats":{}},"ActiveTests":[{"Id":"eab171f2-af80-3744-75d3-b29081d2edf6","FullyQualifiedName":"Microsoft.Carina.KG.DevStudio.Core.UnitTest.StorageGenerator.TestGenerateStorageJob.TestGenerateStorage","DisplayName":"TestGenerateStorage","ExecutorUri":"executor://MSTestAdapter/v2","Source":"D:\\projects\\DevStudio\\DevStudio.Core.UnitTest\\bin\\Debug\\netcoreapp2.0\\Microsoft.Carina.KG.DevStudio.Core.UnitTest.dll","CodeFilePath":null,"LineNumber":-1,"Properties":[{"Key":{"Id":"MSTestDiscoverer.TestClassName","Label":"ClassName","Category":"","Description":"","Attributes":1,"ValueType":"System.String"},"Value":"Microsoft.Carina.KG.DevStudio.Core.UnitTest.StorageGenerator.TestGenerateStorageJob"},{"Key":{"Id":"TestObject.Traits","Label":"Traits","Category":"","Description":"","Attributes":5,"ValueType":"System.Collections.Generic.KeyValuePair`2[[System.String],[System.String]][]"},"Value":[]}]}]}}
TpTrace Verbose: 0 : 19636, 7, 2019/07/03, 13:28:51.651, 17984253910396, vstest.console.dll, TestRunRequest:SendTestRunStatsChange: Starting.
TpTrace Verbose: 0 : 19636, 7, 2019/07/03, 13:28:51.652, 17984253915711, vstest.console.dll, InProgress is TestGenerateStorage
TpTrace Information: 0 : 19636, 7, 2019/07/03, 13:28:51.652, 17984253919602, vstest.console.dll, TestRunRequest:SendTestRunStatsChange: Completed.
TpTrace Verbose: 0 : 19636, 7, 2019/07/03, 13:28:51.653, 17984253922074, vstest.console.dll, TcpClientExtensions.MessageLoopAsync: Polling on remoteEndPoint: 127.0.0.1:50337 localEndPoint: 127.0.0.1:50330
TpTrace Verbose: 0 : 19636, 7, 2019/07/03, 13:28:52.653, 17984263927770, vstest.console.dll, TcpClientExtensions.MessageLoopAsync: Polling on remoteEndPoint: 127.0.0.1:50337 localEndPoint: 127.0.0.1:50330
TpTrace Verbose: 0 : 19636, 7, 2019/07/03, 13:28:53.653, 17984273927638, vstest.console.dll, TcpClientExtensions.MessageLoopAsync: Polling on remoteEndPoint: 127.0.0.1:50337 localEndPoint: 127.0.0.1:50330
TpTrace Verbose: 0 : 19636, 7, 2019/07/03, 13:28:54.654, 17984283937796, vstest.console.dll, TcpClientExtensions.MessageLoopAsync: Polling on remoteEndPoint: 127.0.0.1:50337 localEndPoint: 127.0.0.1:50330
TpTrace Verbose: 0 : 19636, 7, 2019/07/03, 13:28:55.654, 17984293937398, vstest.console.dll, TcpClientExtensions.MessageLoopAsync: Polling on remoteEndPoint: 127.0.0.1:50337 localEndPoint: 127.0.0.1:50330
TpTrace Verbose: 0 : 19636, 7, 2019/07/03, 13:28:56.655, 17984303947945, vstest.console.dll, TcpClientExtensions.MessageLoopAsync: Polling on remoteEndPoint: 127.0.0.1:50337 localEndPoint: 127.0.0.1:50330
TpTrace Verbose: 0 : 19636, 7, 2019/07/03, 13:28:57.656, 17984313957478, vstest.console.dll, TcpClientExtensions.MessageLoopAsync: Polling on remoteEndPoint: 127.0.0.1:50337 localEndPoint: 127.0.0.1:50330
TpTrace Verbose: 0 : 19636, 7, 2019/07/03, 13:28:58.656, 17984323959400, vstest.console.dll, TcpClientExtensions.MessageLoopAsync: Polling on remoteEndPoint: 127.0.0.1:50337 localEndPoint: 127.0.0.1:50330
TpTrace Verbose: 0 : 19636, 7, 2019/07/03, 13:28:59.656, 17984333958099, vstest.console.dll, TcpClientExtensions.MessageLoopAsync: Polling on remoteEndPoint: 127.0.0.1:50337 localEndPoint: 127.0.0.1:50330
TpTrace Verbose: 0 : 19636, 7, 2019/07/03, 13:29:00.657, 17984343967974, vstest.console.dll, TcpClientExtensions.MessageLoopAsync: Polling on remoteEndPoint: 127.0.0.1:50337 localEndPoint: 127.0.0.1:50330
TpTrace Verbose: 0 : 19636, 7, 2019/07/03, 13:29:01.657, 17984353970632, vstest.console.dll, TcpClientExtensions.MessageLoopAsync: Polling on remoteEndPoint: 127.0.0.1:50337 localEndPoint: 127.0.0.1:50330
TpTrace Verbose: 0 : 19636, 7, 2019/07/03, 13:29:02.658, 17984363977557, vstest.console.dll, TcpClientExtensions.MessageLoopAsync: Polling on remoteEndPoint: 127.0.0.1:50337 localEndPoint: 127.0.0.1:50330
TpTrace Verbose: 0 : 19636, 7, 2019/07/03, 13:29:03.658, 17984373977799, vstest.console.dll, TcpClientExtensions.MessageLoopAsync: Polling on remoteEndPoint: 127.0.0.1:50337 localEndPoint: 127.0.0.1:50330
TpTrace Verbose: 0 : 19636, 7, 2019/07/03, 13:29:04.658, 17984383980463, vstest.console.dll, TcpClientExtensions.MessageLoopAsync: Polling on remoteEndPoint: 127.0.0.1:50337 localEndPoint: 127.0.0.1:50330
TpTrace Verbose: 0 : 19636, 7, 2019/07/03, 13:29:05.658, 17984393980476, vstest.console.dll, TcpClientExtensions.MessageLoopAsync: Polling on remoteEndPoint: 127.0.0.1:50337 localEndPoint: 127.0.0.1:50330
TpTrace Verbose: 0 : 19636, 7, 2019/07/03, 13:29:06.659, 17984403984278, vstest.console.dll, TcpClientExtensions.MessageLoopAsync: Polling on remoteEndPoint: 127.0.0.1:50337 localEndPoint: 127.0.0.1:50330
TpTrace Verbose: 0 : 19636, 7, 2019/07/03, 13:29:07.660, 17984413992214, vstest.console.dll, TcpClientExtensions.MessageLoopAsync: Polling on remoteEndPoint: 127.0.0.1:50337 localEndPoint: 127.0.0.1:50330
TpTrace Verbose: 0 : 19636, 7, 2019/07/03, 13:29:08.660, 17984423998502, vstest.console.dll, TcpClientExtensions.MessageLoopAsync: Polling on remoteEndPoint: 127.0.0.1:50337 localEndPoint: 127.0.0.1:50330
TpTrace Verbose: 0 : 19636, 7, 2019/07/03, 13:29:09.661, 17984434008179, vstest.console.dll, TcpClientExtensions.MessageLoopAsync: Polling on remoteEndPoint: 127.0.0.1:50337 localEndPoint: 127.0.0.1:50330
TpTrace Verbose: 0 : 19636, 7, 2019/07/03, 13:29:10.034, 17984437733517, vstest.console.dll, TcpClientExtensions.MessageLoopAsync: NotifyDataAvailable remoteEndPoint: 127.0.0.1:50337 localEndPoint: 127.0.0.1:50330
TpTrace Verbose: 0 : 19636, 7, 2019/07/03, 13:29:10.035, 17984437741312, vstest.console.dll, TestRequestSender.OnExecutionMessageReceived: Received message: {"Version":2,"MessageType":"TestExecution.StatsChange","Payload":{"NewTestResults":[{"TestCase":{"Id":"eab171f2-af80-3744-75d3-b29081d2edf6","FullyQualifiedName":"Microsoft.Carina.KG.DevStudio.Core.UnitTest.StorageGenerator.TestGenerateStorageJob.TestGenerateStorage","DisplayName":"TestGenerateStorage","ExecutorUri":"executor://MSTestAdapter/v2","Source":"D:\\projects\\DevStudio\\DevStudio.Core.UnitTest\\bin\\Debug\\netcoreapp2.0\\Microsoft.Carina.KG.DevStudio.Core.UnitTest.dll","CodeFilePath":null,"LineNumber":-1,"Properties":[{"Key":{"Id":"MSTestDiscoverer.TestClassName","Label":"ClassName","Category":"","Description":"","Attributes":1,"ValueType":"System.String"},"Value":"Microsoft.Carina.KG.DevStudio.Core.UnitTest.StorageGenerator.TestGenerateStorageJob"},{"Key":{"Id":"TestObject.Traits","Label":"Traits","Category":"","Description":"","Attributes":5,"ValueType":"System.Collections.Generic.KeyValuePair`2[[System.String],[System.String]][]"},"Value":[]}]},"Attachments":[],"Outcome":1,"ErrorMessage":null,"ErrorStackTrace":null,"DisplayName":null,"Messages":[{"Category":"StdOutMsgs","Text":"Start validate poem.ttl\r\n[TTL Parser] Validate Result: Pass\r\nStart generate schema\r\nSuccessfully generate schema\r\n[Undefined Object] Validate Result: Pass\r\n[No Type Cell] Validate Result: Pass\r\n[Single Type Cell] Validate Result: Pass\r\n[Multi Type Cell] Validate Result: Pass\r\nAll Pass\r\nAppend single type done\r\nLoading ttl files\r\nBuilding entity type\r\nProcessing triples\r\nSaving storage\r\nGenerate storage done\r\nSystem.IO.IOException: The process cannot access the file 'D:\\projects\\DevStudio\\DevStudio.Core.UnitTest\\bin\\Debug\\netcoreapp2.0\\storageOut\\storage\\A\\write_ahead_log\\primary_storage_log_1.dat' because it is being used by another process.\r\n   at System.IO.FileStream.OpenHandle(FileMode mode, FileShare share, FileOptions options)\r\n   at System.IO.FileStream..ctor(String path, FileMode mode, FileAccess access, FileShare share, Int32 bufferSize, FileOptions options)\r\n   at System.IO.Compression.ZipFileExtensions.DoCreateEntryFromFile(ZipArchive destination, String sourceFileName, String entryName, Nullable`1 compressionLevel)\r\n   at System.IO.Compression.ZipFile.DoCreateFromDirectory(String sourceDirectoryName, String destinationArchiveFileName, Nullable`1 compressionLevel, Boolean includeBaseDirectory, Encoding entryNameEncoding)\r\n   at System.IO.Compression.ZipFile.CreateFromDirectory(String sourceDirectoryName, String destinationArchiveFileName)\r\n   at Microsoft.Carina.KG.DevStudio.Core.StorageGenerator.GenerateStorageJob.CompressDirectory(String versionName, DirectoryInfo directory)\r\nCompressed storage file(testversion) uploaded successfully\r\n"}],"ComputerName":null,"Duration":"00:00:19.6779880","StartTime":"2019-07-03T13:28:50.2317025+08:00","EndTime":"2019-07-03T13:29:09.9699782+08:00","Properties":[]}],"TestRunStatistics":{"ExecutedTests":1,"Stats":{"Passed":1}},"ActiveTests":[{"Id":"7d2736c6-e06d-82a0-c76d-76692f485585","FullyQualifiedName":"Microsoft.Carina.KG.DevStudio.Core.UnitTest.OntologyBuilder.TestBuildOntologyJob.TestBuildOntologyBad","DisplayName":"TestBuildOntologyBad","ExecutorUri":"executor://MSTestAdapter/v2","Source":"D:\\projects\\DevStudio\\DevStudio.Core.UnitTest\\bin\\Debug\\netcoreapp2.0\\Microsoft.Carina.KG.DevStudio.Core.UnitTest.dll","CodeFilePath":null,"LineNumber":-1,"Properties":[{"Key":{"Id":"MSTestDiscoverer.TestClassName","Label":"ClassName","Category":"","Description":"","Attributes":1,"ValueType":"System.String"},"Value":"Microsoft.Carina.KG.DevStudio.Core.UnitTest.OntologyBuilder.TestBuildOntologyJob"},{"Key":{"Id":"TestObject.Traits","Label":"Traits","Category":"","Description":"","Attributes":5,"ValueType":"System.Collections.Generic.KeyValuePair`2[[System.String],[System.String]][]"},"Value":[]}]}]}}
TpTrace Verbose: 0 : 19636, 7, 2019/07/03, 13:29:10.062, 17984438011987, vstest.console.dll, TestRunRequest:SendTestRunStatsChange: Starting.
TpTrace Verbose: 0 : 19636, 7, 2019/07/03, 13:29:10.062, 17984438014352, vstest.console.dll, InProgress is TestBuildOntologyBad
TpTrace Information: 0 : 19636, 7, 2019/07/03, 13:29:10.062, 17984438019914, vstest.console.dll, TestRunRequest:SendTestRunStatsChange: Completed.
TpTrace Verbose: 0 : 19636, 7, 2019/07/03, 13:29:10.063, 17984438022091, vstest.console.dll, TcpClientExtensions.MessageLoopAsync: Polling on remoteEndPoint: 127.0.0.1:50337 localEndPoint: 127.0.0.1:50330
TpTrace Verbose: 0 : 19636, 7, 2019/07/03, 13:29:11.063, 17984448028019, vstest.console.dll, TcpClientExtensions.MessageLoopAsync: Polling on remoteEndPoint: 127.0.0.1:50337 localEndPoint: 127.0.0.1:50330
TpTrace Verbose: 0 : 19636, 7, 2019/07/03, 13:29:11.541, 17984452806142, vstest.console.dll, TcpClientExtensions.MessageLoopAsync: NotifyDataAvailable remoteEndPoint: 127.0.0.1:50337 localEndPoint: 127.0.0.1:50330
TpTrace Verbose: 0 : 19636, 7, 2019/07/03, 13:29:11.542, 17984452813339, vstest.console.dll, TestRequestSender.OnExecutionMessageReceived: Received message: {"Version":2,"MessageType":"TestExecution.StatsChange","Payload":{"NewTestResults":[{"TestCase":{"Id":"7d2736c6-e06d-82a0-c76d-76692f485585","FullyQualifiedName":"Microsoft.Carina.KG.DevStudio.Core.UnitTest.OntologyBuilder.TestBuildOntologyJob.TestBuildOntologyBad","DisplayName":"TestBuildOntologyBad","ExecutorUri":"executor://MSTestAdapter/v2","Source":"D:\\projects\\DevStudio\\DevStudio.Core.UnitTest\\bin\\Debug\\netcoreapp2.0\\Microsoft.Carina.KG.DevStudio.Core.UnitTest.dll","CodeFilePath":null,"LineNumber":-1,"Properties":[{"Key":{"Id":"MSTestDiscoverer.TestClassName","Label":"ClassName","Category":"","Description":"","Attributes":1,"ValueType":"System.String"},"Value":"Microsoft.Carina.KG.DevStudio.Core.UnitTest.OntologyBuilder.TestBuildOntologyJob"},{"Key":{"Id":"TestObject.Traits","Label":"Traits","Category":"","Description":"","Attributes":5,"ValueType":"System.Collections.Generic.KeyValuePair`2[[System.String],[System.String]][]"},"Value":[]}]},"Attachments":[],"Outcome":1,"ErrorMessage":null,"ErrorStackTrace":null,"DisplayName":null,"Messages":[{"Category":"StdOutMsgs","Text":"No Version determined\r\nOntologyType should not be empty\r\nPath a does not exist\r\nPath a does not exist\r\nDo not support current data file type\r\nDomain output path must be specified\r\n"}],"ComputerName":null,"Duration":"00:00:00.0130223","StartTime":"2019-07-03T13:29:10.0345186+08:00","EndTime":"2019-07-03T13:29:10.0485106+08:00","Properties":[]},{"TestCase":{"Id":"eda58f74-f62b-84ee-367d-6e539d1e5a32","FullyQualifiedName":"Microsoft.Carina.KG.DevStudio.Core.UnitTest.OntologyBuilder.TestConvertRdfsToTslJob.TestConvertRdfsToTsl","DisplayName":"TestConvertRdfsToTsl","ExecutorUri":"executor://MSTestAdapter/v2","Source":"D:\\projects\\DevStudio\\DevStudio.Core.UnitTest\\bin\\Debug\\netcoreapp2.0\\Microsoft.Carina.KG.DevStudio.Core.UnitTest.dll","CodeFilePath":null,"LineNumber":-1,"Properties":[{"Key":{"Id":"MSTestDiscoverer.TestClassName","Label":"ClassName","Category":"","Description":"","Attributes":1,"ValueType":"System.String"},"Value":"Microsoft.Carina.KG.DevStudio.Core.UnitTest.OntologyBuilder.TestConvertRdfsToTslJob"},{"Key":{"Id":"TestObject.Traits","Label":"Traits","Category":"","Description":"","Attributes":5,"ValueType":"System.Collections.Generic.KeyValuePair`2[[System.String],[System.String]][]"},"Value":[]}]},"Attachments":[],"Outcome":1,"ErrorMessage":null,"ErrorStackTrace":null,"DisplayName":null,"Messages":[],"ComputerName":null,"Duration":"00:00:00.0582687","StartTime":"2019-07-03T13:29:10.0502218+08:00","EndTime":"2019-07-03T13:29:10.1090085+08:00","Properties":[]},{"TestCase":{"Id":"ccb1b235-ef8f-894b-1602-51b17c7eba04","FullyQualifiedName":"Microsoft.Carina.KG.DevStudio.Core.UnitTest.OntologyBuilder.TestConvertXmlToRdfsJob.TestConvertXmlToRdfs","DisplayName":"TestConvertXmlToRdfs","ExecutorUri":"executor://MSTestAdapter/v2","Source":"D:\\projects\\DevStudio\\DevStudio.Core.UnitTest\\bin\\Debug\\netcoreapp2.0\\Microsoft.Carina.KG.DevStudio.Core.UnitTest.dll","CodeFilePath":null,"LineNumber":-1,"Properties":[{"Key":{"Id":"MSTestDiscoverer.TestClassName","Label":"ClassName","Category":"","Description":"","Attributes":1,"ValueType":"System.String"},"Value":"Microsoft.Carina.KG.DevStudio.Core.UnitTest.OntologyBuilder.TestConvertXmlToRdfsJob"},{"Key":{"Id":"TestObject.Traits","Label":"Traits","Category":"","Description":"","Attributes":5,"ValueType":"System.Collections.Generic.KeyValuePair`2[[System.String],[System.String]][]"},"Value":[]}]},"Attachments":[],"Outcome":1,"ErrorMessage":null,"ErrorStackTrace":null,"DisplayName":null,"Messages":[{"Category":"StdOutMsgs","Text":"Start loading Satori ontology...\r\nFinished Loading Satori ontology! [0.057s]\r\nIgnore property mso:people__person__city_of_birth\r\nIgnore property mso:people__person__country_of_birth\r\nIgnore property mso:people__person__hometown\r\nIgnore property mso:people__person__quotation\r\nIgnore property mso:type__object__attribution\r\nIgnore property mso:type__object__composite_image\r\nIgnore property mso:type__object__image\r\nIgnore property mso:type__object__keyword\r\nIgnore property mso:type__object__localization\r\nIgnore property mso:type__object__popularity\r\nIgnore property mso:type__object__preferred_image\r\nIgnore property mso:type__object__ranking\r\nIgnore property mso:type__object__related_object\r\nIgnore property mso:type__object__related_object_external\r\nIgnore property mso:type__object__text\r\nIgnore property mso:type__object__text_passage\r\nIgnore property mso:type__object__tokenized_description\r\nIgnore property mso:type__object__webpage\r\nRDFS filepath = D:\\projects\\DevStudio\\DevStudio.Core.UnitTest\\bin\\Debug\\netcoreapp2.0\\Rdfs.owl\r\n"}],"ComputerName":null,"Duration":"00:00:00.0875240","StartTime":"2019-07-03T13:29:10.1098886+08:00","EndTime":"2019-07-03T13:29:10.1977756+08:00","Properties":[]},{"TestCase":{"Id":"ef2e2866-3e45-e7e4-3d57-d21094d692b1","FullyQualifiedName":"Microsoft.Carina.KG.DevStudio.Core.UnitTest.OntologyBuilder.TestNode.TestAllNodeObject","DisplayName":"TestAllNodeObject","ExecutorUri":"executor://MSTestAdapter/v2","Source":"D:\\projects\\DevStudio\\DevStudio.Core.UnitTest\\bin\\Debug\\netcoreapp2.0\\Microsoft.Carina.KG.DevStudio.Core.UnitTest.dll","CodeFilePath":null,"LineNumber":-1,"Properties":[{"Key":{"Id":"MSTestDiscoverer.TestClassName","Label":"ClassName","Category":"","Description":"","Attributes":1,"ValueType":"System.String"},"Value":"Microsoft.Carina.KG.DevStudio.Core.UnitTest.OntologyBuilder.TestNode"},{"Key":{"Id":"TestObject.Traits","Label":"Traits","Category":"","Description":"","Attributes":5,"ValueType":"System.Collections.Generic.KeyValuePair`2[[System.String],[System.String]][]"},"Value":[]}]},"Attachments":[],"Outcome":1,"ErrorMessage":null,"ErrorStackTrace":null,"DisplayName":null,"Messages":[],"ComputerName":null,"Duration":"00:00:00.0093740","StartTime":"2019-07-03T13:29:10.1998969+08:00","EndTime":"2019-07-03T13:29:10.2097615+08:00","Properties":[]},{"TestCase":{"Id":"da1be7e8-22b0-2a35-92cd-f22f61e5c768","FullyQualifiedName":"Microsoft.Carina.KG.DevStudio.Core.UnitTest.OntologyBuilder.TestOBUtils.TestString2PropertyType","DisplayName":"TestString2PropertyType","ExecutorUri":"executor://MSTestAdapter/v2","Source":"D:\\projects\\DevStudio\\DevStudio.Core.UnitTest\\bin\\Debug\\netcoreapp2.0\\Microsoft.Carina.KG.DevStudio.Core.UnitTest.dll","CodeFilePath":null,"LineNumber":-1,"Properties":[{"Key":{"Id":"MSTestDiscoverer.TestClassName","Label":"ClassName","Category":"","Description":"","Attributes":1,"ValueType":"System.String"},"Value":"Microsoft.Carina.KG.DevStudio.Core.UnitTest.OntologyBuilder.TestOBUtils"},{"Key":{"Id":"TestObject.Traits","Label":"Traits","Category":"","Description":"","Attributes":5,"ValueType":"System.Collections.Generic.KeyValuePair`2[[System.String],[System.String]][]"},"Value":[]}]},"Attachments":[],"Outcome":1,"ErrorMessage":null,"ErrorStackTrace":null,"DisplayName":null,"Messages":[],"ComputerName":null,"Duration":"00:00:00.0070218","StartTime":"2019-07-03T13:29:10.2108618+08:00","EndTime":"2019-07-03T13:29:10.218244+08:00","Properties":[]},{"TestCase":{"Id":"9f25e830-7932-32a0-e7fc-9588e998eb97","FullyQualifiedName":"Microsoft.Carina.KG.DevStudio.Core.UnitTest.OntologyBuilder.TestOBUtils.TestGetNormalizedName","DisplayName":"TestGetNormalizedName","ExecutorUri":"executor://MSTestAdapter/v2","Source":"D:\\projects\\DevStudio\\DevStudio.Core.UnitTest\\bin\\Debug\\netcoreapp2.0\\Microsoft.Carina.KG.DevStudio.Core.UnitTest.dll","CodeFilePath":null,"LineNumber":-1,"Properties":[{"Key":{"Id":"MSTestDiscoverer.TestClassName","Label":"ClassName","Category":"","Description":"","Attributes":1,"ValueType":"System.String"},"Value":"Microsoft.Carina.KG.DevStudio.Core.UnitTest.OntologyBuilder.TestOBUtils"},{"Key":{"Id":"TestObject.Traits","Label":"Traits","Category":"","Description":"","Attributes":5,"ValueType":"System.Collections.Generic.KeyValuePair`2[[System.String],[System.String]][]"},"Value":[]}]},"Attachments":[],"Outcome":1,"ErrorMessage":null,"ErrorStackTrace":null,"DisplayName":null,"Messages":[],"ComputerName":null,"Duration":"00:00:00.0007987","StartTime":"2019-07-03T13:29:10.2194371+08:00","EndTime":"2019-07-03T13:29:10.2204579+08:00","Properties":[]}],"TestRunStatistics":{"ExecutedTests":7,"Stats":{"Passed":7}},"ActiveTests":[{"Id":"762e1678-351d-b9f6-8972-7b79c95e6eee","FullyQualifiedName":"Microsoft.Carina.KG.DevStudio.Core.UnitTest.OntologyBuilder.TestTslCompilerJob.TestCompilerTsl","DisplayName":"TestCompilerTsl","ExecutorUri":"executor://MSTestAdapter/v2","Source":"D:\\projects\\DevStudio\\DevStudio.Core.UnitTest\\bin\\Debug\\netcoreapp2.0\\Microsoft.Carina.KG.DevStudio.Core.UnitTest.dll","CodeFilePath":null,"LineNumber":-1,"Properties":[{"Key":{"Id":"MSTestDiscoverer.TestClassName","Label":"ClassName","Category":"","Description":"","Attributes":1,"ValueType":"System.String"},"Value":"Microsoft.Carina.KG.DevStudio.Core.UnitTest.OntologyBuilder.TestTslCompilerJob"},{"Key":{"Id":"TestObject.Traits","Label":"Traits","Category":"","Description":"","Attributes":5,"ValueType":"System.Collections.Generic.KeyValuePair`2[[System.String],[System.String]][]"},"Value":[]}]}]}}
TpTrace Verbose: 0 : 19636, 7, 2019/07/03, 13:29:11.557, 17984452960623, vstest.console.dll, TestRunRequest:SendTestRunStatsChange: Starting.
TpTrace Verbose: 0 : 19636, 7, 2019/07/03, 13:29:11.557, 17984452964055, vstest.console.dll, InProgress is TestCompilerTsl
TpTrace Information: 0 : 19636, 7, 2019/07/03, 13:29:11.557, 17984452969320, vstest.console.dll, TestRunRequest:SendTestRunStatsChange: Completed.
TpTrace Verbose: 0 : 19636, 7, 2019/07/03, 13:29:11.558, 17984452971910, vstest.console.dll, TcpClientExtensions.MessageLoopAsync: Polling on remoteEndPoint: 127.0.0.1:50337 localEndPoint: 127.0.0.1:50330
TpTrace Verbose: 0 : 19636, 7, 2019/07/03, 13:29:12.557, 17984462967648, vstest.console.dll, TcpClientExtensions.MessageLoopAsync: Polling on remoteEndPoint: 127.0.0.1:50337 localEndPoint: 127.0.0.1:50330
TpTrace Verbose: 0 : 19636, 7, 2019/07/03, 13:29:13.558, 17984472977739, vstest.console.dll, TcpClientExtensions.MessageLoopAsync: Polling on remoteEndPoint: 127.0.0.1:50337 localEndPoint: 127.0.0.1:50330
TpTrace Verbose: 0 : 19636, 7, 2019/07/03, 13:29:14.559, 17984482987601, vstest.console.dll, TcpClientExtensions.MessageLoopAsync: Polling on remoteEndPoint: 127.0.0.1:50337 localEndPoint: 127.0.0.1:50330
TpTrace Verbose: 0 : 19636, 7, 2019/07/03, 13:29:15.560, 17984492997666, vstest.console.dll, TcpClientExtensions.MessageLoopAsync: Polling on remoteEndPoint: 127.0.0.1:50337 localEndPoint: 127.0.0.1:50330
TpTrace Verbose: 0 : 19636, 7, 2019/07/03, 13:29:16.560, 17984502997602, vstest.console.dll, TcpClientExtensions.MessageLoopAsync: Polling on remoteEndPoint: 127.0.0.1:50337 localEndPoint: 127.0.0.1:50330
TpTrace Verbose: 0 : 19636, 7, 2019/07/03, 13:29:17.561, 17984513007541, vstest.console.dll, TcpClientExtensions.MessageLoopAsync: Polling on remoteEndPoint: 127.0.0.1:50337 localEndPoint: 127.0.0.1:50330
TpTrace Verbose: 0 : 19636, 7, 2019/07/03, 13:29:18.561, 17984523007364, vstest.console.dll, TcpClientExtensions.MessageLoopAsync: Polling on remoteEndPoint: 127.0.0.1:50337 localEndPoint: 127.0.0.1:50330
TpTrace Verbose: 0 : 19636, 7, 2019/07/03, 13:29:19.562, 17984533017343, vstest.console.dll, TcpClientExtensions.MessageLoopAsync: Polling on remoteEndPoint: 127.0.0.1:50337 localEndPoint: 127.0.0.1:50330
TpTrace Verbose: 0 : 19636, 7, 2019/07/03, 13:29:20.562, 17984543017343, vstest.console.dll, TcpClientExtensions.MessageLoopAsync: Polling on remoteEndPoint: 127.0.0.1:50337 localEndPoint: 127.0.0.1:50330
TpTrace Verbose: 0 : 19636, 7, 2019/07/03, 13:29:21.562, 17984553017334, vstest.console.dll, TcpClientExtensions.MessageLoopAsync: Polling on remoteEndPoint: 127.0.0.1:50337 localEndPoint: 127.0.0.1:50330
TpTrace Verbose: 0 : 19636, 7, 2019/07/03, 13:29:22.563, 17984563027261, vstest.console.dll, TcpClientExtensions.MessageLoopAsync: Polling on remoteEndPoint: 127.0.0.1:50337 localEndPoint: 127.0.0.1:50330
TpTrace Verbose: 0 : 19636, 7, 2019/07/03, 13:29:23.564, 17984573037257, vstest.console.dll, TcpClientExtensions.MessageLoopAsync: Polling on remoteEndPoint: 127.0.0.1:50337 localEndPoint: 127.0.0.1:50330
TpTrace Verbose: 0 : 19636, 7, 2019/07/03, 13:29:24.565, 17984583047335, vstest.console.dll, TcpClientExtensions.MessageLoopAsync: Polling on remoteEndPoint: 127.0.0.1:50337 localEndPoint: 127.0.0.1:50330
TpTrace Verbose: 0 : 19636, 7, 2019/07/03, 13:29:25.565, 17984593047726, vstest.console.dll, TcpClientExtensions.MessageLoopAsync: Polling on remoteEndPoint: 127.0.0.1:50337 localEndPoint: 127.0.0.1:50330
TpTrace Verbose: 0 : 19636, 7, 2019/07/03, 13:29:26.565, 17984603047370, vstest.console.dll, TcpClientExtensions.MessageLoopAsync: Polling on remoteEndPoint: 127.0.0.1:50337 localEndPoint: 127.0.0.1:50330
TpTrace Verbose: 0 : 19636, 7, 2019/07/03, 13:29:27.566, 17984613057270, vstest.console.dll, TcpClientExtensions.MessageLoopAsync: Polling on remoteEndPoint: 127.0.0.1:50337 localEndPoint: 127.0.0.1:50330
TpTrace Verbose: 0 : 19636, 7, 2019/07/03, 13:29:28.567, 17984623067256, vstest.console.dll, TcpClientExtensions.MessageLoopAsync: Polling on remoteEndPoint: 127.0.0.1:50337 localEndPoint: 127.0.0.1:50330
TpTrace Verbose: 0 : 19636, 7, 2019/07/03, 13:29:29.567, 17984633067660, vstest.console.dll, TcpClientExtensions.MessageLoopAsync: Polling on remoteEndPoint: 127.0.0.1:50337 localEndPoint: 127.0.0.1:50330
TpTrace Verbose: 0 : 19636, 7, 2019/07/03, 13:29:30.568, 17984643077293, vstest.console.dll, TcpClientExtensions.MessageLoopAsync: Polling on remoteEndPoint: 127.0.0.1:50337 localEndPoint: 127.0.0.1:50330
TpTrace Verbose: 0 : 19636, 7, 2019/07/03, 13:29:31.569, 17984653087474, vstest.console.dll, TcpClientExtensions.MessageLoopAsync: Polling on remoteEndPoint: 127.0.0.1:50337 localEndPoint: 127.0.0.1:50330
TpTrace Verbose: 0 : 19636, 7, 2019/07/03, 13:29:32.569, 17984663087640, vstest.console.dll, TcpClientExtensions.MessageLoopAsync: Polling on remoteEndPoint: 127.0.0.1:50337 localEndPoint: 127.0.0.1:50330
TpTrace Verbose: 0 : 19636, 7, 2019/07/03, 13:29:33.569, 17984673087770, vstest.console.dll, TcpClientExtensions.MessageLoopAsync: Polling on remoteEndPoint: 127.0.0.1:50337 localEndPoint: 127.0.0.1:50330
TpTrace Verbose: 0 : 19636, 7, 2019/07/03, 13:29:34.371, 17984681111392, vstest.console.dll, TcpClientExtensions.MessageLoopAsync: NotifyDataAvailable remoteEndPoint: 127.0.0.1:50337 localEndPoint: 127.0.0.1:50330
TpTrace Verbose: 0 : 19636, 7, 2019/07/03, 13:29:34.372, 17984681117403, vstest.console.dll, TestRequestSender.OnExecutionMessageReceived: Received message: {"Version":2,"MessageType":"TestExecution.StatsChange","Payload":{"NewTestResults":[{"TestCase":{"Id":"762e1678-351d-b9f6-8972-7b79c95e6eee","FullyQualifiedName":"Microsoft.Carina.KG.DevStudio.Core.UnitTest.OntologyBuilder.TestTslCompilerJob.TestCompilerTsl","DisplayName":"TestCompilerTsl","ExecutorUri":"executor://MSTestAdapter/v2","Source":"D:\\projects\\DevStudio\\DevStudio.Core.UnitTest\\bin\\Debug\\netcoreapp2.0\\Microsoft.Carina.KG.DevStudio.Core.UnitTest.dll","CodeFilePath":null,"LineNumber":-1,"Properties":[{"Key":{"Id":"MSTestDiscoverer.TestClassName","Label":"ClassName","Category":"","Description":"","Attributes":1,"ValueType":"System.String"},"Value":"Microsoft.Carina.KG.DevStudio.Core.UnitTest.OntologyBuilder.TestTslCompilerJob"},{"Key":{"Id":"TestObject.Traits","Label":"Traits","Category":"","Description":"","Attributes":5,"ValueType":"System.Collections.Generic.KeyValuePair`2[[System.String],[System.String]][]"},"Value":[]}]},"Attachments":[],"Outcome":1,"ErrorMessage":null,"ErrorStackTrace":null,"DisplayName":null,"Messages":[{"Category":"StdOutMsgs","Text":"[Info]   Restore completed in 76.27 ms for D:\\projects\\DevStudio\\DevStudio.Core.UnitTest\\bin\\Debug\\netcoreapp2.0\\TslCompiler.Clr.csproj.\r\n[Info] \r\n[Error] \r\nRestore TslCompiler.Clr.csproj done\r\npublishProcess.ExitCode:0\r\nPublish TslCompiler.Clr.csproj done\r\n"}],"ComputerName":null,"Duration":"00:00:24.1471723","StartTime":"2019-07-03T13:29:10.2214968+08:00","EndTime":"2019-07-03T13:29:34.3685108+08:00","Properties":[]}],"TestRunStatistics":{"ExecutedTests":8,"Stats":{"Passed":8}},"ActiveTests":[{"Id":"9fbc41f3-bf3f-3098-1908-43d5429db68a","FullyQualifiedName":"Microsoft.Carina.KG.DevStudio.Core.UnitTest.DataValidator.TestValidateDataJob.TestValidateData","DisplayName":"TestValidateData","ExecutorUri":"executor://MSTestAdapter/v2","Source":"D:\\projects\\DevStudio\\DevStudio.Core.UnitTest\\bin\\Debug\\netcoreapp2.0\\Microsoft.Carina.KG.DevStudio.Core.UnitTest.dll","CodeFilePath":null,"LineNumber":-1,"Properties":[{"Key":{"Id":"MSTestDiscoverer.TestClassName","Label":"ClassName","Category":"","Description":"","Attributes":1,"ValueType":"System.String"},"Value":"Microsoft.Carina.KG.DevStudio.Core.UnitTest.DataValidator.TestValidateDataJob"},{"Key":{"Id":"TestObject.Traits","Label":"Traits","Category":"","Description":"","Attributes":5,"ValueType":"System.Collections.Generic.KeyValuePair`2[[System.String],[System.String]][]"},"Value":[]}]}]}}
TpTrace Verbose: 0 : 19636, 7, 2019/07/03, 13:29:34.376, 17984681162901, vstest.console.dll, TestRunRequest:SendTestRunStatsChange: Starting.
TpTrace Verbose: 0 : 19636, 7, 2019/07/03, 13:29:34.376, 17984681166679, vstest.console.dll, InProgress is TestValidateData
TpTrace Information: 0 : 19636, 7, 2019/07/03, 13:29:34.377, 17984681170542, vstest.console.dll, TestRunRequest:SendTestRunStatsChange: Completed.
TpTrace Verbose: 0 : 19636, 7, 2019/07/03, 13:29:34.377, 17984681173076, vstest.console.dll, TcpClientExtensions.MessageLoopAsync: Polling on remoteEndPoint: 127.0.0.1:50337 localEndPoint: 127.0.0.1:50330
TpTrace Verbose: 0 : 19636, 7, 2019/07/03, 13:29:35.014, 17984687537743, vstest.console.dll, TcpClientExtensions.MessageLoopAsync: NotifyDataAvailable remoteEndPoint: 127.0.0.1:50337 localEndPoint: 127.0.0.1:50330
TpTrace Verbose: 0 : 19636, 7, 2019/07/03, 13:29:35.014, 17984687545422, vstest.console.dll, TestRequestSender.OnExecutionMessageReceived: Received message: {"Version":2,"MessageType":"TestExecution.Completed","Payload":{"TestRunCompleteArgs":{"TestRunStatistics":{"ExecutedTests":15,"Stats":{"Passed":15}},"IsCanceled":false,"IsAborted":false,"Error":null,"AttachmentSets":[],"ElapsedTimeInRunningTests":"00:00:44.9802311","Metrics":{}},"LastRunTests":{"NewTestResults":[{"TestCase":{"Id":"9fbc41f3-bf3f-3098-1908-43d5429db68a","FullyQualifiedName":"Microsoft.Carina.KG.DevStudio.Core.UnitTest.DataValidator.TestValidateDataJob.TestValidateData","DisplayName":"TestValidateData","ExecutorUri":"executor://MSTestAdapter/v2","Source":"D:\\projects\\DevStudio\\DevStudio.Core.UnitTest\\bin\\Debug\\netcoreapp2.0\\Microsoft.Carina.KG.DevStudio.Core.UnitTest.dll","CodeFilePath":null,"LineNumber":-1,"Properties":[{"Key":{"Id":"MSTestDiscoverer.TestClassName","Label":"ClassName","Category":"","Description":"","Attributes":1,"ValueType":"System.String"},"Value":"Microsoft.Carina.KG.DevStudio.Core.UnitTest.DataValidator.TestValidateDataJob"},{"Key":{"Id":"TestObject.Traits","Label":"Traits","Category":"","Description":"","Attributes":5,"ValueType":"System.Collections.Generic.KeyValuePair`2[[System.String],[System.String]][]"},"Value":[]}]},"Attachments":[],"Outcome":1,"ErrorMessage":null,"ErrorStackTrace":null,"DisplayName":null,"Messages":[{"Category":"StdOutMsgs","Text":"Start validate good.ttl\r\n[TTL Parser] Validate Result: Pass\r\nStart generate schema\r\nSuccessfully generate schema\r\n[Undefined Object] Validate Result: Pass\r\n[No Type Cell] Validate Result: Pass\r\n[Single Type Cell] Validate Result: Pass\r\n[Multi Type Cell] Validate Result: Pass\r\nAll Pass\r\nAppend single type done\r\n"}],"ComputerName":null,"Duration":"00:00:00.0905675","StartTime":"2019-07-03T13:29:34.371875+08:00","EndTime":"2019-07-03T13:29:34.4642962+08:00","Properties":[]},{"TestCase":{"Id":"00594a85-df0b-2648-1e06-3414ad64beda","FullyQualifiedName":"Microsoft.Carina.KG.DevStudio.Core.UnitTest.DataValidator.TestValidators.TestValidatorFactory","DisplayName":"TestValidatorFactory","ExecutorUri":"executor://MSTestAdapter/v2","Source":"D:\\projects\\DevStudio\\DevStudio.Core.UnitTest\\bin\\Debug\\netcoreapp2.0\\Microsoft.Carina.KG.DevStudio.Core.UnitTest.dll","CodeFilePath":null,"LineNumber":-1,"Properties":[{"Key":{"Id":"MSTestDiscoverer.TestClassName","Label":"ClassName","Category":"","Description":"","Attributes":1,"ValueType":"System.String"},"Value":"Microsoft.Carina.KG.DevStudio.Core.UnitTest.DataValidator.TestValidators"},{"Key":{"Id":"TestObject.Traits","Label":"Traits","Category":"","Description":"","Attributes":5,"ValueType":"System.Collections.Generic.KeyValuePair`2[[System.String],[System.String]][]"},"Value":[]}]},"Attachments":[],"Outcome":1,"ErrorMessage":null,"ErrorStackTrace":null,"DisplayName":null,"Messages":[],"ComputerName":null,"Duration":"00:00:00.0639743","StartTime":"2019-07-03T13:29:34.4657173+08:00","EndTime":"2019-07-03T13:29:34.5303443+08:00","Properties":[]},{"TestCase":{"Id":"61e4cfab-0666-d49b-1f5f-084a1e2bd4d1","FullyQualifiedName":"Microsoft.Carina.KG.DevStudio.Core.UnitTest.DataValidator.TestValidators.TestParserValidator","DisplayName":"TestParserValidator","ExecutorUri":"executor://MSTestAdapter/v2","Source":"D:\\projects\\DevStudio\\DevStudio.Core.UnitTest\\bin\\Debug\\netcoreapp2.0\\Microsoft.Carina.KG.DevStudio.Core.UnitTest.dll","CodeFilePath":null,"LineNumber":-1,"Properties":[{"Key":{"Id":"MSTestDiscoverer.TestClassName","Label":"ClassName","Category":"","Description":"","Attributes":1,"ValueType":"System.String"},"Value":"Microsoft.Carina.KG.DevStudio.Core.UnitTest.DataValidator.TestValidators"},{"Key":{"Id":"TestObject.Traits","Label":"Traits","Category":"","Description":"","Attributes":5,"ValueType":"System.Collections.Generic.KeyValuePair`2[[System.String],[System.String]][]"},"Value":[]}]},"Attachments":[],"Outcome":1,"ErrorMessage":null,"ErrorStackTrace":null,"DisplayName":null,"Messages":[{"Category":"StdOutMsgs","Text":"[TTL Parser] Validate Result: Pass\r\n[TTL Parser] Validate Result: Fail\r\nVDS.RDF.Parsing.RdfParseException: [UriToken at Line 2 Column 2 to Line 2 Column 69] Unexpected Token 'VDS.RDF.Parsing.Tokens.UriToken' encountered while trying to parse an Object list, expected a comma, semicolon or dot to terminate the current Triple\r\n   at VDS.RDF.Parsing.TurtleParser.TryParseObjectList(TurtleParserContext context, INode subj, INode pred, Boolean bnodeList)\r\n   at VDS.RDF.Parsing.TurtleParser.TryParsePredicateObjectList(TurtleParserContext context, INode subj, Boolean bnodeList)\r\n   at VDS.RDF.Parsing.TurtleParser.Parse(TurtleParserContext context)\r\n   at VDS.RDF.Parsing.TurtleParser.Load(IRdfHandler handler, TextReader input)\r\n   at Microsoft.Carina.KG.DevStudio.Core.DataValidator.ParserValidator.Execute()\r\n"}],"ComputerName":null,"Duration":"00:00:00.1205714","StartTime":"2019-07-03T13:29:34.5314838+08:00","EndTime":"2019-07-03T13:29:34.6522844+08:00","Properties":[]},{"TestCase":{"Id":"2fed9e38-cc9c-a317-7716-182586e3dcf5","FullyQualifiedName":"Microsoft.Carina.KG.DevStudio.Core.UnitTest.DataValidator.TestValidators.TestMultiTypeCellValidator","DisplayName":"TestMultiTypeCellValidator","ExecutorUri":"executor://MSTestAdapter/v2","Source":"D:\\projects\\DevStudio\\DevStudio.Core.UnitTest\\bin\\Debug\\netcoreapp2.0\\Microsoft.Carina.KG.DevStudio.Core.UnitTest.dll","CodeFilePath":null,"LineNumber":-1,"Properties":[{"Key":{"Id":"MSTestDiscoverer.TestClassName","Label":"ClassName","Category":"","Description":"","Attributes":1,"ValueType":"System.String"},"Value":"Microsoft.Carina.KG.DevStudio.Core.UnitTest.DataValidator.TestValidators"},{"Key":{"Id":"TestObject.Traits","Label":"Traits","Category":"","Description":"","Attributes":5,"ValueType":"System.Collections.Generic.KeyValuePair`2[[System.String],[System.String]][]"},"Value":[]}]},"Attachments":[],"Outcome":1,"ErrorMessage":null,"ErrorStackTrace":null,"DisplayName":null,"Messages":[{"Category":"StdOutMsgs","Text":"[Multi Type Cell] Validate Result: Pass\r\n[Multi Type Cell] Validate Result: Fail\r\nhttp://knowledge.microsoft.com/573161c3-7de0-32f2-a51e-a9fb8b4da9a9 no type can cover all properties\ncell has type [people.gender|people.cause_of_death]\n[people.gender] does not contain property [people.person.date_of_birth|people.person.date_of_death|book.written_work.tag|people.person.zi]\n[people.cause_of_death] does not contain property [people.person.date_of_birth|people.person.date_of_death|book.written_work.tag|people.person.zi]\n\r\n"}],"ComputerName":null,"Duration":"00:00:00.0800189","StartTime":"2019-07-03T13:29:34.6539614+08:00","EndTime":"2019-07-03T13:29:34.7342661+08:00","Properties":[]},{"TestCase":{"Id":"e3acfac6-1043-60bb-f3c4-f4a5b11e80d8","FullyQualifiedName":"Microsoft.Carina.KG.DevStudio.Core.UnitTest.DataValidator.TestValidators.TestNoTypeCellValidator","DisplayName":"TestNoTypeCellValidator","ExecutorUri":"executor://MSTestAdapter/v2","Source":"D:\\projects\\DevStudio\\DevStudio.Core.UnitTest\\bin\\Debug\\netcoreapp2.0\\Microsoft.Carina.KG.DevStudio.Core.UnitTest.dll","CodeFilePath":null,"LineNumber":-1,"Properties":[{"Key":{"Id":"MSTestDiscoverer.TestClassName","Label":"ClassName","Category":"","Description":"","Attributes":1,"ValueType":"System.String"},"Value":"Microsoft.Carina.KG.DevStudio.Core.UnitTest.DataValidator.TestValidators"},{"Key":{"Id":"TestObject.Traits","Label":"Traits","Category":"","Description":"","Attributes":5,"ValueType":"System.Collections.Generic.KeyValuePair`2[[System.String],[System.String]][]"},"Value":[]}]},"Attachments":[],"Outcome":1,"ErrorMessage":null,"ErrorStackTrace":null,"DisplayName":null,"Messages":[{"Category":"StdOutMsgs","Text":"[No Type Cell] Validate Result: Pass\r\n[No Type Cell] Validate Result: Fail\r\nExist no type cell, please check\r\nhttp://knowledge.microsoft.com/0c77c34e-2c7f-3b92-8769-1bbb214afd6a\n\r\n"}],"ComputerName":null,"Duration":"00:00:00.0737144","StartTime":"2019-07-03T13:29:34.7354485+08:00","EndTime":"2019-07-03T13:29:34.8094113+08:00","Properties":[]},{"TestCase":{"Id":"b910142d-645e-7d0e-d9ff-f52aea94741e","FullyQualifiedName":"Microsoft.Carina.KG.DevStudio.Core.UnitTest.DataValidator.TestValidators.TestSingleTypeCellValidator","DisplayName":"TestSingleTypeCellValidator","ExecutorUri":"executor://MSTestAdapter/v2","Source":"D:\\projects\\DevStudio\\DevStudio.Core.UnitTest\\bin\\Debug\\netcoreapp2.0\\Microsoft.Carina.KG.DevStudio.Core.UnitTest.dll","CodeFilePath":null,"LineNumber":-1,"Properties":[{"Key":{"Id":"MSTestDiscoverer.TestClassName","Label":"ClassName","Category":"","Description":"","Attributes":1,"ValueType":"System.String"},"Value":"Microsoft.Carina.KG.DevStudio.Core.UnitTest.DataValidator.TestValidators"},{"Key":{"Id":"TestObject.Traits","Label":"Traits","Category":"","Description":"","Attributes":5,"ValueType":"System.Collections.Generic.KeyValuePair`2[[System.String],[System.String]][]"},"Value":[]}]},"Attachments":[],"Outcome":1,"ErrorMessage":null,"ErrorStackTrace":null,"DisplayName":null,"Messages":[{"Category":"StdOutMsgs","Text":"[Single Type Cell] Validate Result: Pass\r\n[Single Type Cell] Validate Result: Fail\r\nExist undefined cell type or property, please check.\r\nhttp://knowledge.microsoft.com/0c77c34e-2c7f-3b92-8769-1bbb214afd6a\n[people__person] does not contain property [book.written_work.creation_time|book.written_work.author|book.written_work.contents|book.written_work.translation|book.written_work.tag]\nrecommended type: [book.written_work]\n\r\n"}],"ComputerName":null,"Duration":"00:00:00.0792975","StartTime":"2019-07-03T13:29:34.8106198+08:00","EndTime":"2019-07-03T13:29:34.8901943+08:00","Properties":[]},{"TestCase":{"Id":"0edca54b-e7b8-e96a-3c50-a72295a63913","FullyQualifiedName":"Microsoft.Carina.KG.DevStudio.Core.UnitTest.DataValidator.TestValidators.TestUndefinedObjectValidator","DisplayName":"TestUndefinedObjectValidator","ExecutorUri":"executor://MSTestAdapter/v2","Source":"D:\\projects\\DevStudio\\DevStudio.Core.UnitTest\\bin\\Debug\\netcoreapp2.0\\Microsoft.Carina.KG.DevStudio.Core.UnitTest.dll","CodeFilePath":null,"LineNumber":-1,"Properties":[{"Key":{"Id":"MSTestDiscoverer.TestClassName","Label":"ClassName","Category":"","Description":"","Attributes":1,"ValueType":"System.String"},"Value":"Microsoft.Carina.KG.DevStudio.Core.UnitTest.DataValidator.TestValidators"},{"Key":{"Id":"TestObject.Traits","Label":"Traits","Category":"","Description":"","Attributes":5,"ValueType":"System.Collections.Generic.KeyValuePair`2[[System.String],[System.String]][]"},"Value":[]}]},"Attachments":[],"Outcome":1,"ErrorMessage":null,"ErrorStackTrace":null,"DisplayName":null,"Messages":[{"Category":"StdOutMsgs","Text":"[Undefined Object] Validate Result: Pass\r\n[Undefined Object] Validate Result: Fail\r\nExist undefined object, please check.\r\nhttp://knowledge.microsoft.com/073161c3-7de0-32f2-a51e-a9fb8b4da9a9\n\r\n"}],"ComputerName":null,"Duration":"00:00:00.0762862","StartTime":"2019-07-03T13:29:34.8914924+08:00","EndTime":"2019-07-03T13:29:34.9680782+08:00","Properties":[]}],"TestRunStatistics":{"ExecutedTests":15,"Stats":{"Passed":15}},"ActiveTests":[]},"RunAttachments":[],"ExecutorUris":["executor://mstestadapter/v2"]}}
TpTrace Verbose: 0 : 19636, 7, 2019/07/03, 13:29:35.016, 17984687566018, vstest.console.dll, TestRequestSender.EndSession: Sending end session.
TpTrace Warning: 0 : 19636, 10, 2019/07/03, 13:29:35.039, 17984687797489, vstest.console.dll, TestHostManagerCallbacks.ErrorReceivedCallback Test host standard error line: 
TpTrace Warning: 0 : 19636, 7, 2019/07/03, 13:29:35.118, 17984688577891, vstest.console.dll, ProxyOperationManager: Timed out waiting for test host to exit. Will terminate process.
TpTrace Information: 0 : 19636, 7, 2019/07/03, 13:29:35.272, 17984690123735, vstest.console.dll, TestHostManagerCallbacks.ExitCallBack: Testhost processId: 15352 exited with exitcode: 0 error: ''
TpTrace Information: 0 : 19636, 7, 2019/07/03, 13:29:35.273, 17984690131144, vstest.console.dll, TestRequestSender.OnClientProcessExit: Test host process exited. Standard error: 
TpTrace Information: 0 : 19636, 7, 2019/07/03, 13:29:35.273, 17984690137003, vstest.console.dll, SocketServer.Stop: Stop server endPoint: 127.0.0.1:50330
TpTrace Information: 0 : 19636, 7, 2019/07/03, 13:29:35.274, 17984690142520, vstest.console.dll, SocketServer.Stop: Cancellation requested. Stopping message loop.
TpTrace Verbose: 0 : 19636, 7, 2019/07/03, 13:29:35.374, 17984691143966, vstest.console.dll, TestRunRequest:SendTestRunStatsChange: Starting.
TpTrace Information: 0 : 19636, 7, 2019/07/03, 13:29:35.375, 17984691151043, vstest.console.dll, TestRunRequest:SendTestRunStatsChange: Completed.
TpTrace Verbose: 0 : 19636, 7, 2019/07/03, 13:29:35.376, 17984691164504, vstest.console.dll, ParallelProxyExecutionManager: HandlePartialRunComplete: Total completed clients = 1, Run complete = True, Run canceled: False.
TpTrace Verbose: 0 : 19636, 7, 2019/07/03, 13:29:35.449, 17984691892495, vstest.console.dll, TestRunRequest:TestRunComplete: Starting. IsAborted:False IsCanceled:False.
TpTrace Verbose: 0 : 19636, 7, 2019/07/03, 13:29:35.450, 17984691898345, vstest.console.dll, TestLoggerManager.HandleTestRunComplete: Ignoring as the object is disposed.
TpTrace Information: 0 : 19636, 7, 2019/07/03, 13:29:35.450, 17984691906352, vstest.console.dll, TestRunRequest:TestRunComplete: Completed.
TpTrace Verbose: 0 : 19636, 1, 2019/07/03, 13:29:35.451, 17984691908535, vstest.console.dll, TestRunRequest.Dispose: Starting.
TpTrace Verbose: 0 : 19636, 7, 2019/07/03, 13:29:35.451, 17984691909470, vstest.console.dll, TestRequestSender.SetOperationComplete: Setting operation complete.
TpTrace Information: 0 : 19636, 1, 2019/07/03, 13:29:35.451, 17984691912188, vstest.console.dll, TestRunRequest.Dispose: Completed.
TpTrace Information: 0 : 19636, 7, 2019/07/03, 13:29:35.451, 17984691914579, vstest.console.dll, SocketServer.Stop: Stop server endPoint: 127.0.0.1:50330
TpTrace Information: 0 : 19636, 1, 2019/07/03, 13:29:35.451, 17984691917616, vstest.console.dll, TestRequestManager.RunTests: run tests completed.
TpTrace Information: 0 : 19636, 7, 2019/07/03, 13:29:35.452, 17984691919644, vstest.console.dll, SocketServer.Stop: Cancellation requested. Stopping message loop.
TpTrace Information: 0 : 19636, 1, 2019/07/03, 13:29:35.452, 17984691923298, vstest.console.dll, RunTestsArgumentProcessor:Execute: Test run is completed.
TpTrace Information: 0 : 19636, 7, 2019/07/03, 13:29:35.452, 17984691924986, vstest.console.dll, SocketServer.PrivateStop: Stopp server endPoint: 127.0.0.1:50330 error: 
TpTrace Verbose: 0 : 19636, 1, 2019/07/03, 13:29:35.453, 17984691928489, vstest.console.dll, Executor.Execute: Exiting with exit code of 0
