TpTrace Information: 0 : 15352, 1, 2019/07/03, 13:28:48.730, 17984224706209, testhost.dll, DefaultEngineInvoker.Invoke: Testhost process started with args :[--port, 50330],[--endpoint, 127.0.0.1:050330],[--role, client],[--parentprocessid, 19636],[--diag, D:\projects\DevStudio\DevStudio.Core.UnitTest\log.host.19-07-03_13-28-48_17132_4.txt],[--tracelevel, 4],[--telemetryoptedin, false]
TpTrace Information: 0 : 15352, 1, 2019/07/03, 13:28:48.736, 17984224759115, testhost.dll, DefaultEngineInvoker.SetParentProcessExitCallback: Monitoring parent process with id: '19636'
TpTrace Information: 0 : 15352, 1, 2019/07/03, 13:28:48.749, 17984224890125, testhost.dll, DefaultEngineInvoker.GetConnectionInfo: Initialize communication on endpoint address: '127.0.0.1:050330'
TpTrace Information: 0 : 15352, 1, 2019/07/03, 13:28:48.775, 17984225143320, testhost.dll, SocketClient.Start: connecting to server endpoint: 127.0.0.1:050330
TpTrace Information: 0 : 15352, 1, 2019/07/03, 13:28:48.788, 17984225274180, testhost.dll, DefaultEngineInvoker.Invoke: Start Request Processing.
TpTrace Information: 0 : 15352, 7, 2019/07/03, 13:28:48.791, 17984225307691, testhost.dll, SocketClient.OnServerConnected: connected to server endpoint: 127.0.0.1:050330
TpTrace Information: 0 : 15352, 9, 2019/07/03, 13:28:48.797, 17984225369732, testhost.dll, DefaultEngineInvoker.StartProcessingAsync: Connected to vstest.console, Starting process requests.
TpTrace Verbose: 0 : 15352, 7, 2019/07/03, 13:28:48.798, 17984225371455, testhost.dll, Connected to server, and starting MessageLoopAsync
TpTrace Verbose: 0 : 15352, 8, 2019/07/03, 13:28:48.802, 17984225416749, testhost.dll, TcpClientExtensions.MessageLoopAsync: Polling on remoteEndPoint: 127.0.0.1:50330 localEndPoint: 127.0.0.1:50337
TpTrace Verbose: 0 : 15352, 8, 2019/07/03, 13:28:48.875, 17984226147841, testhost.dll, TcpClientExtensions.MessageLoopAsync: NotifyDataAvailable remoteEndPoint: 127.0.0.1:50330 localEndPoint: 127.0.0.1:50337
TpTrace Information: 0 : 15352, 8, 2019/07/03, 13:28:49.362, 17984231015110, testhost.dll, TestRequestHandler.ProcessRequests: received message: (ProtocolVersion) -> 2
TpTrace Verbose: 0 : 15352, 8, 2019/07/03, 13:28:49.529, 17984232685748, testhost.dll, TestRequestHandler.SendData:  sending data from testhost: {"Version":2,"MessageType":"TestSession.Message","Payload":{"MessageLevel":0,"Message":"Logging TestHost Diagnostics in file: D:\\projects\\DevStudio\\DevStudio.Core.UnitTest\\log.host.19-07-03_13-28-48_17132_4.txt"}}
TpTrace Verbose: 0 : 15352, 8, 2019/07/03, 13:28:49.530, 17984232694863, testhost.dll, TcpClientExtensions.MessageLoopAsync: Polling on remoteEndPoint: 127.0.0.1:50330 localEndPoint: 127.0.0.1:50337
TpTrace Verbose: 0 : 15352, 8, 2019/07/03, 13:28:49.530, 17984232699197, testhost.dll, TcpClientExtensions.MessageLoopAsync: NotifyDataAvailable remoteEndPoint: 127.0.0.1:50330 localEndPoint: 127.0.0.1:50337
TpTrace Information: 0 : 15352, 8, 2019/07/03, 13:28:49.554, 17984232931830, testhost.dll, TestRequestHandler.ProcessRequests: received message: (TestExecution.Initialize) -> [
  "D:\\projects\\DevStudio\\DevStudio.Core.UnitTest\\bin\\Debug\\netcoreapp2.0\\Microsoft.VisualStudio.TestPlatform.MSTest.TestAdapter.dll"
]
TpTrace Information: 0 : 15352, 8, 2019/07/03, 13:28:49.554, 17984232935537, testhost.dll, Execution Session Initialize.
TpTrace Verbose: 0 : 15352, 8, 2019/07/03, 13:28:49.625, 17984233643769, testhost.dll, TcpClientExtensions.MessageLoopAsync: Polling on remoteEndPoint: 127.0.0.1:50330 localEndPoint: 127.0.0.1:50337
TpTrace Verbose: 0 : 15352, 8, 2019/07/03, 13:28:49.626, 17984233651871, testhost.dll, TcpClientExtensions.MessageLoopAsync: NotifyDataAvailable remoteEndPoint: 127.0.0.1:50330 localEndPoint: 127.0.0.1:50337
TpTrace Verbose: 0 : 15352, 3, 2019/07/03, 13:28:49.629, 17984233682242, testhost.dll, TestExecutorService: Loading the extensions
TpTrace Information: 0 : 15352, 8, 2019/07/03, 13:28:49.647, 17984233861064, testhost.dll, TestRequestHandler.ProcessRequests: received message: (TestExecution.StartWithSources) -> {
  "AdapterSourceMap": {
    "_none_": [
      "D:\\projects\\DevStudio\\DevStudio.Core.UnitTest\\bin\\Debug\\netcoreapp2.0\\Microsoft.Carina.KG.DevStudio.Core.UnitTest.dll"
    ]
  },
  "RunSettings": "<RunSettings>\r\n  <RunConfiguration>\r\n    <ResultsDirectory>D:\\projects\\DevStudio\\DevStudio.Core.UnitTest\\TestResults</ResultsDirectory>\r\n    <TargetPlatform>X86</TargetPlatform>\r\n    <TargetFrameworkVersion>.NETCoreApp,Version=v2.0</TargetFrameworkVersion>\r\n    <DesignMode>False</DesignMode>\r\n    <CollectSourceInformation>False</CollectSourceInformation>\r\n  </RunConfiguration>\r\n  <LoggerRunSettings>\r\n    <Loggers>\r\n      <Logger friendlyName=\"Console\" uri=\"logger://microsoft/TestPlatform/ConsoleLogger/v1\" assemblyQualifiedName=\"Microsoft.VisualStudio.TestPlatform.CommandLine.Internal.ConsoleLogger, vstest.console, Version=15.0.0.0, Culture=neutral, PublicKeyToken=b03f5f7f11d50a3a\" codeBase=\"C:\\Program Files\\dotnet\\sdk\\2.2.100-preview2-009404\\vstest.console.dll\" enabled=\"True\" />\r\n    </Loggers>\r\n  </LoggerRunSettings>\r\n</RunSettings>",
  "TestExecutionContext": {
    "FrequencyOfRunStatsChangeEvent": 10,
    "RunStatsChangeEventTimeout": "00:00:01.5000000",
    "InIsolation": false,
    "KeepAlive": false,
    "AreTestCaseLevelEventsRequired": false,
    "IsDebug": false,
    "TestCaseFilter": null,
    "FilterOptions": null
  },
  "Package": null
}
TpTrace Information: 0 : 15352, 8, 2019/07/03, 13:28:49.647, 17984233868943, testhost.dll, Execution started.
TpTrace Information: 0 : 15352, 3, 2019/07/03, 13:28:49.651, 17984233902451, testhost.dll, AssemblyResolver.ctor: Creating AssemblyResolver with searchDirectories D:\projects\DevStudio\DevStudio.Core.UnitTest\bin\Debug\netcoreapp2.0,C:\Users\yize\.nuget\packages\microsoft.testplatform.testhost\15.8.0\lib\netstandard1.5
TpTrace Verbose: 0 : 15352, 3, 2019/07/03, 13:28:49.658, 17984233972510, testhost.dll, TestPluginCache: Discovering the extensions using extension path.
TpTrace Information: 0 : 15352, 3, 2019/07/03, 13:28:49.661, 17984234008167, testhost.dll, AssemblyResolver.AddSearchDirectories: Adding more searchDirectories D:\projects\DevStudio\DevStudio.Core.UnitTest\bin\Debug\netcoreapp2.0,C:\Users\yize\.nuget\packages\microsoft.testplatform.testhost\15.8.0\lib\netstandard1.5
TpTrace Information: 0 : 15352, 3, 2019/07/03, 13:28:49.678, 17984234178455, testhost.dll, AssemblyResolver.OnResolve: Microsoft.VisualStudio.TestPlatform.MSTest.TestAdapter: Resolving assembly.
TpTrace Information: 0 : 15352, 3, 2019/07/03, 13:28:49.743, 17984234825881, testhost.dll, AssemblyResolver.OnResolve: Resolved assembly: Microsoft.VisualStudio.TestPlatform.MSTest.TestAdapter, from path: D:\projects\DevStudio\DevStudio.Core.UnitTest\bin\Debug\netcoreapp2.0\Microsoft.VisualStudio.TestPlatform.MSTest.TestAdapter.dll
TpTrace Information: 0 : 15352, 3, 2019/07/03, 13:28:49.747, 17984234862629, testhost.dll, AssemblyResolver.OnResolve: Microsoft.VisualStudio.TestPlatform.MSTestAdapter.PlatformServices.Interface: Resolving assembly.
TpTrace Verbose: 0 : 15352, 8, 2019/07/03, 13:28:49.748, 17984234879997, testhost.dll, TcpClientExtensions.MessageLoopAsync: Polling on remoteEndPoint: 127.0.0.1:50330 localEndPoint: 127.0.0.1:50337
TpTrace Information: 0 : 15352, 3, 2019/07/03, 13:28:49.786, 17984235254592, testhost.dll, AssemblyResolver.OnResolve: Resolved assembly: Microsoft.VisualStudio.TestPlatform.MSTestAdapter.PlatformServices.Interface, from path: D:\projects\DevStudio\DevStudio.Core.UnitTest\bin\Debug\netcoreapp2.0\Microsoft.VisualStudio.TestPlatform.MSTestAdapter.PlatformServices.Interface.dll
TpTrace Information: 0 : 15352, 3, 2019/07/03, 13:28:49.787, 17984235267476, testhost.dll, AssemblyResolver.OnResolve: Microsoft.VisualStudio.TestPlatform.MSTestAdapter.PlatformServices: Resolving assembly.
TpTrace Information: 0 : 15352, 3, 2019/07/03, 13:28:49.834, 17984235736118, testhost.dll, AssemblyResolver.OnResolve: Resolved assembly: Microsoft.VisualStudio.TestPlatform.MSTestAdapter.PlatformServices, from path: D:\projects\DevStudio\DevStudio.Core.UnitTest\bin\Debug\netcoreapp2.0\Microsoft.VisualStudio.TestPlatform.MSTestAdapter.PlatformServices.dll
TpTrace Verbose: 0 : 15352, 3, 2019/07/03, 13:28:49.859, 17984235980948, testhost.dll, TestPluginCache: Discovered the extensions using extension path ''.
TpTrace Verbose: 0 : 15352, 3, 2019/07/03, 13:28:49.863, 17984236027543, testhost.dll, TestPluginCache: Discoverers are ''.
TpTrace Verbose: 0 : 15352, 3, 2019/07/03, 13:28:49.863, 17984236029526, testhost.dll, TestPluginCache: Executors are 'executor://MSTestAdapter/v2'.
TpTrace Verbose: 0 : 15352, 3, 2019/07/03, 13:28:49.863, 17984236030729, testhost.dll, TestPluginCache: Setting providers are ''.
TpTrace Verbose: 0 : 15352, 3, 2019/07/03, 13:28:49.864, 17984236031798, testhost.dll, TestPluginCache: Loggers are ''.
TpTrace Information: 0 : 15352, 3, 2019/07/03, 13:28:49.886, 17984236258681, testhost.dll, TestPluginManager.CreateTestExtension: Attempting to load test extension: Microsoft.VisualStudio.TestPlatform.MSTest.TestAdapter.MSTestExecutor
TpTrace Verbose: 0 : 15352, 3, 2019/07/03, 13:28:49.907, 17984236462445, testhost.dll, TestExecutorExtensionManager: Loading executor Microsoft.VisualStudio.TestPlatform.MSTest.TestAdapter.MSTestExecutor
TpTrace Verbose: 0 : 15352, 3, 2019/07/03, 13:28:49.907, 17984236469179, testhost.dll, TestExecutorService: Loaded the executors
TpTrace Information: 0 : 15352, 3, 2019/07/03, 13:28:49.914, 17984236536256, testhost.dll, AssemblyResolver.AddSearchDirectories: Adding more searchDirectories D:\projects\DevStudio\DevStudio.Core.UnitTest\bin\Debug\netcoreapp2.0,C:\Users\yize\.nuget\packages\microsoft.testplatform.testhost\15.8.0\lib\netstandard1.5
TpTrace Verbose: 0 : 15352, 3, 2019/07/03, 13:28:49.914, 17984236539922, testhost.dll, TestPluginCache: Discovering the extensions using extension path.
TpTrace Information: 0 : 15352, 3, 2019/07/03, 13:28:49.915, 17984236544352, testhost.dll, AssemblyResolver.AddSearchDirectories: Adding more searchDirectories D:\projects\DevStudio\DevStudio.Core.UnitTest\bin\Debug\netcoreapp2.0,C:\Users\yize\.nuget\packages\microsoft.testplatform.testhost\15.8.0\lib\netstandard1.5
TpTrace Verbose: 0 : 15352, 3, 2019/07/03, 13:28:49.916, 17984236552189, testhost.dll, TestPluginCache: Discovered the extensions using extension path ''.
TpTrace Verbose: 0 : 15352, 3, 2019/07/03, 13:28:49.916, 17984236555188, testhost.dll, TestPluginCache: Discoverers are ''.
TpTrace Verbose: 0 : 15352, 3, 2019/07/03, 13:28:49.916, 17984236557970, testhost.dll, TestPluginCache: Executors are 'executor://MSTestAdapter/v2'.
TpTrace Verbose: 0 : 15352, 3, 2019/07/03, 13:28:49.917, 17984236562610, testhost.dll, TestPluginCache: Setting providers are ''.
TpTrace Verbose: 0 : 15352, 3, 2019/07/03, 13:28:49.917, 17984236564860, testhost.dll, TestPluginCache: Loggers are ''.
TpTrace Verbose: 0 : 15352, 3, 2019/07/03, 13:28:49.921, 17984236602290, testhost.dll, TestExecutorService: Loaded the settings providers
TpTrace Information: 0 : 15352, 3, 2019/07/03, 13:28:49.921, 17984236606160, testhost.dll, TestExecutorService: Loaded the extensions
TpTrace Information: 0 : 15352, 3, 2019/07/03, 13:28:49.985, 17984237243257, testhost.dll, TestDiscoveryManager: Discovering tests from sources D:\projects\DevStudio\DevStudio.Core.UnitTest\bin\Debug\netcoreapp2.0\Microsoft.Carina.KG.DevStudio.Core.UnitTest.dll
TpTrace Information: 0 : 15352, 3, 2019/07/03, 13:28:49.991, 17984237304615, testhost.dll, AssemblyResolver.AddSearchDirectories: Adding more searchDirectories D:\projects\DevStudio\DevStudio.Core.UnitTest\bin\Debug\netcoreapp2.0,C:\Users\yize\.nuget\packages\microsoft.testplatform.testhost\15.8.0\lib\netstandard1.5
TpTrace Verbose: 0 : 15352, 3, 2019/07/03, 13:28:49.991, 17984237306179, testhost.dll, TestPluginCache: Discovering the extensions using extension path.
TpTrace Information: 0 : 15352, 3, 2019/07/03, 13:28:49.991, 17984237307835, testhost.dll, AssemblyResolver.AddSearchDirectories: Adding more searchDirectories D:\projects\DevStudio\DevStudio.Core.UnitTest\bin\Debug\netcoreapp2.0,C:\Users\yize\.nuget\packages\microsoft.testplatform.testhost\15.8.0\lib\netstandard1.5
TpTrace Verbose: 0 : 15352, 3, 2019/07/03, 13:28:49.996, 17984237351363, testhost.dll, TestPluginCache: Discovered the extensions using extension path ''.
TpTrace Verbose: 0 : 15352, 3, 2019/07/03, 13:28:49.996, 17984237353097, testhost.dll, TestPluginCache: Discoverers are 'Microsoft.VisualStudio.TestPlatform.MSTest.TestAdapter.MSTestDiscoverer, Microsoft.VisualStudio.TestPlatform.MSTest.TestAdapter, Version=14.0.0.0, Culture=neutral, PublicKeyToken=b03f5f7f11d50a3a'.
TpTrace Verbose: 0 : 15352, 3, 2019/07/03, 13:28:49.996, 17984237354196, testhost.dll, TestPluginCache: Executors are 'executor://MSTestAdapter/v2'.
TpTrace Verbose: 0 : 15352, 3, 2019/07/03, 13:28:49.996, 17984237355174, testhost.dll, TestPluginCache: Setting providers are ''.
TpTrace Verbose: 0 : 15352, 3, 2019/07/03, 13:28:49.996, 17984237356229, testhost.dll, TestPluginCache: Loggers are ''.
TpTrace Verbose: 0 : 15352, 3, 2019/07/03, 13:28:50.006, 17984237454030, testhost.dll, BaseRunTests.RunTestInternalWithExecutors: Running tests for executor://MSTestAdapter/v2
TpTrace Verbose: 0 : 15352, 3, 2019/07/03, 13:28:50.230, 17984239696515, testhost.dll, TestExecutionRecorder.RecordStart: Starting test: Microsoft.Carina.KG.DevStudio.Core.UnitTest.StorageGenerator.TestGenerateStorageJob.TestGenerateStorage.
TpTrace Verbose: 0 : 15352, 8, 2019/07/03, 13:28:50.748, 17984244877131, testhost.dll, TcpClientExtensions.MessageLoopAsync: Polling on remoteEndPoint: 127.0.0.1:50330 localEndPoint: 127.0.0.1:50337
TpTrace Information: 0 : 15352, 3, 2019/07/03, 13:28:51.417, 17984251570273, testhost.dll, AssemblyResolver.OnResolve: Microsoft.TestPlatform.Utilities: Resolving assembly.
TpTrace Information: 0 : 15352, 3, 2019/07/03, 13:28:51.419, 17984251582376, testhost.dll, AssemblyResolver.OnResolve: Microsoft.TestPlatform.Utilities: Failed to load assembly.
TpTrace Information: 0 : 15352, 7, 2019/07/03, 13:28:51.448, 17984251878285, testhost.dll, Sending test run statistics
TpTrace Verbose: 0 : 15352, 7, 2019/07/03, 13:28:51.551, 17984252908256, testhost.dll, TestRequestHandler.SendData:  sending data from testhost: {"Version":2,"MessageType":"TestExecution.StatsChange","Payload":{"NewTestResults":[],"TestRunStatistics":{"ExecutedTests":0,"Stats":{}},"ActiveTests":[{"Id":"eab171f2-af80-3744-75d3-b29081d2edf6","FullyQualifiedName":"Microsoft.Carina.KG.DevStudio.Core.UnitTest.StorageGenerator.TestGenerateStorageJob.TestGenerateStorage","DisplayName":"TestGenerateStorage","ExecutorUri":"executor://MSTestAdapter/v2","Source":"D:\\projects\\DevStudio\\DevStudio.Core.UnitTest\\bin\\Debug\\netcoreapp2.0\\Microsoft.Carina.KG.DevStudio.Core.UnitTest.dll","CodeFilePath":null,"LineNumber":-1,"Properties":[{"Key":{"Id":"MSTestDiscoverer.TestClassName","Label":"ClassName","Category":"","Description":"","Attributes":1,"ValueType":"System.String"},"Value":"Microsoft.Carina.KG.DevStudio.Core.UnitTest.StorageGenerator.TestGenerateStorageJob"},{"Key":{"Id":"TestObject.Traits","Label":"Traits","Category":"","Description":"","Attributes":5,"ValueType":"System.Collections.Generic.KeyValuePair`2[[System.String],[System.String]][]"},"Value":[]}]}]}}
TpTrace Verbose: 0 : 15352, 7, 2019/07/03, 13:28:51.552, 17984252913962, testhost.dll, TestRunCache: OnNewTestResult: Notified the onCacheHit callback.
TpTrace Verbose: 0 : 15352, 8, 2019/07/03, 13:28:51.749, 17984254887131, testhost.dll, TcpClientExtensions.MessageLoopAsync: Polling on remoteEndPoint: 127.0.0.1:50330 localEndPoint: 127.0.0.1:50337
TpTrace Verbose: 0 : 15352, 8, 2019/07/03, 13:28:52.750, 17984264896988, testhost.dll, TcpClientExtensions.MessageLoopAsync: Polling on remoteEndPoint: 127.0.0.1:50330 localEndPoint: 127.0.0.1:50337
TpTrace Verbose: 0 : 15352, 8, 2019/07/03, 13:28:53.751, 17984274908667, testhost.dll, TcpClientExtensions.MessageLoopAsync: Polling on remoteEndPoint: 127.0.0.1:50330 localEndPoint: 127.0.0.1:50337
TpTrace Verbose: 0 : 15352, 8, 2019/07/03, 13:28:54.751, 17984284907410, testhost.dll, TcpClientExtensions.MessageLoopAsync: Polling on remoteEndPoint: 127.0.0.1:50330 localEndPoint: 127.0.0.1:50337
TpTrace Verbose: 0 : 15352, 8, 2019/07/03, 13:28:55.752, 17984294916959, testhost.dll, TcpClientExtensions.MessageLoopAsync: Polling on remoteEndPoint: 127.0.0.1:50330 localEndPoint: 127.0.0.1:50337
TpTrace Verbose: 0 : 15352, 8, 2019/07/03, 13:28:56.752, 17984304917119, testhost.dll, TcpClientExtensions.MessageLoopAsync: Polling on remoteEndPoint: 127.0.0.1:50330 localEndPoint: 127.0.0.1:50337
TpTrace Verbose: 0 : 15352, 8, 2019/07/03, 13:28:57.753, 17984314926933, testhost.dll, TcpClientExtensions.MessageLoopAsync: Polling on remoteEndPoint: 127.0.0.1:50330 localEndPoint: 127.0.0.1:50337
TpTrace Verbose: 0 : 15352, 8, 2019/07/03, 13:28:58.753, 17984324927432, testhost.dll, TcpClientExtensions.MessageLoopAsync: Polling on remoteEndPoint: 127.0.0.1:50330 localEndPoint: 127.0.0.1:50337
TpTrace Verbose: 0 : 15352, 8, 2019/07/03, 13:28:59.753, 17984334927117, testhost.dll, TcpClientExtensions.MessageLoopAsync: Polling on remoteEndPoint: 127.0.0.1:50330 localEndPoint: 127.0.0.1:50337
TpTrace Verbose: 0 : 15352, 8, 2019/07/03, 13:29:00.754, 17984344937057, testhost.dll, TcpClientExtensions.MessageLoopAsync: Polling on remoteEndPoint: 127.0.0.1:50330 localEndPoint: 127.0.0.1:50337
TpTrace Verbose: 0 : 15352, 8, 2019/07/03, 13:29:01.755, 17984354946989, testhost.dll, TcpClientExtensions.MessageLoopAsync: Polling on remoteEndPoint: 127.0.0.1:50330 localEndPoint: 127.0.0.1:50337
TpTrace Verbose: 0 : 15352, 8, 2019/07/03, 13:29:02.755, 17984364947103, testhost.dll, TcpClientExtensions.MessageLoopAsync: Polling on remoteEndPoint: 127.0.0.1:50330 localEndPoint: 127.0.0.1:50337
TpTrace Verbose: 0 : 15352, 8, 2019/07/03, 13:29:03.755, 17984374947159, testhost.dll, TcpClientExtensions.MessageLoopAsync: Polling on remoteEndPoint: 127.0.0.1:50330 localEndPoint: 127.0.0.1:50337
TpTrace Verbose: 0 : 15352, 8, 2019/07/03, 13:29:04.755, 17984384949394, testhost.dll, TcpClientExtensions.MessageLoopAsync: Polling on remoteEndPoint: 127.0.0.1:50330 localEndPoint: 127.0.0.1:50337
TpTrace Verbose: 0 : 15352, 8, 2019/07/03, 13:29:05.756, 17984394959719, testhost.dll, TcpClientExtensions.MessageLoopAsync: Polling on remoteEndPoint: 127.0.0.1:50330 localEndPoint: 127.0.0.1:50337
TpTrace Verbose: 0 : 15352, 8, 2019/07/03, 13:29:06.757, 17984404966264, testhost.dll, TcpClientExtensions.MessageLoopAsync: Polling on remoteEndPoint: 127.0.0.1:50330 localEndPoint: 127.0.0.1:50337
TpTrace Verbose: 0 : 15352, 8, 2019/07/03, 13:29:07.757, 17984414967597, testhost.dll, TcpClientExtensions.MessageLoopAsync: Polling on remoteEndPoint: 127.0.0.1:50330 localEndPoint: 127.0.0.1:50337
TpTrace Verbose: 0 : 15352, 8, 2019/07/03, 13:29:08.757, 17984424967972, testhost.dll, TcpClientExtensions.MessageLoopAsync: Polling on remoteEndPoint: 127.0.0.1:50330 localEndPoint: 127.0.0.1:50337
TpTrace Verbose: 0 : 15352, 8, 2019/07/03, 13:29:09.758, 17984434977432, testhost.dll, TcpClientExtensions.MessageLoopAsync: Polling on remoteEndPoint: 127.0.0.1:50330 localEndPoint: 127.0.0.1:50337
TpTrace Verbose: 0 : 15352, 3, 2019/07/03, 13:29:09.977, 17984437161684, testhost.dll, TestExecutionRecorder.RecordEnd: test: Microsoft.Carina.KG.DevStudio.Core.UnitTest.StorageGenerator.TestGenerateStorageJob.TestGenerateStorage execution completed.
TpTrace Warning: 0 : 15352, 3, 2019/07/03, 13:29:09.979, 17984437187767, testhost.dll, InProgressTests is null
TpTrace Verbose: 0 : 15352, 3, 2019/07/03, 13:29:09.982, 17984437212472, testhost.dll, TestExecutionRecorder.RecordResult: Received result for test: Microsoft.Carina.KG.DevStudio.Core.UnitTest.StorageGenerator.TestGenerateStorageJob.TestGenerateStorage.
TpTrace Warning: 0 : 15352, 3, 2019/07/03, 13:29:09.990, 17984437291256, testhost.dll, InProgressTests is null
TpTrace Warning: 0 : 15352, 3, 2019/07/03, 13:29:09.996, 17984437358456, testhost.dll, TestRunCache: No test found corresponding to testResult 'TestGenerateStorage  Passed
  Test Messages:
  StdOutMsgs:
Start validate poem.ttl
[TTL Parser] Validate Result: Pass
Start generate schema
Successfully generate schema
[Undefined Object] Validate Result: Pass
[No Type Cell] Validate Result: Pass
[Single Type Cell] Validate Result: Pass
[Multi Type Cell] Validate Result: Pass
All Pass
Append single type done
Loading ttl files
Building entity type
Processing triples
Saving storage
Generate storage done
System.IO.IOException: The process cannot access the file 'D:\projects\DevStudio\DevStudio.Core.UnitTest\bin\Debug\netcoreapp2.0\storageOut\storage\A\write_ahead_log\primary_storage_log_1.dat' because it is being used by another process.
   at System.IO.FileStream.OpenHandle(FileMode mode, FileShare share, FileOptions options)
   at System.IO.FileStream..ctor(String path, FileMode mode, FileAccess access, FileShare share, Int32 bufferSize, FileOptions options)
   at System.IO.Compression.ZipFileExtensions.DoCreateEntryFromFile(ZipArchive destination, String sourceFileName, String entryName, Nullable`1 compressionLevel)
   at System.IO.Compression.ZipFile.DoCreateFromDirectory(String sourceDirectoryName, String destinationArchiveFileName, Nullable`1 compressionLevel, Boolean includeBaseDirectory, Encoding entryNameEncoding)
   at System.IO.Compression.ZipFile.CreateFromDirectory(String sourceDirectoryName, String destinationArchiveFileName)
   at Microsoft.Carina.KG.DevStudio.Core.StorageGenerator.GenerateStorageJob.CompressDirectory(String versionName, DirectoryInfo directory)
Compressed storage file(testversion) uploaded successfully
' in inProgress list.
TpTrace Verbose: 0 : 15352, 3, 2019/07/03, 13:29:09.997, 17984437362111, testhost.dll, TestExecutionRecorder.RecordStart: Starting test: Microsoft.Carina.KG.DevStudio.Core.UnitTest.OntologyBuilder.TestBuildOntologyJob.TestBuildOntologyBad.
TpTrace Information: 0 : 15352, 3, 2019/07/03, 13:29:09.997, 17984437364736, testhost.dll, Sending test run statistics
TpTrace Verbose: 0 : 15352, 3, 2019/07/03, 13:29:10.033, 17984437727244, testhost.dll, TestRequestHandler.SendData:  sending data from testhost: {"Version":2,"MessageType":"TestExecution.StatsChange","Payload":{"NewTestResults":[{"TestCase":{"Id":"eab171f2-af80-3744-75d3-b29081d2edf6","FullyQualifiedName":"Microsoft.Carina.KG.DevStudio.Core.UnitTest.StorageGenerator.TestGenerateStorageJob.TestGenerateStorage","DisplayName":"TestGenerateStorage","ExecutorUri":"executor://MSTestAdapter/v2","Source":"D:\\projects\\DevStudio\\DevStudio.Core.UnitTest\\bin\\Debug\\netcoreapp2.0\\Microsoft.Carina.KG.DevStudio.Core.UnitTest.dll","CodeFilePath":null,"LineNumber":-1,"Properties":[{"Key":{"Id":"MSTestDiscoverer.TestClassName","Label":"ClassName","Category":"","Description":"","Attributes":1,"ValueType":"System.String"},"Value":"Microsoft.Carina.KG.DevStudio.Core.UnitTest.StorageGenerator.TestGenerateStorageJob"},{"Key":{"Id":"TestObject.Traits","Label":"Traits","Category":"","Description":"","Attributes":5,"ValueType":"System.Collections.Generic.KeyValuePair`2[[System.String],[System.String]][]"},"Value":[]}]},"Attachments":[],"Outcome":1,"ErrorMessage":null,"ErrorStackTrace":null,"DisplayName":null,"Messages":[{"Category":"StdOutMsgs","Text":"Start validate poem.ttl\r\n[TTL Parser] Validate Result: Pass\r\nStart generate schema\r\nSuccessfully generate schema\r\n[Undefined Object] Validate Result: Pass\r\n[No Type Cell] Validate Result: Pass\r\n[Single Type Cell] Validate Result: Pass\r\n[Multi Type Cell] Validate Result: Pass\r\nAll Pass\r\nAppend single type done\r\nLoading ttl files\r\nBuilding entity type\r\nProcessing triples\r\nSaving storage\r\nGenerate storage done\r\nSystem.IO.IOException: The process cannot access the file 'D:\\projects\\DevStudio\\DevStudio.Core.UnitTest\\bin\\Debug\\netcoreapp2.0\\storageOut\\storage\\A\\write_ahead_log\\primary_storage_log_1.dat' because it is being used by another process.\r\n   at System.IO.FileStream.OpenHandle(FileMode mode, FileShare share, FileOptions options)\r\n   at System.IO.FileStream..ctor(String path, FileMode mode, FileAccess access, FileShare share, Int32 bufferSize, FileOptions options)\r\n   at System.IO.Compression.ZipFileExtensions.DoCreateEntryFromFile(ZipArchive destination, String sourceFileName, String entryName, Nullable`1 compressionLevel)\r\n   at System.IO.Compression.ZipFile.DoCreateFromDirectory(String sourceDirectoryName, String destinationArchiveFileName, Nullable`1 compressionLevel, Boolean includeBaseDirectory, Encoding entryNameEncoding)\r\n   at System.IO.Compression.ZipFile.CreateFromDirectory(String sourceDirectoryName, String destinationArchiveFileName)\r\n   at Microsoft.Carina.KG.DevStudio.Core.StorageGenerator.GenerateStorageJob.CompressDirectory(String versionName, DirectoryInfo directory)\r\nCompressed storage file(testversion) uploaded successfully\r\n"}],"ComputerName":null,"Duration":"00:00:19.6779880","StartTime":"2019-07-03T13:28:50.2317025+08:00","EndTime":"2019-07-03T13:29:09.9699782+08:00","Properties":[]}],"TestRunStatistics":{"ExecutedTests":1,"Stats":{"Passed":1}},"ActiveTests":[{"Id":"7d2736c6-e06d-82a0-c76d-76692f485585","FullyQualifiedName":"Microsoft.Carina.KG.DevStudio.Core.UnitTest.OntologyBuilder.TestBuildOntologyJob.TestBuildOntologyBad","DisplayName":"TestBuildOntologyBad","ExecutorUri":"executor://MSTestAdapter/v2","Source":"D:\\projects\\DevStudio\\DevStudio.Core.UnitTest\\bin\\Debug\\netcoreapp2.0\\Microsoft.Carina.KG.DevStudio.Core.UnitTest.dll","CodeFilePath":null,"LineNumber":-1,"Properties":[{"Key":{"Id":"MSTestDiscoverer.TestClassName","Label":"ClassName","Category":"","Description":"","Attributes":1,"ValueType":"System.String"},"Value":"Microsoft.Carina.KG.DevStudio.Core.UnitTest.OntologyBuilder.TestBuildOntologyJob"},{"Key":{"Id":"TestObject.Traits","Label":"Traits","Category":"","Description":"","Attributes":5,"ValueType":"System.Collections.Generic.KeyValuePair`2[[System.String],[System.String]][]"},"Value":[]}]}]}}
TpTrace Verbose: 0 : 15352, 3, 2019/07/03, 13:29:10.034, 17984437733200, testhost.dll, TestRunCache: OnNewTestResult: Notified the onCacheHit callback.
TpTrace Verbose: 0 : 15352, 3, 2019/07/03, 13:29:10.048, 17984437875895, testhost.dll, TestExecutionRecorder.RecordEnd: test: Microsoft.Carina.KG.DevStudio.Core.UnitTest.OntologyBuilder.TestBuildOntologyJob.TestBuildOntologyBad execution completed.
TpTrace Warning: 0 : 15352, 3, 2019/07/03, 13:29:10.048, 17984437878777, testhost.dll, InProgressTests is null
TpTrace Verbose: 0 : 15352, 3, 2019/07/03, 13:29:10.049, 17984437880985, testhost.dll, TestExecutionRecorder.RecordResult: Received result for test: Microsoft.Carina.KG.DevStudio.Core.UnitTest.OntologyBuilder.TestBuildOntologyJob.TestBuildOntologyBad.
TpTrace Warning: 0 : 15352, 3, 2019/07/03, 13:29:10.049, 17984437885760, testhost.dll, InProgressTests is null
TpTrace Warning: 0 : 15352, 3, 2019/07/03, 13:29:10.049, 17984437888444, testhost.dll, TestRunCache: No test found corresponding to testResult 'TestBuildOntologyBad  Passed
  Test Messages:
  StdOutMsgs:
No Version determined
OntologyType should not be empty
Path a does not exist
Path a does not exist
Do not support current data file type
Domain output path must be specified
' in inProgress list.
TpTrace Verbose: 0 : 15352, 3, 2019/07/03, 13:29:10.050, 17984437890783, testhost.dll, TestExecutionRecorder.RecordStart: Starting test: Microsoft.Carina.KG.DevStudio.Core.UnitTest.OntologyBuilder.TestConvertRdfsToTslJob.TestConvertRdfsToTsl.
TpTrace Verbose: 0 : 15352, 3, 2019/07/03, 13:29:10.109, 17984438480708, testhost.dll, TestExecutionRecorder.RecordEnd: test: Microsoft.Carina.KG.DevStudio.Core.UnitTest.OntologyBuilder.TestConvertRdfsToTslJob.TestConvertRdfsToTsl execution completed.
TpTrace Verbose: 0 : 15352, 3, 2019/07/03, 13:29:10.109, 17984438484605, testhost.dll, TestExecutionRecorder.RecordResult: Received result for test: Microsoft.Carina.KG.DevStudio.Core.UnitTest.OntologyBuilder.TestConvertRdfsToTslJob.TestConvertRdfsToTsl.
TpTrace Warning: 0 : 15352, 3, 2019/07/03, 13:29:10.109, 17984438485978, testhost.dll, InProgressTests is null
TpTrace Warning: 0 : 15352, 3, 2019/07/03, 13:29:10.109, 17984438487183, testhost.dll, TestRunCache: No test found corresponding to testResult 'TestConvertRdfsToTsl  Passed' in inProgress list.
TpTrace Verbose: 0 : 15352, 3, 2019/07/03, 13:29:10.109, 17984438488331, testhost.dll, TestExecutionRecorder.RecordStart: Starting test: Microsoft.Carina.KG.DevStudio.Core.UnitTest.OntologyBuilder.TestConvertXmlToRdfsJob.TestConvertXmlToRdfs.
TpTrace Verbose: 0 : 15352, 3, 2019/07/03, 13:29:10.197, 17984439368429, testhost.dll, TestExecutionRecorder.RecordEnd: test: Microsoft.Carina.KG.DevStudio.Core.UnitTest.OntologyBuilder.TestConvertXmlToRdfsJob.TestConvertXmlToRdfs execution completed.
TpTrace Verbose: 0 : 15352, 3, 2019/07/03, 13:29:10.198, 17984439371279, testhost.dll, TestExecutionRecorder.RecordResult: Received result for test: Microsoft.Carina.KG.DevStudio.Core.UnitTest.OntologyBuilder.TestConvertXmlToRdfsJob.TestConvertXmlToRdfs.
TpTrace Warning: 0 : 15352, 3, 2019/07/03, 13:29:10.198, 17984439373360, testhost.dll, InProgressTests is null
TpTrace Warning: 0 : 15352, 3, 2019/07/03, 13:29:10.198, 17984439375510, testhost.dll, TestRunCache: No test found corresponding to testResult 'TestConvertXmlToRdfs  Passed
  Test Messages:
  StdOutMsgs:
Start loading Satori ontology...
Finished Loading Satori ontology! [0.057s]
Ignore property mso:people__person__city_of_birth
Ignore property mso:people__person__country_of_birth
Ignore property mso:people__person__hometown
Ignore property mso:people__person__quotation
Ignore property mso:type__object__attribution
Ignore property mso:type__object__composite_image
Ignore property mso:type__object__image
Ignore property mso:type__object__keyword
Ignore property mso:type__object__localization
Ignore property mso:type__object__popularity
Ignore property mso:type__object__preferred_image
Ignore property mso:type__object__ranking
Ignore property mso:type__object__related_object
Ignore property mso:type__object__related_object_external
Ignore property mso:type__object__text
Ignore property mso:type__object__text_passage
Ignore property mso:type__object__tokenized_description
Ignore property mso:type__object__webpage
RDFS filepath = D:\projects\DevStudio\DevStudio.Core.UnitTest\bin\Debug\netcoreapp2.0\Rdfs.owl
' in inProgress list.
TpTrace Verbose: 0 : 15352, 3, 2019/07/03, 13:29:10.199, 17984439386844, testhost.dll, TestExecutionRecorder.RecordStart: Starting test: Microsoft.Carina.KG.DevStudio.Core.UnitTest.OntologyBuilder.TestNode.TestAllNodeObject.
TpTrace Verbose: 0 : 15352, 3, 2019/07/03, 13:29:10.209, 17984439488224, testhost.dll, TestExecutionRecorder.RecordEnd: test: Microsoft.Carina.KG.DevStudio.Core.UnitTest.OntologyBuilder.TestNode.TestAllNodeObject execution completed.
TpTrace Verbose: 0 : 15352, 3, 2019/07/03, 13:29:10.210, 17984439491288, testhost.dll, TestExecutionRecorder.RecordResult: Received result for test: Microsoft.Carina.KG.DevStudio.Core.UnitTest.OntologyBuilder.TestNode.TestAllNodeObject.
TpTrace Warning: 0 : 15352, 3, 2019/07/03, 13:29:10.210, 17984439493243, testhost.dll, InProgressTests is null
TpTrace Warning: 0 : 15352, 3, 2019/07/03, 13:29:10.210, 17984439495102, testhost.dll, TestRunCache: No test found corresponding to testResult 'TestAllNodeObject  Passed' in inProgress list.
TpTrace Verbose: 0 : 15352, 3, 2019/07/03, 13:29:10.210, 17984439497192, testhost.dll, TestExecutionRecorder.RecordStart: Starting test: Microsoft.Carina.KG.DevStudio.Core.UnitTest.OntologyBuilder.TestOBUtils.TestString2PropertyType.
TpTrace Verbose: 0 : 15352, 3, 2019/07/03, 13:29:10.218, 17984439573014, testhost.dll, TestExecutionRecorder.RecordEnd: test: Microsoft.Carina.KG.DevStudio.Core.UnitTest.OntologyBuilder.TestOBUtils.TestString2PropertyType execution completed.
TpTrace Verbose: 0 : 15352, 3, 2019/07/03, 13:29:10.218, 17984439576730, testhost.dll, TestExecutionRecorder.RecordResult: Received result for test: Microsoft.Carina.KG.DevStudio.Core.UnitTest.OntologyBuilder.TestOBUtils.TestString2PropertyType.
TpTrace Warning: 0 : 15352, 3, 2019/07/03, 13:29:10.218, 17984439579013, testhost.dll, InProgressTests is null
TpTrace Warning: 0 : 15352, 3, 2019/07/03, 13:29:10.219, 17984439580922, testhost.dll, TestRunCache: No test found corresponding to testResult 'TestString2PropertyType  Passed' in inProgress list.
TpTrace Verbose: 0 : 15352, 3, 2019/07/03, 13:29:10.219, 17984439583033, testhost.dll, TestExecutionRecorder.RecordStart: Starting test: Microsoft.Carina.KG.DevStudio.Core.UnitTest.OntologyBuilder.TestOBUtils.TestGetNormalizedName.
TpTrace Verbose: 0 : 15352, 3, 2019/07/03, 13:29:10.220, 17984439595313, testhost.dll, TestExecutionRecorder.RecordEnd: test: Microsoft.Carina.KG.DevStudio.Core.UnitTest.OntologyBuilder.TestOBUtils.TestGetNormalizedName execution completed.
TpTrace Verbose: 0 : 15352, 3, 2019/07/03, 13:29:10.220, 17984439597883, testhost.dll, TestExecutionRecorder.RecordResult: Received result for test: Microsoft.Carina.KG.DevStudio.Core.UnitTest.OntologyBuilder.TestOBUtils.TestGetNormalizedName.
TpTrace Warning: 0 : 15352, 3, 2019/07/03, 13:29:10.220, 17984439599759, testhost.dll, InProgressTests is null
TpTrace Warning: 0 : 15352, 3, 2019/07/03, 13:29:10.221, 17984439601713, testhost.dll, TestRunCache: No test found corresponding to testResult 'TestGetNormalizedName  Passed' in inProgress list.
TpTrace Verbose: 0 : 15352, 3, 2019/07/03, 13:29:10.221, 17984439603652, testhost.dll, TestExecutionRecorder.RecordStart: Starting test: Microsoft.Carina.KG.DevStudio.Core.UnitTest.OntologyBuilder.TestTslCompilerJob.TestCompilerTsl.
TpTrace Verbose: 0 : 15352, 8, 2019/07/03, 13:29:10.758, 17984444978026, testhost.dll, TcpClientExtensions.MessageLoopAsync: Polling on remoteEndPoint: 127.0.0.1:50330 localEndPoint: 127.0.0.1:50337
TpTrace Information: 0 : 15352, 15, 2019/07/03, 13:29:11.534, 17984452740200, testhost.dll, Sending test run statistics
TpTrace Verbose: 0 : 15352, 15, 2019/07/03, 13:29:11.540, 17984452791837, testhost.dll, TestRequestHandler.SendData:  sending data from testhost: {"Version":2,"MessageType":"TestExecution.StatsChange","Payload":{"NewTestResults":[{"TestCase":{"Id":"7d2736c6-e06d-82a0-c76d-76692f485585","FullyQualifiedName":"Microsoft.Carina.KG.DevStudio.Core.UnitTest.OntologyBuilder.TestBuildOntologyJob.TestBuildOntologyBad","DisplayName":"TestBuildOntologyBad","ExecutorUri":"executor://MSTestAdapter/v2","Source":"D:\\projects\\DevStudio\\DevStudio.Core.UnitTest\\bin\\Debug\\netcoreapp2.0\\Microsoft.Carina.KG.DevStudio.Core.UnitTest.dll","CodeFilePath":null,"LineNumber":-1,"Properties":[{"Key":{"Id":"MSTestDiscoverer.TestClassName","Label":"ClassName","Category":"","Description":"","Attributes":1,"ValueType":"System.String"},"Value":"Microsoft.Carina.KG.DevStudio.Core.UnitTest.OntologyBuilder.TestBuildOntologyJob"},{"Key":{"Id":"TestObject.Traits","Label":"Traits","Category":"","Description":"","Attributes":5,"ValueType":"System.Collections.Generic.KeyValuePair`2[[System.String],[System.String]][]"},"Value":[]}]},"Attachments":[],"Outcome":1,"ErrorMessage":null,"ErrorStackTrace":null,"DisplayName":null,"Messages":[{"Category":"StdOutMsgs","Text":"No Version determined\r\nOntologyType should not be empty\r\nPath a does not exist\r\nPath a does not exist\r\nDo not support current data file type\r\nDomain output path must be specified\r\n"}],"ComputerName":null,"Duration":"00:00:00.0130223","StartTime":"2019-07-03T13:29:10.0345186+08:00","EndTime":"2019-07-03T13:29:10.0485106+08:00","Properties":[]},{"TestCase":{"Id":"eda58f74-f62b-84ee-367d-6e539d1e5a32","FullyQualifiedName":"Microsoft.Carina.KG.DevStudio.Core.UnitTest.OntologyBuilder.TestConvertRdfsToTslJob.TestConvertRdfsToTsl","DisplayName":"TestConvertRdfsToTsl","ExecutorUri":"executor://MSTestAdapter/v2","Source":"D:\\projects\\DevStudio\\DevStudio.Core.UnitTest\\bin\\Debug\\netcoreapp2.0\\Microsoft.Carina.KG.DevStudio.Core.UnitTest.dll","CodeFilePath":null,"LineNumber":-1,"Properties":[{"Key":{"Id":"MSTestDiscoverer.TestClassName","Label":"ClassName","Category":"","Description":"","Attributes":1,"ValueType":"System.String"},"Value":"Microsoft.Carina.KG.DevStudio.Core.UnitTest.OntologyBuilder.TestConvertRdfsToTslJob"},{"Key":{"Id":"TestObject.Traits","Label":"Traits","Category":"","Description":"","Attributes":5,"ValueType":"System.Collections.Generic.KeyValuePair`2[[System.String],[System.String]][]"},"Value":[]}]},"Attachments":[],"Outcome":1,"ErrorMessage":null,"ErrorStackTrace":null,"DisplayName":null,"Messages":[],"ComputerName":null,"Duration":"00:00:00.0582687","StartTime":"2019-07-03T13:29:10.0502218+08:00","EndTime":"2019-07-03T13:29:10.1090085+08:00","Properties":[]},{"TestCase":{"Id":"ccb1b235-ef8f-894b-1602-51b17c7eba04","FullyQualifiedName":"Microsoft.Carina.KG.DevStudio.Core.UnitTest.OntologyBuilder.TestConvertXmlToRdfsJob.TestConvertXmlToRdfs","DisplayName":"TestConvertXmlToRdfs","ExecutorUri":"executor://MSTestAdapter/v2","Source":"D:\\projects\\DevStudio\\DevStudio.Core.UnitTest\\bin\\Debug\\netcoreapp2.0\\Microsoft.Carina.KG.DevStudio.Core.UnitTest.dll","CodeFilePath":null,"LineNumber":-1,"Properties":[{"Key":{"Id":"MSTestDiscoverer.TestClassName","Label":"ClassName","Category":"","Description":"","Attributes":1,"ValueType":"System.String"},"Value":"Microsoft.Carina.KG.DevStudio.Core.UnitTest.OntologyBuilder.TestConvertXmlToRdfsJob"},{"Key":{"Id":"TestObject.Traits","Label":"Traits","Category":"","Description":"","Attributes":5,"ValueType":"System.Collections.Generic.KeyValuePair`2[[System.String],[System.String]][]"},"Value":[]}]},"Attachments":[],"Outcome":1,"ErrorMessage":null,"ErrorStackTrace":null,"DisplayName":null,"Messages":[{"Category":"StdOutMsgs","Text":"Start loading Satori ontology...\r\nFinished Loading Satori ontology! [0.057s]\r\nIgnore property mso:people__person__city_of_birth\r\nIgnore property mso:people__person__country_of_birth\r\nIgnore property mso:people__person__hometown\r\nIgnore property mso:people__person__quotation\r\nIgnore property mso:type__object__attribution\r\nIgnore property mso:type__object__composite_image\r\nIgnore property mso:type__object__image\r\nIgnore property mso:type__object__keyword\r\nIgnore property mso:type__object__localization\r\nIgnore property mso:type__object__popularity\r\nIgnore property mso:type__object__preferred_image\r\nIgnore property mso:type__object__ranking\r\nIgnore property mso:type__object__related_object\r\nIgnore property mso:type__object__related_object_external\r\nIgnore property mso:type__object__text\r\nIgnore property mso:type__object__text_passage\r\nIgnore property mso:type__object__tokenized_description\r\nIgnore property mso:type__object__webpage\r\nRDFS filepath = D:\\projects\\DevStudio\\DevStudio.Core.UnitTest\\bin\\Debug\\netcoreapp2.0\\Rdfs.owl\r\n"}],"ComputerName":null,"Duration":"00:00:00.0875240","StartTime":"2019-07-03T13:29:10.1098886+08:00","EndTime":"2019-07-03T13:29:10.1977756+08:00","Properties":[]},{"TestCase":{"Id":"ef2e2866-3e45-e7e4-3d57-d21094d692b1","FullyQualifiedName":"Microsoft.Carina.KG.DevStudio.Core.UnitTest.OntologyBuilder.TestNode.TestAllNodeObject","DisplayName":"TestAllNodeObject","ExecutorUri":"executor://MSTestAdapter/v2","Source":"D:\\projects\\DevStudio\\DevStudio.Core.UnitTest\\bin\\Debug\\netcoreapp2.0\\Microsoft.Carina.KG.DevStudio.Core.UnitTest.dll","CodeFilePath":null,"LineNumber":-1,"Properties":[{"Key":{"Id":"MSTestDiscoverer.TestClassName","Label":"ClassName","Category":"","Description":"","Attributes":1,"ValueType":"System.String"},"Value":"Microsoft.Carina.KG.DevStudio.Core.UnitTest.OntologyBuilder.TestNode"},{"Key":{"Id":"TestObject.Traits","Label":"Traits","Category":"","Description":"","Attributes":5,"ValueType":"System.Collections.Generic.KeyValuePair`2[[System.String],[System.String]][]"},"Value":[]}]},"Attachments":[],"Outcome":1,"ErrorMessage":null,"ErrorStackTrace":null,"DisplayName":null,"Messages":[],"ComputerName":null,"Duration":"00:00:00.0093740","StartTime":"2019-07-03T13:29:10.1998969+08:00","EndTime":"2019-07-03T13:29:10.2097615+08:00","Properties":[]},{"TestCase":{"Id":"da1be7e8-22b0-2a35-92cd-f22f61e5c768","FullyQualifiedName":"Microsoft.Carina.KG.DevStudio.Core.UnitTest.OntologyBuilder.TestOBUtils.TestString2PropertyType","DisplayName":"TestString2PropertyType","ExecutorUri":"executor://MSTestAdapter/v2","Source":"D:\\projects\\DevStudio\\DevStudio.Core.UnitTest\\bin\\Debug\\netcoreapp2.0\\Microsoft.Carina.KG.DevStudio.Core.UnitTest.dll","CodeFilePath":null,"LineNumber":-1,"Properties":[{"Key":{"Id":"MSTestDiscoverer.TestClassName","Label":"ClassName","Category":"","Description":"","Attributes":1,"ValueType":"System.String"},"Value":"Microsoft.Carina.KG.DevStudio.Core.UnitTest.OntologyBuilder.TestOBUtils"},{"Key":{"Id":"TestObject.Traits","Label":"Traits","Category":"","Description":"","Attributes":5,"ValueType":"System.Collections.Generic.KeyValuePair`2[[System.String],[System.String]][]"},"Value":[]}]},"Attachments":[],"Outcome":1,"ErrorMessage":null,"ErrorStackTrace":null,"DisplayName":null,"Messages":[],"ComputerName":null,"Duration":"00:00:00.0070218","StartTime":"2019-07-03T13:29:10.2108618+08:00","EndTime":"2019-07-03T13:29:10.218244+08:00","Properties":[]},{"TestCase":{"Id":"9f25e830-7932-32a0-e7fc-9588e998eb97","FullyQualifiedName":"Microsoft.Carina.KG.DevStudio.Core.UnitTest.OntologyBuilder.TestOBUtils.TestGetNormalizedName","DisplayName":"TestGetNormalizedName","ExecutorUri":"executor://MSTestAdapter/v2","Source":"D:\\projects\\DevStudio\\DevStudio.Core.UnitTest\\bin\\Debug\\netcoreapp2.0\\Microsoft.Carina.KG.DevStudio.Core.UnitTest.dll","CodeFilePath":null,"LineNumber":-1,"Properties":[{"Key":{"Id":"MSTestDiscoverer.TestClassName","Label":"ClassName","Category":"","Description":"","Attributes":1,"ValueType":"System.String"},"Value":"Microsoft.Carina.KG.DevStudio.Core.UnitTest.OntologyBuilder.TestOBUtils"},{"Key":{"Id":"TestObject.Traits","Label":"Traits","Category":"","Description":"","Attributes":5,"ValueType":"System.Collections.Generic.KeyValuePair`2[[System.String],[System.String]][]"},"Value":[]}]},"Attachments":[],"Outcome":1,"ErrorMessage":null,"ErrorStackTrace":null,"DisplayName":null,"Messages":[],"ComputerName":null,"Duration":"00:00:00.0007987","StartTime":"2019-07-03T13:29:10.2194371+08:00","EndTime":"2019-07-03T13:29:10.2204579+08:00","Properties":[]}],"TestRunStatistics":{"ExecutedTests":7,"Stats":{"Passed":7}},"ActiveTests":[{"Id":"762e1678-351d-b9f6-8972-7b79c95e6eee","FullyQualifiedName":"Microsoft.Carina.KG.DevStudio.Core.UnitTest.OntologyBuilder.TestTslCompilerJob.TestCompilerTsl","DisplayName":"TestCompilerTsl","ExecutorUri":"executor://MSTestAdapter/v2","Source":"D:\\projects\\DevStudio\\DevStudio.Core.UnitTest\\bin\\Debug\\netcoreapp2.0\\Microsoft.Carina.KG.DevStudio.Core.UnitTest.dll","CodeFilePath":null,"LineNumber":-1,"Properties":[{"Key":{"Id":"MSTestDiscoverer.TestClassName","Label":"ClassName","Category":"","Description":"","Attributes":1,"ValueType":"System.String"},"Value":"Microsoft.Carina.KG.DevStudio.Core.UnitTest.OntologyBuilder.TestTslCompilerJob"},{"Key":{"Id":"TestObject.Traits","Label":"Traits","Category":"","Description":"","Attributes":5,"ValueType":"System.Collections.Generic.KeyValuePair`2[[System.String],[System.String]][]"},"Value":[]}]}]}}
TpTrace Verbose: 0 : 15352, 15, 2019/07/03, 13:29:11.541, 17984452807439, testhost.dll, TestRunCache: OnNewTestResult: Notified the onCacheHit callback.
TpTrace Verbose: 0 : 15352, 8, 2019/07/03, 13:29:11.759, 17984454987619, testhost.dll, TcpClientExtensions.MessageLoopAsync: Polling on remoteEndPoint: 127.0.0.1:50330 localEndPoint: 127.0.0.1:50337
TpTrace Verbose: 0 : 15352, 8, 2019/07/03, 13:29:12.760, 17984464997581, testhost.dll, TcpClientExtensions.MessageLoopAsync: Polling on remoteEndPoint: 127.0.0.1:50330 localEndPoint: 127.0.0.1:50337
TpTrace Verbose: 0 : 15352, 8, 2019/07/03, 13:29:13.760, 17984474997664, testhost.dll, TcpClientExtensions.MessageLoopAsync: Polling on remoteEndPoint: 127.0.0.1:50330 localEndPoint: 127.0.0.1:50337
TpTrace Verbose: 0 : 15352, 8, 2019/07/03, 13:29:14.761, 17984485007775, testhost.dll, TcpClientExtensions.MessageLoopAsync: Polling on remoteEndPoint: 127.0.0.1:50330 localEndPoint: 127.0.0.1:50337
TpTrace Verbose: 0 : 15352, 8, 2019/07/03, 13:29:15.761, 17984495007704, testhost.dll, TcpClientExtensions.MessageLoopAsync: Polling on remoteEndPoint: 127.0.0.1:50330 localEndPoint: 127.0.0.1:50337
TpTrace Verbose: 0 : 15352, 8, 2019/07/03, 13:29:16.761, 17984505008007, testhost.dll, TcpClientExtensions.MessageLoopAsync: Polling on remoteEndPoint: 127.0.0.1:50330 localEndPoint: 127.0.0.1:50337
TpTrace Verbose: 0 : 15352, 8, 2019/07/03, 13:29:17.762, 17984515017555, testhost.dll, TcpClientExtensions.MessageLoopAsync: Polling on remoteEndPoint: 127.0.0.1:50330 localEndPoint: 127.0.0.1:50337
TpTrace Verbose: 0 : 15352, 8, 2019/07/03, 13:29:18.762, 17984525017427, testhost.dll, TcpClientExtensions.MessageLoopAsync: Polling on remoteEndPoint: 127.0.0.1:50330 localEndPoint: 127.0.0.1:50337
TpTrace Verbose: 0 : 15352, 8, 2019/07/03, 13:29:19.763, 17984535027293, testhost.dll, TcpClientExtensions.MessageLoopAsync: Polling on remoteEndPoint: 127.0.0.1:50330 localEndPoint: 127.0.0.1:50337
TpTrace Verbose: 0 : 15352, 8, 2019/07/03, 13:29:20.763, 17984545027295, testhost.dll, TcpClientExtensions.MessageLoopAsync: Polling on remoteEndPoint: 127.0.0.1:50330 localEndPoint: 127.0.0.1:50337
TpTrace Verbose: 0 : 15352, 8, 2019/07/03, 13:29:21.763, 17984555027353, testhost.dll, TcpClientExtensions.MessageLoopAsync: Polling on remoteEndPoint: 127.0.0.1:50330 localEndPoint: 127.0.0.1:50337
TpTrace Verbose: 0 : 15352, 8, 2019/07/03, 13:29:22.764, 17984565037227, testhost.dll, TcpClientExtensions.MessageLoopAsync: Polling on remoteEndPoint: 127.0.0.1:50330 localEndPoint: 127.0.0.1:50337
TpTrace Verbose: 0 : 15352, 8, 2019/07/03, 13:29:23.764, 17984575037239, testhost.dll, TcpClientExtensions.MessageLoopAsync: Polling on remoteEndPoint: 127.0.0.1:50330 localEndPoint: 127.0.0.1:50337
TpTrace Verbose: 0 : 15352, 8, 2019/07/03, 13:29:24.765, 17984585047265, testhost.dll, TcpClientExtensions.MessageLoopAsync: Polling on remoteEndPoint: 127.0.0.1:50330 localEndPoint: 127.0.0.1:50337
TpTrace Verbose: 0 : 15352, 8, 2019/07/03, 13:29:25.766, 17984595057362, testhost.dll, TcpClientExtensions.MessageLoopAsync: Polling on remoteEndPoint: 127.0.0.1:50330 localEndPoint: 127.0.0.1:50337
TpTrace Verbose: 0 : 15352, 8, 2019/07/03, 13:29:26.766, 17984605057285, testhost.dll, TcpClientExtensions.MessageLoopAsync: Polling on remoteEndPoint: 127.0.0.1:50330 localEndPoint: 127.0.0.1:50337
TpTrace Verbose: 0 : 15352, 8, 2019/07/03, 13:29:27.766, 17984615057604, testhost.dll, TcpClientExtensions.MessageLoopAsync: Polling on remoteEndPoint: 127.0.0.1:50330 localEndPoint: 127.0.0.1:50337
TpTrace Verbose: 0 : 15352, 8, 2019/07/03, 13:29:28.767, 17984625067284, testhost.dll, TcpClientExtensions.MessageLoopAsync: Polling on remoteEndPoint: 127.0.0.1:50330 localEndPoint: 127.0.0.1:50337
TpTrace Verbose: 0 : 15352, 8, 2019/07/03, 13:29:29.767, 17984635067703, testhost.dll, TcpClientExtensions.MessageLoopAsync: Polling on remoteEndPoint: 127.0.0.1:50330 localEndPoint: 127.0.0.1:50337
TpTrace Verbose: 0 : 15352, 8, 2019/07/03, 13:29:30.768, 17984645077854, testhost.dll, TcpClientExtensions.MessageLoopAsync: Polling on remoteEndPoint: 127.0.0.1:50330 localEndPoint: 127.0.0.1:50337
TpTrace Verbose: 0 : 15352, 8, 2019/07/03, 13:29:31.769, 17984655087480, testhost.dll, TcpClientExtensions.MessageLoopAsync: Polling on remoteEndPoint: 127.0.0.1:50330 localEndPoint: 127.0.0.1:50337
TpTrace Verbose: 0 : 15352, 8, 2019/07/03, 13:29:32.769, 17984665088016, testhost.dll, TcpClientExtensions.MessageLoopAsync: Polling on remoteEndPoint: 127.0.0.1:50330 localEndPoint: 127.0.0.1:50337
TpTrace Verbose: 0 : 15352, 8, 2019/07/03, 13:29:33.770, 17984675097923, testhost.dll, TcpClientExtensions.MessageLoopAsync: Polling on remoteEndPoint: 127.0.0.1:50330 localEndPoint: 127.0.0.1:50337
TpTrace Verbose: 0 : 15352, 3, 2019/07/03, 13:29:34.368, 17984681082852, testhost.dll, TestExecutionRecorder.RecordEnd: test: Microsoft.Carina.KG.DevStudio.Core.UnitTest.OntologyBuilder.TestTslCompilerJob.TestCompilerTsl execution completed.
TpTrace Warning: 0 : 15352, 3, 2019/07/03, 13:29:34.368, 17984681086514, testhost.dll, InProgressTests is null
TpTrace Verbose: 0 : 15352, 3, 2019/07/03, 13:29:34.369, 17984681088554, testhost.dll, TestExecutionRecorder.RecordResult: Received result for test: Microsoft.Carina.KG.DevStudio.Core.UnitTest.OntologyBuilder.TestTslCompilerJob.TestCompilerTsl.
TpTrace Warning: 0 : 15352, 3, 2019/07/03, 13:29:34.369, 17984681090428, testhost.dll, InProgressTests is null
TpTrace Warning: 0 : 15352, 3, 2019/07/03, 13:29:34.369, 17984681092569, testhost.dll, TestRunCache: No test found corresponding to testResult 'TestCompilerTsl  Passed
  Test Messages:
  StdOutMsgs:
[Info]   Restore completed in 76.27 ms for D:\projects\DevStudio\DevStudio.Core.UnitTest\bin\Debug\netcoreapp2.0\TslCompiler.Clr.csproj.
[Info] 
[Error] 
Restore TslCompiler.Clr.csproj done
publishProcess.ExitCode:0
Publish TslCompiler.Clr.csproj done
' in inProgress list.
TpTrace Verbose: 0 : 15352, 3, 2019/07/03, 13:29:34.369, 17984681095100, testhost.dll, TestExecutionRecorder.RecordStart: Starting test: Microsoft.Carina.KG.DevStudio.Core.UnitTest.DataValidator.TestValidateDataJob.TestValidateData.
TpTrace Information: 0 : 15352, 3, 2019/07/03, 13:29:34.370, 17984681097147, testhost.dll, Sending test run statistics
TpTrace Verbose: 0 : 15352, 3, 2019/07/03, 13:29:34.370, 17984681106304, testhost.dll, TestRequestHandler.SendData:  sending data from testhost: {"Version":2,"MessageType":"TestExecution.StatsChange","Payload":{"NewTestResults":[{"TestCase":{"Id":"762e1678-351d-b9f6-8972-7b79c95e6eee","FullyQualifiedName":"Microsoft.Carina.KG.DevStudio.Core.UnitTest.OntologyBuilder.TestTslCompilerJob.TestCompilerTsl","DisplayName":"TestCompilerTsl","ExecutorUri":"executor://MSTestAdapter/v2","Source":"D:\\projects\\DevStudio\\DevStudio.Core.UnitTest\\bin\\Debug\\netcoreapp2.0\\Microsoft.Carina.KG.DevStudio.Core.UnitTest.dll","CodeFilePath":null,"LineNumber":-1,"Properties":[{"Key":{"Id":"MSTestDiscoverer.TestClassName","Label":"ClassName","Category":"","Description":"","Attributes":1,"ValueType":"System.String"},"Value":"Microsoft.Carina.KG.DevStudio.Core.UnitTest.OntologyBuilder.TestTslCompilerJob"},{"Key":{"Id":"TestObject.Traits","Label":"Traits","Category":"","Description":"","Attributes":5,"ValueType":"System.Collections.Generic.KeyValuePair`2[[System.String],[System.String]][]"},"Value":[]}]},"Attachments":[],"Outcome":1,"ErrorMessage":null,"ErrorStackTrace":null,"DisplayName":null,"Messages":[{"Category":"StdOutMsgs","Text":"[Info]   Restore completed in 76.27 ms for D:\\projects\\DevStudio\\DevStudio.Core.UnitTest\\bin\\Debug\\netcoreapp2.0\\TslCompiler.Clr.csproj.\r\n[Info] \r\n[Error] \r\nRestore TslCompiler.Clr.csproj done\r\npublishProcess.ExitCode:0\r\nPublish TslCompiler.Clr.csproj done\r\n"}],"ComputerName":null,"Duration":"00:00:24.1471723","StartTime":"2019-07-03T13:29:10.2214968+08:00","EndTime":"2019-07-03T13:29:34.3685108+08:00","Properties":[]}],"TestRunStatistics":{"ExecutedTests":8,"Stats":{"Passed":8}},"ActiveTests":[{"Id":"9fbc41f3-bf3f-3098-1908-43d5429db68a","FullyQualifiedName":"Microsoft.Carina.KG.DevStudio.Core.UnitTest.DataValidator.TestValidateDataJob.TestValidateData","DisplayName":"TestValidateData","ExecutorUri":"executor://MSTestAdapter/v2","Source":"D:\\projects\\DevStudio\\DevStudio.Core.UnitTest\\bin\\Debug\\netcoreapp2.0\\Microsoft.Carina.KG.DevStudio.Core.UnitTest.dll","CodeFilePath":null,"LineNumber":-1,"Properties":[{"Key":{"Id":"MSTestDiscoverer.TestClassName","Label":"ClassName","Category":"","Description":"","Attributes":1,"ValueType":"System.String"},"Value":"Microsoft.Carina.KG.DevStudio.Core.UnitTest.DataValidator.TestValidateDataJob"},{"Key":{"Id":"TestObject.Traits","Label":"Traits","Category":"","Description":"","Attributes":5,"ValueType":"System.Collections.Generic.KeyValuePair`2[[System.String],[System.String]][]"},"Value":[]}]}]}}
TpTrace Verbose: 0 : 15352, 3, 2019/07/03, 13:29:34.371, 17984681111566, testhost.dll, TestRunCache: OnNewTestResult: Notified the onCacheHit callback.
TpTrace Verbose: 0 : 15352, 3, 2019/07/03, 13:29:34.464, 17984682040235, testhost.dll, TestExecutionRecorder.RecordEnd: test: Microsoft.Carina.KG.DevStudio.Core.UnitTest.DataValidator.TestValidateDataJob.TestValidateData execution completed.
TpTrace Warning: 0 : 15352, 3, 2019/07/03, 13:29:34.464, 17984682043557, testhost.dll, InProgressTests is null
TpTrace Verbose: 0 : 15352, 3, 2019/07/03, 13:29:34.464, 17984682045523, testhost.dll, TestExecutionRecorder.RecordResult: Received result for test: Microsoft.Carina.KG.DevStudio.Core.UnitTest.DataValidator.TestValidateDataJob.TestValidateData.
TpTrace Warning: 0 : 15352, 3, 2019/07/03, 13:29:34.465, 17984682047991, testhost.dll, InProgressTests is null
TpTrace Warning: 0 : 15352, 3, 2019/07/03, 13:29:34.465, 17984682049999, testhost.dll, TestRunCache: No test found corresponding to testResult 'TestValidateData  Passed
  Test Messages:
  StdOutMsgs:
Start validate good.ttl
[TTL Parser] Validate Result: Pass
Start generate schema
Successfully generate schema
[Undefined Object] Validate Result: Pass
[No Type Cell] Validate Result: Pass
[Single Type Cell] Validate Result: Pass
[Multi Type Cell] Validate Result: Pass
All Pass
Append single type done
' in inProgress list.
TpTrace Verbose: 0 : 15352, 3, 2019/07/03, 13:29:34.465, 17984682052299, testhost.dll, TestExecutionRecorder.RecordStart: Starting test: Microsoft.Carina.KG.DevStudio.Core.UnitTest.DataValidator.TestValidators.TestValidatorFactory.
TpTrace Verbose: 0 : 15352, 3, 2019/07/03, 13:29:34.530, 17984682700678, testhost.dll, TestExecutionRecorder.RecordEnd: test: Microsoft.Carina.KG.DevStudio.Core.UnitTest.DataValidator.TestValidators.TestValidatorFactory execution completed.
TpTrace Verbose: 0 : 15352, 3, 2019/07/03, 13:29:34.530, 17984682703816, testhost.dll, TestExecutionRecorder.RecordResult: Received result for test: Microsoft.Carina.KG.DevStudio.Core.UnitTest.DataValidator.TestValidators.TestValidatorFactory.
TpTrace Warning: 0 : 15352, 3, 2019/07/03, 13:29:34.530, 17984682705791, testhost.dll, InProgressTests is null
TpTrace Warning: 0 : 15352, 3, 2019/07/03, 13:29:34.531, 17984682707989, testhost.dll, TestRunCache: No test found corresponding to testResult 'TestValidatorFactory  Passed' in inProgress list.
TpTrace Verbose: 0 : 15352, 3, 2019/07/03, 13:29:34.531, 17984682710083, testhost.dll, TestExecutionRecorder.RecordStart: Starting test: Microsoft.Carina.KG.DevStudio.Core.UnitTest.DataValidator.TestValidators.TestParserValidator.
TpTrace Verbose: 0 : 15352, 3, 2019/07/03, 13:29:34.652, 17984683920386, testhost.dll, TestExecutionRecorder.RecordEnd: test: Microsoft.Carina.KG.DevStudio.Core.UnitTest.DataValidator.TestValidators.TestParserValidator execution completed.
TpTrace Verbose: 0 : 15352, 3, 2019/07/03, 13:29:34.652, 17984683924756, testhost.dll, TestExecutionRecorder.RecordResult: Received result for test: Microsoft.Carina.KG.DevStudio.Core.UnitTest.DataValidator.TestValidators.TestParserValidator.
TpTrace Warning: 0 : 15352, 3, 2019/07/03, 13:29:34.653, 17984683927851, testhost.dll, InProgressTests is null
TpTrace Warning: 0 : 15352, 3, 2019/07/03, 13:29:34.653, 17984683931517, testhost.dll, TestRunCache: No test found corresponding to testResult 'TestParserValidator  Passed
  Test Messages:
  StdOutMsgs:
[TTL Parser] Validate Result: Pass
[TTL Parser] Validate Result: Fail
VDS.RDF.Parsing.RdfParseException: [UriToken at Line 2 Column 2 to Line 2 Column 69] Unexpected Token 'VDS.RDF.Parsing.Tokens.UriToken' encountered while trying to parse an Object list, expected a comma, semicolon or dot to terminate the current Triple
   at VDS.RDF.Parsing.TurtleParser.TryParseObjectList(TurtleParserContext context, INode subj, INode pred, Boolean bnodeList)
   at VDS.RDF.Parsing.TurtleParser.TryParsePredicateObjectList(TurtleParserContext context, INode subj, Boolean bnodeList)
   at VDS.RDF.Parsing.TurtleParser.Parse(TurtleParserContext context)
   at VDS.RDF.Parsing.TurtleParser.Load(IRdfHandler handler, TextReader input)
   at Microsoft.Carina.KG.DevStudio.Core.DataValidator.ParserValidator.Execute()
' in inProgress list.
TpTrace Verbose: 0 : 15352, 3, 2019/07/03, 13:29:34.653, 17984683934842, testhost.dll, TestExecutionRecorder.RecordStart: Starting test: Microsoft.Carina.KG.DevStudio.Core.UnitTest.DataValidator.TestValidators.TestMultiTypeCellValidator.
TpTrace Verbose: 0 : 15352, 3, 2019/07/03, 13:29:34.734, 17984684740180, testhost.dll, TestExecutionRecorder.RecordEnd: test: Microsoft.Carina.KG.DevStudio.Core.UnitTest.DataValidator.TestValidators.TestMultiTypeCellValidator execution completed.
TpTrace Verbose: 0 : 15352, 3, 2019/07/03, 13:29:34.734, 17984684743235, testhost.dll, TestExecutionRecorder.RecordResult: Received result for test: Microsoft.Carina.KG.DevStudio.Core.UnitTest.DataValidator.TestValidators.TestMultiTypeCellValidator.
TpTrace Warning: 0 : 15352, 3, 2019/07/03, 13:29:34.734, 17984684745372, testhost.dll, InProgressTests is null
TpTrace Warning: 0 : 15352, 3, 2019/07/03, 13:29:34.735, 17984684747610, testhost.dll, TestRunCache: No test found corresponding to testResult 'TestMultiTypeCellValidator  Passed
  Test Messages:
  StdOutMsgs:
[Multi Type Cell] Validate Result: Pass
[Multi Type Cell] Validate Result: Fail
http://knowledge.microsoft.com/573161c3-7de0-32f2-a51e-a9fb8b4da9a9 no type can cover all properties
cell has type [people.gender|people.cause_of_death]
[people.gender] does not contain property [people.person.date_of_birth|people.person.date_of_death|book.written_work.tag|people.person.zi]
[people.cause_of_death] does not contain property [people.person.date_of_birth|people.person.date_of_death|book.written_work.tag|people.person.zi]

' in inProgress list.
TpTrace Verbose: 0 : 15352, 3, 2019/07/03, 13:29:34.735, 17984684749945, testhost.dll, TestExecutionRecorder.RecordStart: Starting test: Microsoft.Carina.KG.DevStudio.Core.UnitTest.DataValidator.TestValidators.TestNoTypeCellValidator.
TpTrace Verbose: 0 : 15352, 8, 2019/07/03, 13:29:34.771, 17984685107465, testhost.dll, TcpClientExtensions.MessageLoopAsync: Polling on remoteEndPoint: 127.0.0.1:50330 localEndPoint: 127.0.0.1:50337
TpTrace Verbose: 0 : 15352, 3, 2019/07/03, 13:29:34.809, 17984685491741, testhost.dll, TestExecutionRecorder.RecordEnd: test: Microsoft.Carina.KG.DevStudio.Core.UnitTest.DataValidator.TestValidators.TestNoTypeCellValidator execution completed.
TpTrace Verbose: 0 : 15352, 3, 2019/07/03, 13:29:34.809, 17984685494860, testhost.dll, TestExecutionRecorder.RecordResult: Received result for test: Microsoft.Carina.KG.DevStudio.Core.UnitTest.DataValidator.TestValidators.TestNoTypeCellValidator.
TpTrace Warning: 0 : 15352, 3, 2019/07/03, 13:29:34.809, 17984685497359, testhost.dll, InProgressTests is null
TpTrace Warning: 0 : 15352, 3, 2019/07/03, 13:29:34.810, 17984685499388, testhost.dll, TestRunCache: No test found corresponding to testResult 'TestNoTypeCellValidator  Passed
  Test Messages:
  StdOutMsgs:
[No Type Cell] Validate Result: Pass
[No Type Cell] Validate Result: Fail
Exist no type cell, please check
http://knowledge.microsoft.com/0c77c34e-2c7f-3b92-8769-1bbb214afd6a

' in inProgress list.
TpTrace Verbose: 0 : 15352, 3, 2019/07/03, 13:29:34.810, 17984685501733, testhost.dll, TestExecutionRecorder.RecordStart: Starting test: Microsoft.Carina.KG.DevStudio.Core.UnitTest.DataValidator.TestValidators.TestSingleTypeCellValidator.
TpTrace Verbose: 0 : 15352, 3, 2019/07/03, 13:29:34.890, 17984686299709, testhost.dll, TestExecutionRecorder.RecordEnd: test: Microsoft.Carina.KG.DevStudio.Core.UnitTest.DataValidator.TestValidators.TestSingleTypeCellValidator execution completed.
TpTrace Verbose: 0 : 15352, 3, 2019/07/03, 13:29:34.890, 17984686303285, testhost.dll, TestExecutionRecorder.RecordResult: Received result for test: Microsoft.Carina.KG.DevStudio.Core.UnitTest.DataValidator.TestValidators.TestSingleTypeCellValidator.
TpTrace Warning: 0 : 15352, 3, 2019/07/03, 13:29:34.890, 17984686305499, testhost.dll, InProgressTests is null
TpTrace Warning: 0 : 15352, 3, 2019/07/03, 13:29:34.891, 17984686307908, testhost.dll, TestRunCache: No test found corresponding to testResult 'TestSingleTypeCellValidator  Passed
  Test Messages:
  StdOutMsgs:
[Single Type Cell] Validate Result: Pass
[Single Type Cell] Validate Result: Fail
Exist undefined cell type or property, please check.
http://knowledge.microsoft.com/0c77c34e-2c7f-3b92-8769-1bbb214afd6a
[people__person] does not contain property [book.written_work.creation_time|book.written_work.author|book.written_work.contents|book.written_work.translation|book.written_work.tag]
recommended type: [book.written_work]

' in inProgress list.
TpTrace Verbose: 0 : 15352, 3, 2019/07/03, 13:29:34.891, 17984686310419, testhost.dll, TestExecutionRecorder.RecordStart: Starting test: Microsoft.Carina.KG.DevStudio.Core.UnitTest.DataValidator.TestValidators.TestUndefinedObjectValidator.
TpTrace Verbose: 0 : 15352, 3, 2019/07/03, 13:29:34.975, 17984687151380, testhost.dll, TestExecutionRecorder.RecordEnd: test: Microsoft.Carina.KG.DevStudio.Core.UnitTest.DataValidator.TestValidators.TestUndefinedObjectValidator execution completed.
TpTrace Verbose: 0 : 15352, 3, 2019/07/03, 13:29:34.975, 17984687154618, testhost.dll, TestExecutionRecorder.RecordResult: Received result for test: Microsoft.Carina.KG.DevStudio.Core.UnitTest.DataValidator.TestValidators.TestUndefinedObjectValidator.
TpTrace Warning: 0 : 15352, 3, 2019/07/03, 13:29:34.975, 17984687156590, testhost.dll, InProgressTests is null
TpTrace Warning: 0 : 15352, 3, 2019/07/03, 13:29:34.976, 17984687158911, testhost.dll, TestRunCache: No test found corresponding to testResult 'TestUndefinedObjectValidator  Passed
  Test Messages:
  StdOutMsgs:
[Undefined Object] Validate Result: Pass
[Undefined Object] Validate Result: Fail
Exist undefined object, please check.
http://knowledge.microsoft.com/073161c3-7de0-32f2-a51e-a9fb8b4da9a9

' in inProgress list.
TpTrace Verbose: 0 : 15352, 3, 2019/07/03, 13:29:34.978, 17984687180438, testhost.dll, BaseRunTests.RunTestInternalWithExecutors: Completed running tests for executor://MSTestAdapter/v2
TpTrace Information: 0 : 15352, 3, 2019/07/03, 13:29:34.985, 17984687255359, testhost.dll, Sending test run complete
TpTrace Verbose: 0 : 15352, 3, 2019/07/03, 13:29:35.012, 17984687525944, testhost.dll, TestRequestHandler.SendData:  sending data from testhost: {"Version":2,"MessageType":"TestExecution.Completed","Payload":{"TestRunCompleteArgs":{"TestRunStatistics":{"ExecutedTests":15,"Stats":{"Passed":15}},"IsCanceled":false,"IsAborted":false,"Error":null,"AttachmentSets":[],"ElapsedTimeInRunningTests":"00:00:44.9802311","Metrics":{}},"LastRunTests":{"NewTestResults":[{"TestCase":{"Id":"9fbc41f3-bf3f-3098-1908-43d5429db68a","FullyQualifiedName":"Microsoft.Carina.KG.DevStudio.Core.UnitTest.DataValidator.TestValidateDataJob.TestValidateData","DisplayName":"TestValidateData","ExecutorUri":"executor://MSTestAdapter/v2","Source":"D:\\projects\\DevStudio\\DevStudio.Core.UnitTest\\bin\\Debug\\netcoreapp2.0\\Microsoft.Carina.KG.DevStudio.Core.UnitTest.dll","CodeFilePath":null,"LineNumber":-1,"Properties":[{"Key":{"Id":"MSTestDiscoverer.TestClassName","Label":"ClassName","Category":"","Description":"","Attributes":1,"ValueType":"System.String"},"Value":"Microsoft.Carina.KG.DevStudio.Core.UnitTest.DataValidator.TestValidateDataJob"},{"Key":{"Id":"TestObject.Traits","Label":"Traits","Category":"","Description":"","Attributes":5,"ValueType":"System.Collections.Generic.KeyValuePair`2[[System.String],[System.String]][]"},"Value":[]}]},"Attachments":[],"Outcome":1,"ErrorMessage":null,"ErrorStackTrace":null,"DisplayName":null,"Messages":[{"Category":"StdOutMsgs","Text":"Start validate good.ttl\r\n[TTL Parser] Validate Result: Pass\r\nStart generate schema\r\nSuccessfully generate schema\r\n[Undefined Object] Validate Result: Pass\r\n[No Type Cell] Validate Result: Pass\r\n[Single Type Cell] Validate Result: Pass\r\n[Multi Type Cell] Validate Result: Pass\r\nAll Pass\r\nAppend single type done\r\n"}],"ComputerName":null,"Duration":"00:00:00.0905675","StartTime":"2019-07-03T13:29:34.371875+08:00","EndTime":"2019-07-03T13:29:34.4642962+08:00","Properties":[]},{"TestCase":{"Id":"00594a85-df0b-2648-1e06-3414ad64beda","FullyQualifiedName":"Microsoft.Carina.KG.DevStudio.Core.UnitTest.DataValidator.TestValidators.TestValidatorFactory","DisplayName":"TestValidatorFactory","ExecutorUri":"executor://MSTestAdapter/v2","Source":"D:\\projects\\DevStudio\\DevStudio.Core.UnitTest\\bin\\Debug\\netcoreapp2.0\\Microsoft.Carina.KG.DevStudio.Core.UnitTest.dll","CodeFilePath":null,"LineNumber":-1,"Properties":[{"Key":{"Id":"MSTestDiscoverer.TestClassName","Label":"ClassName","Category":"","Description":"","Attributes":1,"ValueType":"System.String"},"Value":"Microsoft.Carina.KG.DevStudio.Core.UnitTest.DataValidator.TestValidators"},{"Key":{"Id":"TestObject.Traits","Label":"Traits","Category":"","Description":"","Attributes":5,"ValueType":"System.Collections.Generic.KeyValuePair`2[[System.String],[System.String]][]"},"Value":[]}]},"Attachments":[],"Outcome":1,"ErrorMessage":null,"ErrorStackTrace":null,"DisplayName":null,"Messages":[],"ComputerName":null,"Duration":"00:00:00.0639743","StartTime":"2019-07-03T13:29:34.4657173+08:00","EndTime":"2019-07-03T13:29:34.5303443+08:00","Properties":[]},{"TestCase":{"Id":"61e4cfab-0666-d49b-1f5f-084a1e2bd4d1","FullyQualifiedName":"Microsoft.Carina.KG.DevStudio.Core.UnitTest.DataValidator.TestValidators.TestParserValidator","DisplayName":"TestParserValidator","ExecutorUri":"executor://MSTestAdapter/v2","Source":"D:\\projects\\DevStudio\\DevStudio.Core.UnitTest\\bin\\Debug\\netcoreapp2.0\\Microsoft.Carina.KG.DevStudio.Core.UnitTest.dll","CodeFilePath":null,"LineNumber":-1,"Properties":[{"Key":{"Id":"MSTestDiscoverer.TestClassName","Label":"ClassName","Category":"","Description":"","Attributes":1,"ValueType":"System.String"},"Value":"Microsoft.Carina.KG.DevStudio.Core.UnitTest.DataValidator.TestValidators"},{"Key":{"Id":"TestObject.Traits","Label":"Traits","Category":"","Description":"","Attributes":5,"ValueType":"System.Collections.Generic.KeyValuePair`2[[System.String],[System.String]][]"},"Value":[]}]},"Attachments":[],"Outcome":1,"ErrorMessage":null,"ErrorStackTrace":null,"DisplayName":null,"Messages":[{"Category":"StdOutMsgs","Text":"[TTL Parser] Validate Result: Pass\r\n[TTL Parser] Validate Result: Fail\r\nVDS.RDF.Parsing.RdfParseException: [UriToken at Line 2 Column 2 to Line 2 Column 69] Unexpected Token 'VDS.RDF.Parsing.Tokens.UriToken' encountered while trying to parse an Object list, expected a comma, semicolon or dot to terminate the current Triple\r\n   at VDS.RDF.Parsing.TurtleParser.TryParseObjectList(TurtleParserContext context, INode subj, INode pred, Boolean bnodeList)\r\n   at VDS.RDF.Parsing.TurtleParser.TryParsePredicateObjectList(TurtleParserContext context, INode subj, Boolean bnodeList)\r\n   at VDS.RDF.Parsing.TurtleParser.Parse(TurtleParserContext context)\r\n   at VDS.RDF.Parsing.TurtleParser.Load(IRdfHandler handler, TextReader input)\r\n   at Microsoft.Carina.KG.DevStudio.Core.DataValidator.ParserValidator.Execute()\r\n"}],"ComputerName":null,"Duration":"00:00:00.1205714","StartTime":"2019-07-03T13:29:34.5314838+08:00","EndTime":"2019-07-03T13:29:34.6522844+08:00","Properties":[]},{"TestCase":{"Id":"2fed9e38-cc9c-a317-7716-182586e3dcf5","FullyQualifiedName":"Microsoft.Carina.KG.DevStudio.Core.UnitTest.DataValidator.TestValidators.TestMultiTypeCellValidator","DisplayName":"TestMultiTypeCellValidator","ExecutorUri":"executor://MSTestAdapter/v2","Source":"D:\\projects\\DevStudio\\DevStudio.Core.UnitTest\\bin\\Debug\\netcoreapp2.0\\Microsoft.Carina.KG.DevStudio.Core.UnitTest.dll","CodeFilePath":null,"LineNumber":-1,"Properties":[{"Key":{"Id":"MSTestDiscoverer.TestClassName","Label":"ClassName","Category":"","Description":"","Attributes":1,"ValueType":"System.String"},"Value":"Microsoft.Carina.KG.DevStudio.Core.UnitTest.DataValidator.TestValidators"},{"Key":{"Id":"TestObject.Traits","Label":"Traits","Category":"","Description":"","Attributes":5,"ValueType":"System.Collections.Generic.KeyValuePair`2[[System.String],[System.String]][]"},"Value":[]}]},"Attachments":[],"Outcome":1,"ErrorMessage":null,"ErrorStackTrace":null,"DisplayName":null,"Messages":[{"Category":"StdOutMsgs","Text":"[Multi Type Cell] Validate Result: Pass\r\n[Multi Type Cell] Validate Result: Fail\r\nhttp://knowledge.microsoft.com/573161c3-7de0-32f2-a51e-a9fb8b4da9a9 no type can cover all properties\ncell has type [people.gender|people.cause_of_death]\n[people.gender] does not contain property [people.person.date_of_birth|people.person.date_of_death|book.written_work.tag|people.person.zi]\n[people.cause_of_death] does not contain property [people.person.date_of_birth|people.person.date_of_death|book.written_work.tag|people.person.zi]\n\r\n"}],"ComputerName":null,"Duration":"00:00:00.0800189","StartTime":"2019-07-03T13:29:34.6539614+08:00","EndTime":"2019-07-03T13:29:34.7342661+08:00","Properties":[]},{"TestCase":{"Id":"e3acfac6-1043-60bb-f3c4-f4a5b11e80d8","FullyQualifiedName":"Microsoft.Carina.KG.DevStudio.Core.UnitTest.DataValidator.TestValidators.TestNoTypeCellValidator","DisplayName":"TestNoTypeCellValidator","ExecutorUri":"executor://MSTestAdapter/v2","Source":"D:\\projects\\DevStudio\\DevStudio.Core.UnitTest\\bin\\Debug\\netcoreapp2.0\\Microsoft.Carina.KG.DevStudio.Core.UnitTest.dll","CodeFilePath":null,"LineNumber":-1,"Properties":[{"Key":{"Id":"MSTestDiscoverer.TestClassName","Label":"ClassName","Category":"","Description":"","Attributes":1,"ValueType":"System.String"},"Value":"Microsoft.Carina.KG.DevStudio.Core.UnitTest.DataValidator.TestValidators"},{"Key":{"Id":"TestObject.Traits","Label":"Traits","Category":"","Description":"","Attributes":5,"ValueType":"System.Collections.Generic.KeyValuePair`2[[System.String],[System.String]][]"},"Value":[]}]},"Attachments":[],"Outcome":1,"ErrorMessage":null,"ErrorStackTrace":null,"DisplayName":null,"Messages":[{"Category":"StdOutMsgs","Text":"[No Type Cell] Validate Result: Pass\r\n[No Type Cell] Validate Result: Fail\r\nExist no type cell, please check\r\nhttp://knowledge.microsoft.com/0c77c34e-2c7f-3b92-8769-1bbb214afd6a\n\r\n"}],"ComputerName":null,"Duration":"00:00:00.0737144","StartTime":"2019-07-03T13:29:34.7354485+08:00","EndTime":"2019-07-03T13:29:34.8094113+08:00","Properties":[]},{"TestCase":{"Id":"b910142d-645e-7d0e-d9ff-f52aea94741e","FullyQualifiedName":"Microsoft.Carina.KG.DevStudio.Core.UnitTest.DataValidator.TestValidators.TestSingleTypeCellValidator","DisplayName":"TestSingleTypeCellValidator","ExecutorUri":"executor://MSTestAdapter/v2","Source":"D:\\projects\\DevStudio\\DevStudio.Core.UnitTest\\bin\\Debug\\netcoreapp2.0\\Microsoft.Carina.KG.DevStudio.Core.UnitTest.dll","CodeFilePath":null,"LineNumber":-1,"Properties":[{"Key":{"Id":"MSTestDiscoverer.TestClassName","Label":"ClassName","Category":"","Description":"","Attributes":1,"ValueType":"System.String"},"Value":"Microsoft.Carina.KG.DevStudio.Core.UnitTest.DataValidator.TestValidators"},{"Key":{"Id":"TestObject.Traits","Label":"Traits","Category":"","Description":"","Attributes":5,"ValueType":"System.Collections.Generic.KeyValuePair`2[[System.String],[System.String]][]"},"Value":[]}]},"Attachments":[],"Outcome":1,"ErrorMessage":null,"ErrorStackTrace":null,"DisplayName":null,"Messages":[{"Category":"StdOutMsgs","Text":"[Single Type Cell] Validate Result: Pass\r\n[Single Type Cell] Validate Result: Fail\r\nExist undefined cell type or property, please check.\r\nhttp://knowledge.microsoft.com/0c77c34e-2c7f-3b92-8769-1bbb214afd6a\n[people__person] does not contain property [book.written_work.creation_time|book.written_work.author|book.written_work.contents|book.written_work.translation|book.written_work.tag]\nrecommended type: [book.written_work]\n\r\n"}],"ComputerName":null,"Duration":"00:00:00.0792975","StartTime":"2019-07-03T13:29:34.8106198+08:00","EndTime":"2019-07-03T13:29:34.8901943+08:00","Properties":[]},{"TestCase":{"Id":"0edca54b-e7b8-e96a-3c50-a72295a63913","FullyQualifiedName":"Microsoft.Carina.KG.DevStudio.Core.UnitTest.DataValidator.TestValidators.TestUndefinedObjectValidator","DisplayName":"TestUndefinedObjectValidator","ExecutorUri":"executor://MSTestAdapter/v2","Source":"D:\\projects\\DevStudio\\DevStudio.Core.UnitTest\\bin\\Debug\\netcoreapp2.0\\Microsoft.Carina.KG.DevStudio.Core.UnitTest.dll","CodeFilePath":null,"LineNumber":-1,"Properties":[{"Key":{"Id":"MSTestDiscoverer.TestClassName","Label":"ClassName","Category":"","Description":"","Attributes":1,"ValueType":"System.String"},"Value":"Microsoft.Carina.KG.DevStudio.Core.UnitTest.DataValidator.TestValidators"},{"Key":{"Id":"TestObject.Traits","Label":"Traits","Category":"","Description":"","Attributes":5,"ValueType":"System.Collections.Generic.KeyValuePair`2[[System.String],[System.String]][]"},"Value":[]}]},"Attachments":[],"Outcome":1,"ErrorMessage":null,"ErrorStackTrace":null,"DisplayName":null,"Messages":[{"Category":"StdOutMsgs","Text":"[Undefined Object] Validate Result: Pass\r\n[Undefined Object] Validate Result: Fail\r\nExist undefined object, please check.\r\nhttp://knowledge.microsoft.com/073161c3-7de0-32f2-a51e-a9fb8b4da9a9\n\r\n"}],"ComputerName":null,"Duration":"00:00:00.0762862","StartTime":"2019-07-03T13:29:34.8914924+08:00","EndTime":"2019-07-03T13:29:34.9680782+08:00","Properties":[]}],"TestRunStatistics":{"ExecutedTests":15,"Stats":{"Passed":15}},"ActiveTests":[]},"RunAttachments":[],"ExecutorUris":["executor://mstestadapter/v2"]}}
TpTrace Verbose: 0 : 15352, 3, 2019/07/03, 13:29:35.014, 17984687545989, testhost.dll, BaseRunTests.RunTests: Run is complete.
TpTrace Verbose: 0 : 15352, 8, 2019/07/03, 13:29:35.017, 17984687572273, testhost.dll, TcpClientExtensions.MessageLoopAsync: NotifyDataAvailable remoteEndPoint: 127.0.0.1:50330 localEndPoint: 127.0.0.1:50337
TpTrace Information: 0 : 15352, 8, 2019/07/03, 13:29:35.017, 17984687576339, testhost.dll, TestRequestHandler.ProcessRequests: received message: (TestSession.Terminate) -> null
TpTrace Information: 0 : 15352, 8, 2019/07/03, 13:29:35.018, 17984687578570, testhost.dll, Session End message received from server. Closing the connection.
TpTrace Information: 0 : 15352, 8, 2019/07/03, 13:29:35.020, 17984687597854, testhost.dll, SocketClient.Stop: Stop communication from server endpoint: 127.0.0.1:050330
TpTrace Information: 0 : 15352, 1, 2019/07/03, 13:29:35.020, 17984687598119, testhost.dll, SocketClient.Stop: Stop communication from server endpoint: 127.0.0.1:050330
TpTrace Information: 0 : 15352, 1, 2019/07/03, 13:29:35.020, 17984687603481, testhost.dll, SocketClient: Stop: Cancellation requested. Stopping message loop.
TpTrace Information: 0 : 15352, 8, 2019/07/03, 13:29:35.020, 17984687600623, testhost.dll, SocketClient: Stop: Cancellation requested. Stopping message loop.
TpTrace Verbose: 0 : 15352, 1, 2019/07/03, 13:29:35.021, 17984687611024, testhost.dll, LengthPrefixCommunicationChannel.Dispose: Dispose reader and writer.
TpTrace Information: 0 : 15352, 1, 2019/07/03, 13:29:35.021, 17984687616521, testhost.dll, Testhost process exiting.
TpTrace Verbose: 0 : 15352, 8, 2019/07/03, 13:29:35.021, 17984687611187, testhost.dll, LengthPrefixCommunicationChannel.Dispose: Dispose reader and writer.
TpTrace Information: 0 : 15352, 8, 2019/07/03, 13:29:35.023, 17984687630832, testhost.dll, Closing the connection !
